<testsuites id="" name="" tests="117" failures="81" skipped="0" errors="0" time="2342.6117969999996">
<testsuite name="admin\subscription-management.spec.js" timestamp="2025-10-21T07:32:30.514Z" hostname="chromium" tests="19" failures="18" skipped="0" time="566.684" errors="0">
<testcase name="Admin Subscription Management › should display subscription management page" classname="admin\subscription-management.spec.js" time="32.35">
<failure message="subscription-management.spec.js:24:3 should display subscription management page" type="FAILURE">
<![CDATA[  [chromium] › admin\subscription-management.spec.js:24:3 › Admin Subscription Management › should display subscription management page 

    Test timeout of 30000ms exceeded while running "beforeEach" hook.

      17 |
      18 | test.describe('Admin Subscription Management', () => {
    > 19 |   test.beforeEach(async ({ page }) => {
         |        ^
      20 |     await loginAsAdmin(page);
      21 |     await page.goto('/settings?tab=subscriptions');
      22 |   });
        at C:\Users\ricka\Downloads\performile-platform-main\performile-platform-main\e2e-tests\tests\admin\subscription-management.spec.js:19:8

    Error: page.waitForURL: Test timeout of 30000ms exceeded.
    =========================== logs ===========================
    waiting for navigation to "**/dashboard" until "load"
    ============================================================

      13 |   await page.fill('input[name="password"]', 'AdminPassword123!');
      14 |   await page.click('button[type="submit"]');
    > 15 |   await page.waitForURL('**/dashboard');
         |              ^
      16 | }
      17 |
      18 | test.describe('Admin Subscription Management', () => {
        at loginAsAdmin (C:\Users\ricka\Downloads\performile-platform-main\performile-platform-main\e2e-tests\tests\admin\subscription-management.spec.js:15:14)
        at C:\Users\ricka\Downloads\performile-platform-main\performile-platform-main\e2e-tests\tests\admin\subscription-management.spec.js:20:5

    attachment #1: screenshot (image/png) ──────────────────────────────────────────────────────────
    ..\test-results\admin-subscription-managem-e3a6b-ubscription-management-page-chromium\test-failed-1.png
    ────────────────────────────────────────────────────────────────────────────────────────────────

    attachment #2: video (video/webm) ──────────────────────────────────────────────────────────────
    ..\test-results\admin-subscription-managem-e3a6b-ubscription-management-page-chromium\video.webm
    ────────────────────────────────────────────────────────────────────────────────────────────────

    Error Context: ..\test-results\admin-subscription-managem-e3a6b-ubscription-management-page-chromium\error-context.md
]]>
</failure>
<system-out>
<![CDATA[
[[ATTACHMENT|test-results\admin-subscription-managem-e3a6b-ubscription-management-page-chromium\test-failed-1.png]]

[[ATTACHMENT|test-results\admin-subscription-managem-e3a6b-ubscription-management-page-chromium\video.webm]]

[[ATTACHMENT|test-results\admin-subscription-managem-e3a6b-ubscription-management-page-chromium\error-context.md]]
]]>
</system-out>
</testcase>
<testcase name="Admin Subscription Management › should display tabs for merchant and courier plans" classname="admin\subscription-management.spec.js" time="32.14">
<failure message="subscription-management.spec.js:29:3 should display tabs for merchant and courier plans" type="FAILURE">
<![CDATA[  [chromium] › admin\subscription-management.spec.js:29:3 › Admin Subscription Management › should display tabs for merchant and courier plans 

    Test timeout of 30000ms exceeded while running "beforeEach" hook.

      17 |
      18 | test.describe('Admin Subscription Management', () => {
    > 19 |   test.beforeEach(async ({ page }) => {
         |        ^
      20 |     await loginAsAdmin(page);
      21 |     await page.goto('/settings?tab=subscriptions');
      22 |   });
        at C:\Users\ricka\Downloads\performile-platform-main\performile-platform-main\e2e-tests\tests\admin\subscription-management.spec.js:19:8

    Error: page.waitForURL: Test timeout of 30000ms exceeded.
    =========================== logs ===========================
    waiting for navigation to "**/dashboard" until "load"
    ============================================================

      13 |   await page.fill('input[name="password"]', 'AdminPassword123!');
      14 |   await page.click('button[type="submit"]');
    > 15 |   await page.waitForURL('**/dashboard');
         |              ^
      16 | }
      17 |
      18 | test.describe('Admin Subscription Management', () => {
        at loginAsAdmin (C:\Users\ricka\Downloads\performile-platform-main\performile-platform-main\e2e-tests\tests\admin\subscription-management.spec.js:15:14)
        at C:\Users\ricka\Downloads\performile-platform-main\performile-platform-main\e2e-tests\tests\admin\subscription-management.spec.js:20:5

    attachment #1: screenshot (image/png) ──────────────────────────────────────────────────────────
    ..\test-results\admin-subscription-managem-7be05--merchant-and-courier-plans-chromium\test-failed-1.png
    ────────────────────────────────────────────────────────────────────────────────────────────────

    attachment #2: video (video/webm) ──────────────────────────────────────────────────────────────
    ..\test-results\admin-subscription-managem-7be05--merchant-and-courier-plans-chromium\video.webm
    ────────────────────────────────────────────────────────────────────────────────────────────────

    Error Context: ..\test-results\admin-subscription-managem-7be05--merchant-and-courier-plans-chromium\error-context.md
]]>
</failure>
<system-out>
<![CDATA[
[[ATTACHMENT|test-results\admin-subscription-managem-7be05--merchant-and-courier-plans-chromium\test-failed-1.png]]

[[ATTACHMENT|test-results\admin-subscription-managem-7be05--merchant-and-courier-plans-chromium\video.webm]]

[[ATTACHMENT|test-results\admin-subscription-managem-7be05--merchant-and-courier-plans-chromium\error-context.md]]
]]>
</system-out>
</testcase>
<testcase name="Admin Subscription Management › should display merchant plans in table" classname="admin\subscription-management.spec.js" time="32.431">
<failure message="subscription-management.spec.js:36:3 should display merchant plans in table" type="FAILURE">
<![CDATA[  [chromium] › admin\subscription-management.spec.js:36:3 › Admin Subscription Management › should display merchant plans in table 

    Test timeout of 30000ms exceeded while running "beforeEach" hook.

      17 |
      18 | test.describe('Admin Subscription Management', () => {
    > 19 |   test.beforeEach(async ({ page }) => {
         |        ^
      20 |     await loginAsAdmin(page);
      21 |     await page.goto('/settings?tab=subscriptions');
      22 |   });
        at C:\Users\ricka\Downloads\performile-platform-main\performile-platform-main\e2e-tests\tests\admin\subscription-management.spec.js:19:8

    Error: page.waitForURL: Test timeout of 30000ms exceeded.
    =========================== logs ===========================
    waiting for navigation to "**/dashboard" until "load"
    ============================================================

      13 |   await page.fill('input[name="password"]', 'AdminPassword123!');
      14 |   await page.click('button[type="submit"]');
    > 15 |   await page.waitForURL('**/dashboard');
         |              ^
      16 | }
      17 |
      18 | test.describe('Admin Subscription Management', () => {
        at loginAsAdmin (C:\Users\ricka\Downloads\performile-platform-main\performile-platform-main\e2e-tests\tests\admin\subscription-management.spec.js:15:14)
        at C:\Users\ricka\Downloads\performile-platform-main\performile-platform-main\e2e-tests\tests\admin\subscription-management.spec.js:20:5

    attachment #1: screenshot (image/png) ──────────────────────────────────────────────────────────
    ..\test-results\admin-subscription-managem-bbb7c-lay-merchant-plans-in-table-chromium\test-failed-1.png
    ────────────────────────────────────────────────────────────────────────────────────────────────

    attachment #2: video (video/webm) ──────────────────────────────────────────────────────────────
    ..\test-results\admin-subscription-managem-bbb7c-lay-merchant-plans-in-table-chromium\video.webm
    ────────────────────────────────────────────────────────────────────────────────────────────────

    Error Context: ..\test-results\admin-subscription-managem-bbb7c-lay-merchant-plans-in-table-chromium\error-context.md
]]>
</failure>
<system-out>
<![CDATA[
[[ATTACHMENT|test-results\admin-subscription-managem-bbb7c-lay-merchant-plans-in-table-chromium\test-failed-1.png]]

[[ATTACHMENT|test-results\admin-subscription-managem-bbb7c-lay-merchant-plans-in-table-chromium\video.webm]]

[[ATTACHMENT|test-results\admin-subscription-managem-bbb7c-lay-merchant-plans-in-table-chromium\error-context.md]]
]]>
</system-out>
</testcase>
<testcase name="Admin Subscription Management › should display courier plans when switching tabs" classname="admin\subscription-management.spec.js" time="32.422">
<failure message="subscription-management.spec.js:48:3 should display courier plans when switching tabs" type="FAILURE">
<![CDATA[  [chromium] › admin\subscription-management.spec.js:48:3 › Admin Subscription Management › should display courier plans when switching tabs 

    Test timeout of 30000ms exceeded while running "beforeEach" hook.

      17 |
      18 | test.describe('Admin Subscription Management', () => {
    > 19 |   test.beforeEach(async ({ page }) => {
         |        ^
      20 |     await loginAsAdmin(page);
      21 |     await page.goto('/settings?tab=subscriptions');
      22 |   });
        at C:\Users\ricka\Downloads\performile-platform-main\performile-platform-main\e2e-tests\tests\admin\subscription-management.spec.js:19:8

    Error: page.waitForURL: Test timeout of 30000ms exceeded.
    =========================== logs ===========================
    waiting for navigation to "**/dashboard" until "load"
    ============================================================

      13 |   await page.fill('input[name="password"]', 'AdminPassword123!');
      14 |   await page.click('button[type="submit"]');
    > 15 |   await page.waitForURL('**/dashboard');
         |              ^
      16 | }
      17 |
      18 | test.describe('Admin Subscription Management', () => {
        at loginAsAdmin (C:\Users\ricka\Downloads\performile-platform-main\performile-platform-main\e2e-tests\tests\admin\subscription-management.spec.js:15:14)
        at C:\Users\ricka\Downloads\performile-platform-main\performile-platform-main\e2e-tests\tests\admin\subscription-management.spec.js:20:5

    attachment #1: screenshot (image/png) ──────────────────────────────────────────────────────────
    ..\test-results\admin-subscription-managem-0767b-r-plans-when-switching-tabs-chromium\test-failed-1.png
    ────────────────────────────────────────────────────────────────────────────────────────────────

    attachment #2: video (video/webm) ──────────────────────────────────────────────────────────────
    ..\test-results\admin-subscription-managem-0767b-r-plans-when-switching-tabs-chromium\video.webm
    ────────────────────────────────────────────────────────────────────────────────────────────────

    Error Context: ..\test-results\admin-subscription-managem-0767b-r-plans-when-switching-tabs-chromium\error-context.md
]]>
</failure>
<system-out>
<![CDATA[
[[ATTACHMENT|test-results\admin-subscription-managem-0767b-r-plans-when-switching-tabs-chromium\test-failed-1.png]]

[[ATTACHMENT|test-results\admin-subscription-managem-0767b-r-plans-when-switching-tabs-chromium\video.webm]]

[[ATTACHMENT|test-results\admin-subscription-managem-0767b-r-plans-when-switching-tabs-chromium\error-context.md]]
]]>
</system-out>
</testcase>
<testcase name="Admin Subscription Management › should open edit dialog when edit button is clicked" classname="admin\subscription-management.spec.js" time="32.498">
<failure message="subscription-management.spec.js:58:3 should open edit dialog when edit button is clicked" type="FAILURE">
<![CDATA[  [chromium] › admin\subscription-management.spec.js:58:3 › Admin Subscription Management › should open edit dialog when edit button is clicked 

    Test timeout of 30000ms exceeded while running "beforeEach" hook.

      17 |
      18 | test.describe('Admin Subscription Management', () => {
    > 19 |   test.beforeEach(async ({ page }) => {
         |        ^
      20 |     await loginAsAdmin(page);
      21 |     await page.goto('/settings?tab=subscriptions');
      22 |   });
        at C:\Users\ricka\Downloads\performile-platform-main\performile-platform-main\e2e-tests\tests\admin\subscription-management.spec.js:19:8

    Error: page.waitForURL: Test timeout of 30000ms exceeded.
    =========================== logs ===========================
    waiting for navigation to "**/dashboard" until "load"
    ============================================================

      13 |   await page.fill('input[name="password"]', 'AdminPassword123!');
      14 |   await page.click('button[type="submit"]');
    > 15 |   await page.waitForURL('**/dashboard');
         |              ^
      16 | }
      17 |
      18 | test.describe('Admin Subscription Management', () => {
        at loginAsAdmin (C:\Users\ricka\Downloads\performile-platform-main\performile-platform-main\e2e-tests\tests\admin\subscription-management.spec.js:15:14)
        at C:\Users\ricka\Downloads\performile-platform-main\performile-platform-main\e2e-tests\tests\admin\subscription-management.spec.js:20:5

    attachment #1: screenshot (image/png) ──────────────────────────────────────────────────────────
    ..\test-results\admin-subscription-managem-6e765-when-edit-button-is-clicked-chromium\test-failed-1.png
    ────────────────────────────────────────────────────────────────────────────────────────────────

    attachment #2: video (video/webm) ──────────────────────────────────────────────────────────────
    ..\test-results\admin-subscription-managem-6e765-when-edit-button-is-clicked-chromium\video.webm
    ────────────────────────────────────────────────────────────────────────────────────────────────

    Error Context: ..\test-results\admin-subscription-managem-6e765-when-edit-button-is-clicked-chromium\error-context.md
]]>
</failure>
<system-out>
<![CDATA[
[[ATTACHMENT|test-results\admin-subscription-managem-6e765-when-edit-button-is-clicked-chromium\test-failed-1.png]]

[[ATTACHMENT|test-results\admin-subscription-managem-6e765-when-edit-button-is-clicked-chromium\video.webm]]

[[ATTACHMENT|test-results\admin-subscription-managem-6e765-when-edit-button-is-clicked-chromium\error-context.md]]
]]>
</system-out>
</testcase>
<testcase name="Admin Subscription Management › should display all editable fields in dialog" classname="admin\subscription-management.spec.js" time="32.382">
<failure message="subscription-management.spec.js:72:3 should display all editable fields in dialog" type="FAILURE">
<![CDATA[  [chromium] › admin\subscription-management.spec.js:72:3 › Admin Subscription Management › should display all editable fields in dialog 

    Test timeout of 30000ms exceeded while running "beforeEach" hook.

      17 |
      18 | test.describe('Admin Subscription Management', () => {
    > 19 |   test.beforeEach(async ({ page }) => {
         |        ^
      20 |     await loginAsAdmin(page);
      21 |     await page.goto('/settings?tab=subscriptions');
      22 |   });
        at C:\Users\ricka\Downloads\performile-platform-main\performile-platform-main\e2e-tests\tests\admin\subscription-management.spec.js:19:8

    Error: page.waitForURL: Test timeout of 30000ms exceeded.
    =========================== logs ===========================
    waiting for navigation to "**/dashboard" until "load"
    ============================================================

      13 |   await page.fill('input[name="password"]', 'AdminPassword123!');
      14 |   await page.click('button[type="submit"]');
    > 15 |   await page.waitForURL('**/dashboard');
         |              ^
      16 | }
      17 |
      18 | test.describe('Admin Subscription Management', () => {
        at loginAsAdmin (C:\Users\ricka\Downloads\performile-platform-main\performile-platform-main\e2e-tests\tests\admin\subscription-management.spec.js:15:14)
        at C:\Users\ricka\Downloads\performile-platform-main\performile-platform-main\e2e-tests\tests\admin\subscription-management.spec.js:20:5

    attachment #1: screenshot (image/png) ──────────────────────────────────────────────────────────
    ..\test-results\admin-subscription-managem-f92d7-l-editable-fields-in-dialog-chromium\test-failed-1.png
    ────────────────────────────────────────────────────────────────────────────────────────────────

    attachment #2: video (video/webm) ──────────────────────────────────────────────────────────────
    ..\test-results\admin-subscription-managem-f92d7-l-editable-fields-in-dialog-chromium\video.webm
    ────────────────────────────────────────────────────────────────────────────────────────────────

    Error Context: ..\test-results\admin-subscription-managem-f92d7-l-editable-fields-in-dialog-chromium\error-context.md
]]>
</failure>
<system-out>
<![CDATA[
[[ATTACHMENT|test-results\admin-subscription-managem-f92d7-l-editable-fields-in-dialog-chromium\test-failed-1.png]]

[[ATTACHMENT|test-results\admin-subscription-managem-f92d7-l-editable-fields-in-dialog-chromium\video.webm]]

[[ATTACHMENT|test-results\admin-subscription-managem-f92d7-l-editable-fields-in-dialog-chromium\error-context.md]]
]]>
</system-out>
</testcase>
<testcase name="Admin Subscription Management › should save plan changes successfully" classname="admin\subscription-management.spec.js" time="32.71">
<failure message="subscription-management.spec.js:88:3 should save plan changes successfully" type="FAILURE">
<![CDATA[  [chromium] › admin\subscription-management.spec.js:88:3 › Admin Subscription Management › should save plan changes successfully 

    Test timeout of 30000ms exceeded while running "beforeEach" hook.

      17 |
      18 | test.describe('Admin Subscription Management', () => {
    > 19 |   test.beforeEach(async ({ page }) => {
         |        ^
      20 |     await loginAsAdmin(page);
      21 |     await page.goto('/settings?tab=subscriptions');
      22 |   });
        at C:\Users\ricka\Downloads\performile-platform-main\performile-platform-main\e2e-tests\tests\admin\subscription-management.spec.js:19:8

    Error: page.waitForURL: Test timeout of 30000ms exceeded.
    =========================== logs ===========================
    waiting for navigation to "**/dashboard" until "load"
    ============================================================

      13 |   await page.fill('input[name="password"]', 'AdminPassword123!');
      14 |   await page.click('button[type="submit"]');
    > 15 |   await page.waitForURL('**/dashboard');
         |              ^
      16 | }
      17 |
      18 | test.describe('Admin Subscription Management', () => {
        at loginAsAdmin (C:\Users\ricka\Downloads\performile-platform-main\performile-platform-main\e2e-tests\tests\admin\subscription-management.spec.js:15:14)
        at C:\Users\ricka\Downloads\performile-platform-main\performile-platform-main\e2e-tests\tests\admin\subscription-management.spec.js:20:5

    attachment #1: screenshot (image/png) ──────────────────────────────────────────────────────────
    ..\test-results\admin-subscription-managem-8e48c-e-plan-changes-successfully-chromium\test-failed-1.png
    ────────────────────────────────────────────────────────────────────────────────────────────────

    attachment #2: video (video/webm) ──────────────────────────────────────────────────────────────
    ..\test-results\admin-subscription-managem-8e48c-e-plan-changes-successfully-chromium\video.webm
    ────────────────────────────────────────────────────────────────────────────────────────────────

    Error Context: ..\test-results\admin-subscription-managem-8e48c-e-plan-changes-successfully-chromium\error-context.md
]]>
</failure>
<system-out>
<![CDATA[
[[ATTACHMENT|test-results\admin-subscription-managem-8e48c-e-plan-changes-successfully-chromium\test-failed-1.png]]

[[ATTACHMENT|test-results\admin-subscription-managem-8e48c-e-plan-changes-successfully-chromium\video.webm]]

[[ATTACHMENT|test-results\admin-subscription-managem-8e48c-e-plan-changes-successfully-chromium\error-context.md]]
]]>
</system-out>
</testcase>
<testcase name="Admin Subscription Management › should close dialog when cancel is clicked" classname="admin\subscription-management.spec.js" time="32.201">
<failure message="subscription-management.spec.js:108:3 should close dialog when cancel is clicked" type="FAILURE">
<![CDATA[  [chromium] › admin\subscription-management.spec.js:108:3 › Admin Subscription Management › should close dialog when cancel is clicked 

    Test timeout of 30000ms exceeded while running "beforeEach" hook.

      17 |
      18 | test.describe('Admin Subscription Management', () => {
    > 19 |   test.beforeEach(async ({ page }) => {
         |        ^
      20 |     await loginAsAdmin(page);
      21 |     await page.goto('/settings?tab=subscriptions');
      22 |   });
        at C:\Users\ricka\Downloads\performile-platform-main\performile-platform-main\e2e-tests\tests\admin\subscription-management.spec.js:19:8

    Error: page.waitForURL: Test timeout of 30000ms exceeded.
    =========================== logs ===========================
    waiting for navigation to "**/dashboard" until "load"
    ============================================================

      13 |   await page.fill('input[name="password"]', 'AdminPassword123!');
      14 |   await page.click('button[type="submit"]');
    > 15 |   await page.waitForURL('**/dashboard');
         |              ^
      16 | }
      17 |
      18 | test.describe('Admin Subscription Management', () => {
        at loginAsAdmin (C:\Users\ricka\Downloads\performile-platform-main\performile-platform-main\e2e-tests\tests\admin\subscription-management.spec.js:15:14)
        at C:\Users\ricka\Downloads\performile-platform-main\performile-platform-main\e2e-tests\tests\admin\subscription-management.spec.js:20:5

    attachment #1: screenshot (image/png) ──────────────────────────────────────────────────────────
    ..\test-results\admin-subscription-managem-c2025-alog-when-cancel-is-clicked-chromium\test-failed-1.png
    ────────────────────────────────────────────────────────────────────────────────────────────────

    attachment #2: video (video/webm) ──────────────────────────────────────────────────────────────
    ..\test-results\admin-subscription-managem-c2025-alog-when-cancel-is-clicked-chromium\video.webm
    ────────────────────────────────────────────────────────────────────────────────────────────────

    Error Context: ..\test-results\admin-subscription-managem-c2025-alog-when-cancel-is-clicked-chromium\error-context.md
]]>
</failure>
<system-out>
<![CDATA[
[[ATTACHMENT|test-results\admin-subscription-managem-c2025-alog-when-cancel-is-clicked-chromium\test-failed-1.png]]

[[ATTACHMENT|test-results\admin-subscription-managem-c2025-alog-when-cancel-is-clicked-chromium\video.webm]]

[[ATTACHMENT|test-results\admin-subscription-managem-c2025-alog-when-cancel-is-clicked-chromium\error-context.md]]
]]>
</system-out>
</testcase>
<testcase name="Admin Subscription Management › should toggle plan active status" classname="admin\subscription-management.spec.js" time="32.227">
<failure message="subscription-management.spec.js:124:3 should toggle plan active status" type="FAILURE">
<![CDATA[  [chromium] › admin\subscription-management.spec.js:124:3 › Admin Subscription Management › should toggle plan active status 

    Test timeout of 30000ms exceeded while running "beforeEach" hook.

      17 |
      18 | test.describe('Admin Subscription Management', () => {
    > 19 |   test.beforeEach(async ({ page }) => {
         |        ^
      20 |     await loginAsAdmin(page);
      21 |     await page.goto('/settings?tab=subscriptions');
      22 |   });
        at C:\Users\ricka\Downloads\performile-platform-main\performile-platform-main\e2e-tests\tests\admin\subscription-management.spec.js:19:8

    Error: page.waitForURL: Test timeout of 30000ms exceeded.
    =========================== logs ===========================
    waiting for navigation to "**/dashboard" until "load"
    ============================================================

      13 |   await page.fill('input[name="password"]', 'AdminPassword123!');
      14 |   await page.click('button[type="submit"]');
    > 15 |   await page.waitForURL('**/dashboard');
         |              ^
      16 | }
      17 |
      18 | test.describe('Admin Subscription Management', () => {
        at loginAsAdmin (C:\Users\ricka\Downloads\performile-platform-main\performile-platform-main\e2e-tests\tests\admin\subscription-management.spec.js:15:14)
        at C:\Users\ricka\Downloads\performile-platform-main\performile-platform-main\e2e-tests\tests\admin\subscription-management.spec.js:20:5

    attachment #1: screenshot (image/png) ──────────────────────────────────────────────────────────
    ..\test-results\admin-subscription-managem-1e564-d-toggle-plan-active-status-chromium\test-failed-1.png
    ────────────────────────────────────────────────────────────────────────────────────────────────

    attachment #2: video (video/webm) ──────────────────────────────────────────────────────────────
    ..\test-results\admin-subscription-managem-1e564-d-toggle-plan-active-status-chromium\video.webm
    ────────────────────────────────────────────────────────────────────────────────────────────────

    Error Context: ..\test-results\admin-subscription-managem-1e564-d-toggle-plan-active-status-chromium\error-context.md
]]>
</failure>
<system-out>
<![CDATA[
[[ATTACHMENT|test-results\admin-subscription-managem-1e564-d-toggle-plan-active-status-chromium\test-failed-1.png]]

[[ATTACHMENT|test-results\admin-subscription-managem-1e564-d-toggle-plan-active-status-chromium\video.webm]]

[[ATTACHMENT|test-results\admin-subscription-managem-1e564-d-toggle-plan-active-status-chromium\error-context.md]]
]]>
</system-out>
</testcase>
<testcase name="Admin Subscription Management › should display plan features in dialog" classname="admin\subscription-management.spec.js" time="32.129">
<failure message="subscription-management.spec.js:141:3 should display plan features in dialog" type="FAILURE">
<![CDATA[  [chromium] › admin\subscription-management.spec.js:141:3 › Admin Subscription Management › should display plan features in dialog 

    Test timeout of 30000ms exceeded while running "beforeEach" hook.

      17 |
      18 | test.describe('Admin Subscription Management', () => {
    > 19 |   test.beforeEach(async ({ page }) => {
         |        ^
      20 |     await loginAsAdmin(page);
      21 |     await page.goto('/settings?tab=subscriptions');
      22 |   });
        at C:\Users\ricka\Downloads\performile-platform-main\performile-platform-main\e2e-tests\tests\admin\subscription-management.spec.js:19:8

    Error: page.waitForURL: Test timeout of 30000ms exceeded.
    =========================== logs ===========================
    waiting for navigation to "**/dashboard" until "load"
    ============================================================

      13 |   await page.fill('input[name="password"]', 'AdminPassword123!');
      14 |   await page.click('button[type="submit"]');
    > 15 |   await page.waitForURL('**/dashboard');
         |              ^
      16 | }
      17 |
      18 | test.describe('Admin Subscription Management', () => {
        at loginAsAdmin (C:\Users\ricka\Downloads\performile-platform-main\performile-platform-main\e2e-tests\tests\admin\subscription-management.spec.js:15:14)
        at C:\Users\ricka\Downloads\performile-platform-main\performile-platform-main\e2e-tests\tests\admin\subscription-management.spec.js:20:5

    attachment #1: screenshot (image/png) ──────────────────────────────────────────────────────────
    ..\test-results\admin-subscription-managem-568bb-lay-plan-features-in-dialog-chromium\test-failed-1.png
    ────────────────────────────────────────────────────────────────────────────────────────────────

    attachment #2: video (video/webm) ──────────────────────────────────────────────────────────────
    ..\test-results\admin-subscription-managem-568bb-lay-plan-features-in-dialog-chromium\video.webm
    ────────────────────────────────────────────────────────────────────────────────────────────────

    Error Context: ..\test-results\admin-subscription-managem-568bb-lay-plan-features-in-dialog-chromium\error-context.md
]]>
</failure>
<system-out>
<![CDATA[
[[ATTACHMENT|test-results\admin-subscription-managem-568bb-lay-plan-features-in-dialog-chromium\test-failed-1.png]]

[[ATTACHMENT|test-results\admin-subscription-managem-568bb-lay-plan-features-in-dialog-chromium\video.webm]]

[[ATTACHMENT|test-results\admin-subscription-managem-568bb-lay-plan-features-in-dialog-chromium\error-context.md]]
]]>
</system-out>
</testcase>
<testcase name="Admin Subscription Management › should validate required fields" classname="admin\subscription-management.spec.js" time="32.236">
<failure message="subscription-management.spec.js:154:3 should validate required fields" type="FAILURE">
<![CDATA[  [chromium] › admin\subscription-management.spec.js:154:3 › Admin Subscription Management › should validate required fields 

    Test timeout of 30000ms exceeded while running "beforeEach" hook.

      17 |
      18 | test.describe('Admin Subscription Management', () => {
    > 19 |   test.beforeEach(async ({ page }) => {
         |        ^
      20 |     await loginAsAdmin(page);
      21 |     await page.goto('/settings?tab=subscriptions');
      22 |   });
        at C:\Users\ricka\Downloads\performile-platform-main\performile-platform-main\e2e-tests\tests\admin\subscription-management.spec.js:19:8

    Error: page.waitForURL: Test timeout of 30000ms exceeded.
    =========================== logs ===========================
    waiting for navigation to "**/dashboard" until "load"
    ============================================================

      13 |   await page.fill('input[name="password"]', 'AdminPassword123!');
      14 |   await page.click('button[type="submit"]');
    > 15 |   await page.waitForURL('**/dashboard');
         |              ^
      16 | }
      17 |
      18 | test.describe('Admin Subscription Management', () => {
        at loginAsAdmin (C:\Users\ricka\Downloads\performile-platform-main\performile-platform-main\e2e-tests\tests\admin\subscription-management.spec.js:15:14)
        at C:\Users\ricka\Downloads\performile-platform-main\performile-platform-main\e2e-tests\tests\admin\subscription-management.spec.js:20:5

    attachment #1: screenshot (image/png) ──────────────────────────────────────────────────────────
    ..\test-results\admin-subscription-managem-9afa1-ld-validate-required-fields-chromium\test-failed-1.png
    ────────────────────────────────────────────────────────────────────────────────────────────────

    attachment #2: video (video/webm) ──────────────────────────────────────────────────────────────
    ..\test-results\admin-subscription-managem-9afa1-ld-validate-required-fields-chromium\video.webm
    ────────────────────────────────────────────────────────────────────────────────────────────────

    Error Context: ..\test-results\admin-subscription-managem-9afa1-ld-validate-required-fields-chromium\error-context.md
]]>
</failure>
<system-out>
<![CDATA[
[[ATTACHMENT|test-results\admin-subscription-managem-9afa1-ld-validate-required-fields-chromium\test-failed-1.png]]

[[ATTACHMENT|test-results\admin-subscription-managem-9afa1-ld-validate-required-fields-chromium\video.webm]]

[[ATTACHMENT|test-results\admin-subscription-managem-9afa1-ld-validate-required-fields-chromium\error-context.md]]
]]>
</system-out>
</testcase>
<testcase name="Admin Subscription Management › should display tier information" classname="admin\subscription-management.spec.js" time="32.237">
<failure message="subscription-management.spec.js:175:3 should display tier information" type="FAILURE">
<![CDATA[  [chromium] › admin\subscription-management.spec.js:175:3 › Admin Subscription Management › should display tier information 

    Test timeout of 30000ms exceeded while running "beforeEach" hook.

      17 |
      18 | test.describe('Admin Subscription Management', () => {
    > 19 |   test.beforeEach(async ({ page }) => {
         |        ^
      20 |     await loginAsAdmin(page);
      21 |     await page.goto('/settings?tab=subscriptions');
      22 |   });
        at C:\Users\ricka\Downloads\performile-platform-main\performile-platform-main\e2e-tests\tests\admin\subscription-management.spec.js:19:8

    Error: page.waitForURL: Test timeout of 30000ms exceeded.
    =========================== logs ===========================
    waiting for navigation to "**/dashboard" until "load"
    ============================================================

      13 |   await page.fill('input[name="password"]', 'AdminPassword123!');
      14 |   await page.click('button[type="submit"]');
    > 15 |   await page.waitForURL('**/dashboard');
         |              ^
      16 | }
      17 |
      18 | test.describe('Admin Subscription Management', () => {
        at loginAsAdmin (C:\Users\ricka\Downloads\performile-platform-main\performile-platform-main\e2e-tests\tests\admin\subscription-management.spec.js:15:14)
        at C:\Users\ricka\Downloads\performile-platform-main\performile-platform-main\e2e-tests\tests\admin\subscription-management.spec.js:20:5

    attachment #1: screenshot (image/png) ──────────────────────────────────────────────────────────
    ..\test-results\admin-subscription-managem-03c53-ld-display-tier-information-chromium\test-failed-1.png
    ────────────────────────────────────────────────────────────────────────────────────────────────

    attachment #2: video (video/webm) ──────────────────────────────────────────────────────────────
    ..\test-results\admin-subscription-managem-03c53-ld-display-tier-information-chromium\video.webm
    ────────────────────────────────────────────────────────────────────────────────────────────────

    Error Context: ..\test-results\admin-subscription-managem-03c53-ld-display-tier-information-chromium\error-context.md
]]>
</failure>
<system-out>
<![CDATA[
[[ATTACHMENT|test-results\admin-subscription-managem-03c53-ld-display-tier-information-chromium\test-failed-1.png]]

[[ATTACHMENT|test-results\admin-subscription-managem-03c53-ld-display-tier-information-chromium\video.webm]]

[[ATTACHMENT|test-results\admin-subscription-managem-03c53-ld-display-tier-information-chromium\error-context.md]]
]]>
</system-out>
</testcase>
<testcase name="Admin Subscription Management › should display popular badge for popular plans" classname="admin\subscription-management.spec.js" time="32.46">
<failure message="subscription-management.spec.js:185:3 should display popular badge for popular plans" type="FAILURE">
<![CDATA[  [chromium] › admin\subscription-management.spec.js:185:3 › Admin Subscription Management › should display popular badge for popular plans 

    Test timeout of 30000ms exceeded while running "beforeEach" hook.

      17 |
      18 | test.describe('Admin Subscription Management', () => {
    > 19 |   test.beforeEach(async ({ page }) => {
         |        ^
      20 |     await loginAsAdmin(page);
      21 |     await page.goto('/settings?tab=subscriptions');
      22 |   });
        at C:\Users\ricka\Downloads\performile-platform-main\performile-platform-main\e2e-tests\tests\admin\subscription-management.spec.js:19:8

    Error: page.waitForURL: Test timeout of 30000ms exceeded.
    =========================== logs ===========================
    waiting for navigation to "**/dashboard" until "load"
    ============================================================

      13 |   await page.fill('input[name="password"]', 'AdminPassword123!');
      14 |   await page.click('button[type="submit"]');
    > 15 |   await page.waitForURL('**/dashboard');
         |              ^
      16 | }
      17 |
      18 | test.describe('Admin Subscription Management', () => {
        at loginAsAdmin (C:\Users\ricka\Downloads\performile-platform-main\performile-platform-main\e2e-tests\tests\admin\subscription-management.spec.js:15:14)
        at C:\Users\ricka\Downloads\performile-platform-main\performile-platform-main\e2e-tests\tests\admin\subscription-management.spec.js:20:5

    attachment #1: screenshot (image/png) ──────────────────────────────────────────────────────────
    ..\test-results\admin-subscription-managem-e1bcf-lar-badge-for-popular-plans-chromium\test-failed-1.png
    ────────────────────────────────────────────────────────────────────────────────────────────────

    attachment #2: video (video/webm) ──────────────────────────────────────────────────────────────
    ..\test-results\admin-subscription-managem-e1bcf-lar-badge-for-popular-plans-chromium\video.webm
    ────────────────────────────────────────────────────────────────────────────────────────────────

    Error Context: ..\test-results\admin-subscription-managem-e1bcf-lar-badge-for-popular-plans-chromium\error-context.md
]]>
</failure>
<system-out>
<![CDATA[
[[ATTACHMENT|test-results\admin-subscription-managem-e1bcf-lar-badge-for-popular-plans-chromium\test-failed-1.png]]

[[ATTACHMENT|test-results\admin-subscription-managem-e1bcf-lar-badge-for-popular-plans-chromium\video.webm]]

[[ATTACHMENT|test-results\admin-subscription-managem-e1bcf-lar-badge-for-popular-plans-chromium\error-context.md]]
]]>
</system-out>
</testcase>
<testcase name="Admin Subscription Management - Error Handling › should handle save errors gracefully" classname="admin\subscription-management.spec.js" time="34.725">
<failure message="subscription-management.spec.js:203:3 should handle save errors gracefully" type="FAILURE">
<![CDATA[  [chromium] › admin\subscription-management.spec.js:203:3 › Admin Subscription Management - Error Handling › should handle save errors gracefully 

    Test timeout of 30000ms exceeded while running "beforeEach" hook.

      196 |
      197 | test.describe('Admin Subscription Management - Error Handling', () => {
    > 198 |   test.beforeEach(async ({ page }) => {
          |        ^
      199 |     await loginAsAdmin(page);
      200 |     await page.goto('/settings?tab=subscriptions');
      201 |   });
        at C:\Users\ricka\Downloads\performile-platform-main\performile-platform-main\e2e-tests\tests\admin\subscription-management.spec.js:198:8

    Error: page.waitForURL: Test timeout of 30000ms exceeded.
    =========================== logs ===========================
    waiting for navigation to "**/dashboard" until "load"
    ============================================================

      13 |   await page.fill('input[name="password"]', 'AdminPassword123!');
      14 |   await page.click('button[type="submit"]');
    > 15 |   await page.waitForURL('**/dashboard');
         |              ^
      16 | }
      17 |
      18 | test.describe('Admin Subscription Management', () => {
        at loginAsAdmin (C:\Users\ricka\Downloads\performile-platform-main\performile-platform-main\e2e-tests\tests\admin\subscription-management.spec.js:15:14)
        at C:\Users\ricka\Downloads\performile-platform-main\performile-platform-main\e2e-tests\tests\admin\subscription-management.spec.js:199:5

    attachment #1: screenshot (image/png) ──────────────────────────────────────────────────────────
    ..\test-results\admin-subscription-managem-7904b-ndle-save-errors-gracefully-chromium\test-failed-1.png
    ────────────────────────────────────────────────────────────────────────────────────────────────

    attachment #2: video (video/webm) ──────────────────────────────────────────────────────────────
    ..\test-results\admin-subscription-managem-7904b-ndle-save-errors-gracefully-chromium\video.webm
    ────────────────────────────────────────────────────────────────────────────────────────────────

    Error Context: ..\test-results\admin-subscription-managem-7904b-ndle-save-errors-gracefully-chromium\error-context.md
]]>
</failure>
<system-out>
<![CDATA[
[[ATTACHMENT|test-results\admin-subscription-managem-7904b-ndle-save-errors-gracefully-chromium\test-failed-1.png]]

[[ATTACHMENT|test-results\admin-subscription-managem-7904b-ndle-save-errors-gracefully-chromium\video.webm]]

[[ATTACHMENT|test-results\admin-subscription-managem-7904b-ndle-save-errors-gracefully-chromium\error-context.md]]
]]>
</system-out>
</testcase>
<testcase name="Admin Subscription Management - Error Handling › should show loading state while fetching plans" classname="admin\subscription-management.spec.js" time="34.229">
<failure message="subscription-management.spec.js:224:3 should show loading state while fetching plans" type="FAILURE">
<![CDATA[  [chromium] › admin\subscription-management.spec.js:224:3 › Admin Subscription Management - Error Handling › should show loading state while fetching plans 

    Test timeout of 30000ms exceeded while running "beforeEach" hook.

      196 |
      197 | test.describe('Admin Subscription Management - Error Handling', () => {
    > 198 |   test.beforeEach(async ({ page }) => {
          |        ^
      199 |     await loginAsAdmin(page);
      200 |     await page.goto('/settings?tab=subscriptions');
      201 |   });
        at C:\Users\ricka\Downloads\performile-platform-main\performile-platform-main\e2e-tests\tests\admin\subscription-management.spec.js:198:8

    Error: page.waitForURL: Test timeout of 30000ms exceeded.
    =========================== logs ===========================
    waiting for navigation to "**/dashboard" until "load"
    ============================================================

      13 |   await page.fill('input[name="password"]', 'AdminPassword123!');
      14 |   await page.click('button[type="submit"]');
    > 15 |   await page.waitForURL('**/dashboard');
         |              ^
      16 | }
      17 |
      18 | test.describe('Admin Subscription Management', () => {
        at loginAsAdmin (C:\Users\ricka\Downloads\performile-platform-main\performile-platform-main\e2e-tests\tests\admin\subscription-management.spec.js:15:14)
        at C:\Users\ricka\Downloads\performile-platform-main\performile-platform-main\e2e-tests\tests\admin\subscription-management.spec.js:199:5

    attachment #1: screenshot (image/png) ──────────────────────────────────────────────────────────
    ..\test-results\admin-subscription-managem-f6af4--state-while-fetching-plans-chromium\test-failed-1.png
    ────────────────────────────────────────────────────────────────────────────────────────────────

    attachment #2: video (video/webm) ──────────────────────────────────────────────────────────────
    ..\test-results\admin-subscription-managem-f6af4--state-while-fetching-plans-chromium\video.webm
    ────────────────────────────────────────────────────────────────────────────────────────────────

    Error Context: ..\test-results\admin-subscription-managem-f6af4--state-while-fetching-plans-chromium\error-context.md
]]>
</failure>
<system-out>
<![CDATA[
[[ATTACHMENT|test-results\admin-subscription-managem-f6af4--state-while-fetching-plans-chromium\test-failed-1.png]]

[[ATTACHMENT|test-results\admin-subscription-managem-f6af4--state-while-fetching-plans-chromium\video.webm]]

[[ATTACHMENT|test-results\admin-subscription-managem-f6af4--state-while-fetching-plans-chromium\error-context.md]]
]]>
</system-out>
</testcase>
<testcase name="Admin Subscription Management - Access Control › should not be accessible to non-admin users" classname="admin\subscription-management.spec.js" time="3.7">
</testcase>
<testcase name="Admin Subscription Management - Access Control › should redirect non-admin users attempting direct access" classname="admin\subscription-management.spec.js" time="3.653">
<failure message="subscription-management.spec.js:253:3 should redirect non-admin users attempting direct access" type="FAILURE">
<![CDATA[  [chromium] › admin\subscription-management.spec.js:253:3 › Admin Subscription Management - Access Control › should redirect non-admin users attempting direct access 

    Error: expect(received).toBeFalsy()

    Received: true

      263 |     // Should redirect away from admin page
      264 |     const currentUrl = page.url();
    > 265 |     expect(currentUrl.includes('/admin/subscriptions')).toBeFalsy();
          |                                                         ^
      266 |   });
      267 | });
      268 |
        at C:\Users\ricka\Downloads\performile-platform-main\performile-platform-main\e2e-tests\tests\admin\subscription-management.spec.js:265:57

    attachment #1: screenshot (image/png) ──────────────────────────────────────────────────────────
    ..\test-results\admin-subscription-managem-a8e7e-rs-attempting-direct-access-chromium\test-failed-1.png
    ────────────────────────────────────────────────────────────────────────────────────────────────

    attachment #2: video (video/webm) ──────────────────────────────────────────────────────────────
    ..\test-results\admin-subscription-managem-a8e7e-rs-attempting-direct-access-chromium\video.webm
    ────────────────────────────────────────────────────────────────────────────────────────────────

    Error Context: ..\test-results\admin-subscription-managem-a8e7e-rs-attempting-direct-access-chromium\error-context.md
]]>
</failure>
<system-out>
<![CDATA[
[[ATTACHMENT|test-results\admin-subscription-managem-a8e7e-rs-attempting-direct-access-chromium\test-failed-1.png]]

[[ATTACHMENT|test-results\admin-subscription-managem-a8e7e-rs-attempting-direct-access-chromium\video.webm]]

[[ATTACHMENT|test-results\admin-subscription-managem-a8e7e-rs-attempting-direct-access-chromium\error-context.md]]
]]>
</system-out>
</testcase>
<testcase name="Admin Subscription Management - Data Validation › should not allow negative prices" classname="admin\subscription-management.spec.js" time="35.051">
<failure message="subscription-management.spec.js:275:3 should not allow negative prices" type="FAILURE">
<![CDATA[  [chromium] › admin\subscription-management.spec.js:275:3 › Admin Subscription Management - Data Validation › should not allow negative prices 

    Test timeout of 30000ms exceeded while running "beforeEach" hook.

      268 |
      269 | test.describe('Admin Subscription Management - Data Validation', () => {
    > 270 |   test.beforeEach(async ({ page }) => {
          |        ^
      271 |     await loginAsAdmin(page);
      272 |     await page.goto('/settings?tab=subscriptions');
      273 |   });
        at C:\Users\ricka\Downloads\performile-platform-main\performile-platform-main\e2e-tests\tests\admin\subscription-management.spec.js:270:8

    Error: page.waitForURL: Test timeout of 30000ms exceeded.
    =========================== logs ===========================
    waiting for navigation to "**/dashboard" until "load"
    ============================================================

      13 |   await page.fill('input[name="password"]', 'AdminPassword123!');
      14 |   await page.click('button[type="submit"]');
    > 15 |   await page.waitForURL('**/dashboard');
         |              ^
      16 | }
      17 |
      18 | test.describe('Admin Subscription Management', () => {
        at loginAsAdmin (C:\Users\ricka\Downloads\performile-platform-main\performile-platform-main\e2e-tests\tests\admin\subscription-management.spec.js:15:14)
        at C:\Users\ricka\Downloads\performile-platform-main\performile-platform-main\e2e-tests\tests\admin\subscription-management.spec.js:271:5

    attachment #1: screenshot (image/png) ──────────────────────────────────────────────────────────
    ..\test-results\admin-subscription-managem-2b739-d-not-allow-negative-prices-chromium\test-failed-1.png
    ────────────────────────────────────────────────────────────────────────────────────────────────

    attachment #2: video (video/webm) ──────────────────────────────────────────────────────────────
    ..\test-results\admin-subscription-managem-2b739-d-not-allow-negative-prices-chromium\video.webm
    ────────────────────────────────────────────────────────────────────────────────────────────────

    Error Context: ..\test-results\admin-subscription-managem-2b739-d-not-allow-negative-prices-chromium\error-context.md
]]>
</failure>
<system-out>
<![CDATA[
[[ATTACHMENT|test-results\admin-subscription-managem-2b739-d-not-allow-negative-prices-chromium\test-failed-1.png]]

[[ATTACHMENT|test-results\admin-subscription-managem-2b739-d-not-allow-negative-prices-chromium\video.webm]]

[[ATTACHMENT|test-results\admin-subscription-managem-2b739-d-not-allow-negative-prices-chromium\error-context.md]]
]]>
</system-out>
</testcase>
<testcase name="Admin Subscription Management - Data Validation › should validate annual price is less than 12x monthly" classname="admin\subscription-management.spec.js" time="34.903">
<failure message="subscription-management.spec.js:296:3 should validate annual price is less than 12x monthly" type="FAILURE">
<![CDATA[  [chromium] › admin\subscription-management.spec.js:296:3 › Admin Subscription Management - Data Validation › should validate annual price is less than 12x monthly 

    Test timeout of 30000ms exceeded while running "beforeEach" hook.

      268 |
      269 | test.describe('Admin Subscription Management - Data Validation', () => {
    > 270 |   test.beforeEach(async ({ page }) => {
          |        ^
      271 |     await loginAsAdmin(page);
      272 |     await page.goto('/settings?tab=subscriptions');
      273 |   });
        at C:\Users\ricka\Downloads\performile-platform-main\performile-platform-main\e2e-tests\tests\admin\subscription-management.spec.js:270:8

    Error: page.waitForURL: Test timeout of 30000ms exceeded.
    =========================== logs ===========================
    waiting for navigation to "**/dashboard" until "load"
    ============================================================

      13 |   await page.fill('input[name="password"]', 'AdminPassword123!');
      14 |   await page.click('button[type="submit"]');
    > 15 |   await page.waitForURL('**/dashboard');
         |              ^
      16 | }
      17 |
      18 | test.describe('Admin Subscription Management', () => {
        at loginAsAdmin (C:\Users\ricka\Downloads\performile-platform-main\performile-platform-main\e2e-tests\tests\admin\subscription-management.spec.js:15:14)
        at C:\Users\ricka\Downloads\performile-platform-main\performile-platform-main\e2e-tests\tests\admin\subscription-management.spec.js:271:5

    attachment #1: screenshot (image/png) ──────────────────────────────────────────────────────────
    ..\test-results\admin-subscription-managem-aa7c2-ce-is-less-than-12x-monthly-chromium\test-failed-1.png
    ────────────────────────────────────────────────────────────────────────────────────────────────

    attachment #2: video (video/webm) ──────────────────────────────────────────────────────────────
    ..\test-results\admin-subscription-managem-aa7c2-ce-is-less-than-12x-monthly-chromium\video.webm
    ────────────────────────────────────────────────────────────────────────────────────────────────

    Error Context: ..\test-results\admin-subscription-managem-aa7c2-ce-is-less-than-12x-monthly-chromium\error-context.md
]]>
</failure>
<system-out>
<![CDATA[
[[ATTACHMENT|test-results\admin-subscription-managem-aa7c2-ce-is-less-than-12x-monthly-chromium\test-failed-1.png]]

[[ATTACHMENT|test-results\admin-subscription-managem-aa7c2-ce-is-less-than-12x-monthly-chromium\video.webm]]

[[ATTACHMENT|test-results\admin-subscription-managem-aa7c2-ce-is-less-than-12x-monthly-chromium\error-context.md]]
]]>
</system-out>
</testcase>
</testsuite>
<testsuite name="all-users-comprehensive.spec.js" timestamp="2025-10-21T07:32:30.514Z" hostname="chromium" tests="16" failures="1" skipped="0" time="75.187" errors="0">
<testcase name="COMPREHENSIVE E2E TESTS - ALL USERS › 1. Authentication Tests › 1.1 - Admin Login" classname="all-users-comprehensive.spec.js" time="4.237">
<system-out>
<![CDATA[
🧪 Test 1.1: Admin Login
✅ Admin login successful

================================================================================

=== Console Summary ===
Total logs: 18
Errors: 0
Warnings: 3

=== Network Summary ===
Total requests: 25
API requests: 3
Failed requests: 0

=== API Calls Summary ===
Total API calls: 1
Failed calls: 0
Slow calls (>1s): 1
Average response time: 1376.00ms

=== Calls by Endpoint ===
/api/auth: 1 calls

=== Slow API Calls (>1s) ===
[1376ms] POST /api/auth
================================================================================


API logs exported to: api-logs/1.1---Admin-Login.json
]]>
</system-out>
</testcase>
<testcase name="COMPREHENSIVE E2E TESTS - ALL USERS › 1. Authentication Tests › 1.2 - Merchant Login" classname="all-users-comprehensive.spec.js" time="3.156">
<system-out>
<![CDATA[
🧪 Test 1.2: Merchant Login
✅ Merchant login successful

================================================================================

=== Console Summary ===
Total logs: 18
Errors: 0
Warnings: 3

=== Network Summary ===
Total requests: 25
API requests: 3
Failed requests: 0

=== API Calls Summary ===
Total API calls: 2
Failed calls: 0
Slow calls (>1s): 0
Average response time: 333.50ms

=== Calls by Endpoint ===
/api/auth: 1 calls
/api/notifications: 1 calls
================================================================================


API logs exported to: api-logs/1.2---Merchant-Login.json
]]>
</system-out>
</testcase>
<testcase name="COMPREHENSIVE E2E TESTS - ALL USERS › 1. Authentication Tests › 1.3 - Courier Login" classname="all-users-comprehensive.spec.js" time="3.516">
<system-out>
<![CDATA[
🧪 Test 1.3: Courier Login
✅ Courier login successful

================================================================================

=== Console Summary ===
Total logs: 18
Errors: 0
Warnings: 3

=== Network Summary ===
Total requests: 25
API requests: 3
Failed requests: 0

=== API Calls Summary ===
Total API calls: 2
Failed calls: 0
Slow calls (>1s): 0
Average response time: 349.50ms

=== Calls by Endpoint ===
/api/auth: 1 calls
/api/notifications: 1 calls
================================================================================


API logs exported to: api-logs/1.3---Courier-Login.json
]]>
</system-out>
</testcase>
<testcase name="COMPREHENSIVE E2E TESTS - ALL USERS › 1. Authentication Tests › 1.4 - Consumer Login" classname="all-users-comprehensive.spec.js" time="3.11">
<failure message="all-users-comprehensive.spec.js:142:5 1.4 - Consumer Login" type="FAILURE">
<![CDATA[  [chromium] › all-users-comprehensive.spec.js:142:5 › COMPREHENSIVE E2E TESTS - ALL USERS › 1. Authentication Tests › 1.4 - Consumer Login 

    Error: expect(received).toBeTruthy()

    Received: null

      157 |         return tokensStr ? JSON.parse(tokensStr) : null;
      158 |       });
    > 159 |       expect(tokens).toBeTruthy();
          |                      ^
      160 |       expect(tokens.accessToken).toBeTruthy();
      161 |
      162 |       expect(apiLogger.validateCall('/api/auth', 200)).toBe(true);
        at C:\Users\ricka\Downloads\performile-platform-main\performile-platform-main\e2e-tests\tests\all-users-comprehensive.spec.js:159:22

    attachment #1: screenshot (image/png) ──────────────────────────────────────────────────────────
    ..\test-results\all-users-comprehensive-CO-74254--Tests-1-4---Consumer-Login-chromium\test-failed-1.png
    ────────────────────────────────────────────────────────────────────────────────────────────────

    attachment #2: video (video/webm) ──────────────────────────────────────────────────────────────
    ..\test-results\all-users-comprehensive-CO-74254--Tests-1-4---Consumer-Login-chromium\video.webm
    ────────────────────────────────────────────────────────────────────────────────────────────────

    Error Context: ..\test-results\all-users-comprehensive-CO-74254--Tests-1-4---Consumer-Login-chromium\error-context.md
]]>
</failure>
<system-out>
<![CDATA[
🧪 Test 1.4: Consumer Login

================================================================================

=== Console Summary ===
Total logs: 18
Errors: 0
Warnings: 3

=== Network Summary ===
Total requests: 25
API requests: 3
Failed requests: 0

=== API Calls Summary ===
Total API calls: 2
Failed calls: 0
Slow calls (>1s): 0
Average response time: 347.50ms

=== Calls by Endpoint ===
/api/auth: 1 calls
/api/notifications: 1 calls
================================================================================


API logs exported to: api-logs/1.4---Consumer-Login.json

[[ATTACHMENT|test-results\all-users-comprehensive-CO-74254--Tests-1-4---Consumer-Login-chromium\test-failed-1.png]]

[[ATTACHMENT|test-results\all-users-comprehensive-CO-74254--Tests-1-4---Consumer-Login-chromium\video.webm]]

[[ATTACHMENT|test-results\all-users-comprehensive-CO-74254--Tests-1-4---Consumer-Login-chromium\error-context.md]]
]]>
</system-out>
</testcase>
<testcase name="COMPREHENSIVE E2E TESTS - ALL USERS › 1. Authentication Tests › 1.5 - Invalid Credentials" classname="all-users-comprehensive.spec.js" time="5.004">
<system-out>
<![CDATA[
🧪 Test 1.5: Invalid Credentials
✅ Invalid credentials handled correctly

================================================================================

=== Console Summary ===
Total logs: 14
Errors: 3
Warnings: 2

=== Console Errors ===
[2025-10-21T07:43:02.852Z] Failed to load resource: the server responded with a status of 401 (Unauthorized)
[2025-10-21T07:43:02.855Z] Login error details: {message: Request failed with status code 401, response: Object, status: 401, url: https://performile-platform-main.vercel.app/api/auth}
[2025-10-21T07:43:02.856Z] Login error: Error: Invalid credentials
    at $je.login (https://performile-platform-main.vercel.app/assets/js/index-Bdi3m9Ew.js:484:6950)
    at async login (https://performile-platform-main.vercel.app/assets/js/index-Bdi3m9Ew.js:487:92912)
    at async j (https://performile-platform-main.vercel.app/assets/js/index-Bdi3m9Ew.js:497:18903)
    at async https://performile-platform-main.vercel.app/assets/js/index-Bdi3m9Ew.js:494:55074

=== Network Summary ===
Total requests: 22
API requests: 1
Failed requests: 1

=== Failed Requests ===
[401] POST https://performile-platform-main.vercel.app/api/auth

=== API Calls Summary ===
Total API calls: 1
Failed calls: 1
Slow calls (>1s): 0
Average response time: 452.00ms

=== Calls by Endpoint ===
/api/auth: 1 calls

=== Failed API Calls ===
[401] POST /api/auth
  Error: Invalid credentials
================================================================================


API logs exported to: api-logs/1.5---Invalid-Credentials.json
]]>
</system-out>
</testcase>
<testcase name="COMPREHENSIVE E2E TESTS - ALL USERS › 2. Admin Dashboard Tests › 2.1 - Admin Dashboard Loads" classname="all-users-comprehensive.spec.js" time="5.056">
<system-out>
<![CDATA[
🧪 Test 2.1: Admin Dashboard
Console errors: 0
Failed API calls: 0
✅ Admin dashboard loaded

================================================================================

=== Console Summary ===
Total logs: 15
Errors: 0
Warnings: 2

=== Network Summary ===
Total requests: 23
API requests: 6
Failed requests: 0

=== API Calls Summary ===
Total API calls: 3
Failed calls: 0
Slow calls (>1s): 0
Average response time: 486.33ms

=== Calls by Endpoint ===
/api/auth: 1 calls
/api/notifications: 1 calls
/api/trustscore/dashboard: 1 calls
================================================================================


API logs exported to: api-logs/2.1---Admin-Dashboard-Loads.json
]]>
</system-out>
</testcase>
<testcase name="COMPREHENSIVE E2E TESTS - ALL USERS › 2. Admin Dashboard Tests › 2.2 - Admin Can View Users" classname="all-users-comprehensive.spec.js" time="5.735">
<system-out>
<![CDATA[
🧪 Test 2.2: Admin View Users
Users section visible: true
✅ Users section checked

================================================================================

=== Console Summary ===
Total logs: 15
Errors: 0
Warnings: 2

=== Network Summary ===
Total requests: 23
API requests: 6
Failed requests: 0

=== API Calls Summary ===
Total API calls: 6
Failed calls: 0
Slow calls (>1s): 0
Average response time: 450.50ms

=== Calls by Endpoint ===
/api/auth: 1 calls
/api/notifications: 1 calls
/api/trustscore/dashboard: 1 calls
/api/dashboard/trends: 1 calls
/api/dashboard/recent-activity: 1 calls
/api/tracking/summary: 1 calls
================================================================================


API logs exported to: api-logs/2.2---Admin-Can-View-Users.json
]]>
</system-out>
</testcase>
<testcase name="COMPREHENSIVE E2E TESTS - ALL USERS › 3. Merchant Dashboard Tests - BUG DETECTION › 3.1 - Merchant Dashboard Bug Investigation" classname="all-users-comprehensive.spec.js" time="5.341">
<system-out>
<![CDATA[
🔍 Test 3.1: MERCHANT DASHBOARD BUG INVESTIGATION
Page title: Performile - Logistics Performance Platform
Current URL: https://performile-platform-main.vercel.app/#/dashboard
Headings: []

⚠️ CONSOLE ERRORS: 2

Error 1:
  Failed to load resource: the server responded with a status of 500 (Internal Server Error)

Error 2:
  Failed to load resource: the server responded with a status of 500 (Internal Server Error)

⚠️ FAILED API CALLS: 2

Failed Call 1:
  GET /api/analytics/order-trends - 500
  Error: Unknown

Failed Call 2:
  GET /api/analytics/claims-trends - 500
  Error: Unknown

📊 TOTAL API CALLS: 8
  POST /api/auth - 200 (467ms)
  GET /api/notifications - 200 (245ms)
  GET /api/trustscore/dashboard - 200 (686ms)
  GET /api/dashboard/trends - 200 (422ms)
  GET /api/dashboard/recent-activity - 200 (429ms)
  GET /api/analytics/order-trends - 500 (503ms)
  GET /api/analytics/claims-trends - 500 (541ms)
  GET /api/tracking/summary - 200 (617ms)

✅ Merchant dashboard investigation complete - CHECK LOGS

================================================================================

=== Console Summary ===
Total logs: 17
Errors: 2
Warnings: 2

=== Console Errors ===
[2025-10-21T07:43:20.015Z] Failed to load resource: the server responded with a status of 500 (Internal Server Error)
[2025-10-21T07:43:20.041Z] Failed to load resource: the server responded with a status of 500 (Internal Server Error)

=== Network Summary ===
Total requests: 26
API requests: 9
Failed requests: 2

=== Failed Requests ===
[500] GET https://performile-platform-main.vercel.app/api/analytics/order-trends?entity_type=merchant&entity_id=fc1a0fdb-a82c-4a83-82bb-fa7a4b4b13c9&period=30d
[500] GET https://performile-platform-main.vercel.app/api/analytics/claims-trends?entity_type=merchant&entity_id=fc1a0fdb-a82c-4a83-82bb-fa7a4b4b13c9&period=30d

=== API Calls Summary ===
Total API calls: 8
Failed calls: 2
Slow calls (>1s): 0
Average response time: 488.75ms

=== Calls by Endpoint ===
/api/auth: 1 calls
/api/notifications: 1 calls
/api/trustscore/dashboard: 1 calls
/api/dashboard/trends: 1 calls
/api/dashboard/recent-activity: 1 calls
/api/analytics/order-trends: 1 calls
/api/analytics/claims-trends: 1 calls
/api/tracking/summary: 1 calls

=== Failed API Calls ===
[500] GET /api/analytics/order-trends
[500] GET /api/analytics/claims-trends
================================================================================


API logs exported to: api-logs/3.1---Merchant-Dashboard-Bug-Investigation.json
]]>
</system-out>
</testcase>
<testcase name="COMPREHENSIVE E2E TESTS - ALL USERS › 3. Merchant Dashboard Tests - BUG DETECTION › 3.2 - Merchant Orders Section" classname="all-users-comprehensive.spec.js" time="5.88">
<system-out>
<![CDATA[
🧪 Test 3.2: Merchant Orders
Orders section visible: true
✅ Orders section checked

================================================================================

=== Console Summary ===
Total logs: 18
Errors: 3
Warnings: 2

=== Console Errors ===
[2025-10-21T07:43:25.150Z] Failed to load resource: the server responded with a status of 500 (Internal Server Error)
[2025-10-21T07:43:25.152Z] Failed to load resource: the server responded with a status of 500 (Internal Server Error)
[2025-10-21T07:43:25.755Z] Failed to load resource: the server responded with a status of 500 (Internal Server Error)

=== Network Summary ===
Total requests: 29
API requests: 12
Failed requests: 3

=== Failed Requests ===
[500] GET https://performile-platform-main.vercel.app/api/analytics/order-trends?entity_type=merchant&entity_id=fc1a0fdb-a82c-4a83-82bb-fa7a4b4b13c9&period=30d
[500] GET https://performile-platform-main.vercel.app/api/analytics/claims-trends?entity_type=merchant&entity_id=fc1a0fdb-a82c-4a83-82bb-fa7a4b4b13c9&period=30d
[500] GET https://performile-platform-main.vercel.app/api/claims?entity_type=merchant&entity_id=fc1a0fdb-a82c-4a83-82bb-fa7a4b4b13c9&page=1&limit=10

=== API Calls Summary ===
Total API calls: 9
Failed calls: 3
Slow calls (>1s): 0
Average response time: 480.56ms

=== Calls by Endpoint ===
/api/auth: 1 calls
/api/notifications: 1 calls
/api/trustscore/dashboard: 1 calls
/api/dashboard/trends: 1 calls
/api/analytics/order-trends: 1 calls
/api/analytics/claims-trends: 1 calls
/api/dashboard/recent-activity: 1 calls
/api/tracking/summary: 1 calls
/api/claims: 1 calls

=== Failed API Calls ===
[500] GET /api/analytics/order-trends
[500] GET /api/analytics/claims-trends
[500] GET /api/claims
================================================================================


API logs exported to: api-logs/3.2---Merchant-Orders-Section.json
]]>
</system-out>
</testcase>
<testcase name="COMPREHENSIVE E2E TESTS - ALL USERS › 3. Merchant Dashboard Tests - BUG DETECTION › 3.3 - Merchant Dashboard Performance" classname="all-users-comprehensive.spec.js" time="5.218">
<system-out>
<![CDATA[
🧪 Test 3.3: Merchant Performance
Average API response: 467.89ms
Slow calls (>1s): 0
✅ Performance check complete

================================================================================

=== Console Summary ===
Total logs: 18
Errors: 3
Warnings: 2

=== Console Errors ===
[2025-10-21T07:43:30.986Z] Failed to load resource: the server responded with a status of 500 (Internal Server Error)
[2025-10-21T07:43:30.987Z] Failed to load resource: the server responded with a status of 500 (Internal Server Error)
[2025-10-21T07:43:31.510Z] Failed to load resource: the server responded with a status of 500 (Internal Server Error)

=== Network Summary ===
Total requests: 26
API requests: 9
Failed requests: 3

=== Failed Requests ===
[500] GET https://performile-platform-main.vercel.app/api/analytics/order-trends?entity_type=merchant&entity_id=fc1a0fdb-a82c-4a83-82bb-fa7a4b4b13c9&period=30d
[500] GET https://performile-platform-main.vercel.app/api/analytics/claims-trends?entity_type=merchant&entity_id=fc1a0fdb-a82c-4a83-82bb-fa7a4b4b13c9&period=30d
[500] GET https://performile-platform-main.vercel.app/api/claims?entity_type=merchant&entity_id=fc1a0fdb-a82c-4a83-82bb-fa7a4b4b13c9&page=1&limit=10

=== API Calls Summary ===
Total API calls: 9
Failed calls: 3
Slow calls (>1s): 0
Average response time: 467.89ms

=== Calls by Endpoint ===
/api/auth: 1 calls
/api/notifications: 1 calls
/api/trustscore/dashboard: 1 calls
/api/dashboard/trends: 1 calls
/api/analytics/claims-trends: 1 calls
/api/analytics/order-trends: 1 calls
/api/dashboard/recent-activity: 1 calls
/api/tracking/summary: 1 calls
/api/claims: 1 calls

=== Failed API Calls ===
[500] GET /api/analytics/claims-trends
[500] GET /api/analytics/order-trends
[500] GET /api/claims
================================================================================


API logs exported to: api-logs/3.3---Merchant-Dashboard-Performance.json
]]>
</system-out>
</testcase>
<testcase name="COMPREHENSIVE E2E TESTS - ALL USERS › 4. Courier Dashboard Tests › 4.1 - Courier Dashboard Loads" classname="all-users-comprehensive.spec.js" time="5.03">
<system-out>
<![CDATA[
🧪 Test 4.1: Courier Dashboard
Console errors: 3
Failed API calls: 3
✅ Courier dashboard loaded

================================================================================

=== Console Summary ===
Total logs: 18
Errors: 3
Warnings: 2

=== Console Errors ===
[2025-10-21T07:43:36.186Z] Failed to load resource: the server responded with a status of 500 (Internal Server Error)
[2025-10-21T07:43:36.191Z] Failed to load resource: the server responded with a status of 500 (Internal Server Error)
[2025-10-21T07:43:36.774Z] Failed to load resource: the server responded with a status of 500 (Internal Server Error)

=== Network Summary ===
Total requests: 20
API requests: 8
Failed requests: 3

=== Failed Requests ===
[500] GET https://performile-platform-main.vercel.app/api/analytics/order-trends?entity_type=courier&entity_id=617f3f03-ec94-415a-8400-dc5c7e29d96f&period=30d
[500] GET https://performile-platform-main.vercel.app/api/analytics/claims-trends?entity_type=courier&entity_id=617f3f03-ec94-415a-8400-dc5c7e29d96f&period=30d
[500] GET https://performile-platform-main.vercel.app/api/claims?entity_type=courier&entity_id=617f3f03-ec94-415a-8400-dc5c7e29d96f&page=1&limit=10

=== API Calls Summary ===
Total API calls: 8
Failed calls: 3
Slow calls (>1s): 0
Average response time: 438.63ms

=== Calls by Endpoint ===
/api/auth: 1 calls
/api/notifications: 1 calls
/api/trustscore/dashboard: 1 calls
/api/dashboard/recent-activity: 1 calls
/api/dashboard/trends: 1 calls
/api/analytics/claims-trends: 1 calls
/api/analytics/order-trends: 1 calls
/api/claims: 1 calls

=== Failed API Calls ===
[500] GET /api/analytics/claims-trends
[500] GET /api/analytics/order-trends
[500] GET /api/claims
================================================================================


API logs exported to: api-logs/4.1---Courier-Dashboard-Loads.json
]]>
</system-out>
</testcase>
<testcase name="COMPREHENSIVE E2E TESTS - ALL USERS › 4. Courier Dashboard Tests › 4.2 - Courier Deliveries Section" classname="all-users-comprehensive.spec.js" time="5.009">
<system-out>
<![CDATA[
🧪 Test 4.2: Courier Deliveries
Deliveries section visible: false
✅ Deliveries section checked

================================================================================

=== Console Summary ===
Total logs: 18
Errors: 3
Warnings: 2

=== Console Errors ===
[2025-10-21T07:43:41.332Z] Failed to load resource: the server responded with a status of 500 (Internal Server Error)
[2025-10-21T07:43:41.334Z] Failed to load resource: the server responded with a status of 500 (Internal Server Error)
[2025-10-21T07:43:41.827Z] Failed to load resource: the server responded with a status of 500 (Internal Server Error)

=== Network Summary ===
Total requests: 20
API requests: 8
Failed requests: 3

=== Failed Requests ===
[500] GET https://performile-platform-main.vercel.app/api/analytics/order-trends?entity_type=courier&entity_id=617f3f03-ec94-415a-8400-dc5c7e29d96f&period=30d
[500] GET https://performile-platform-main.vercel.app/api/analytics/claims-trends?entity_type=courier&entity_id=617f3f03-ec94-415a-8400-dc5c7e29d96f&period=30d
[500] GET https://performile-platform-main.vercel.app/api/claims?entity_type=courier&entity_id=617f3f03-ec94-415a-8400-dc5c7e29d96f&page=1&limit=10

=== API Calls Summary ===
Total API calls: 8
Failed calls: 3
Slow calls (>1s): 0
Average response time: 502.63ms

=== Calls by Endpoint ===
/api/auth: 1 calls
/api/notifications: 1 calls
/api/trustscore/dashboard: 1 calls
/api/analytics/order-trends: 1 calls
/api/dashboard/trends: 1 calls
/api/analytics/claims-trends: 1 calls
/api/dashboard/recent-activity: 1 calls
/api/claims: 1 calls

=== Failed API Calls ===
[500] GET /api/analytics/order-trends
[500] GET /api/analytics/claims-trends
[500] GET /api/claims
================================================================================


API logs exported to: api-logs/4.2---Courier-Deliveries-Section.json
]]>
</system-out>
</testcase>
<testcase name="COMPREHENSIVE E2E TESTS - ALL USERS › 5. Consumer Tests › 5.1 - Consumer Page Loads" classname="all-users-comprehensive.spec.js" time="4.545">
<system-out>
<![CDATA[
🧪 Test 5.1: Consumer Page
Console errors: 0
Failed API calls: 0
✅ Consumer page loaded

================================================================================

=== Console Summary ===
Total logs: 15
Errors: 0
Warnings: 2

=== Network Summary ===
Total requests: 15
API requests: 3
Failed requests: 0

=== API Calls Summary ===
Total API calls: 3
Failed calls: 0
Slow calls (>1s): 0
Average response time: 458.33ms

=== Calls by Endpoint ===
/api/auth: 1 calls
/api/notifications: 1 calls
/api/trustscore/dashboard: 1 calls
================================================================================


API logs exported to: api-logs/5.1---Consumer-Page-Loads.json
]]>
</system-out>
</testcase>
<testcase name="COMPREHENSIVE E2E TESTS - ALL USERS › 5. Consumer Tests › 5.2 - Consumer Tracking Available" classname="all-users-comprehensive.spec.js" time="4.281">
<system-out>
<![CDATA[
🧪 Test 5.2: Consumer Tracking
Tracking section visible: true
✅ Tracking section checked

================================================================================

=== Console Summary ===
Total logs: 15
Errors: 0
Warnings: 2

=== Network Summary ===
Total requests: 15
API requests: 3
Failed requests: 0

=== API Calls Summary ===
Total API calls: 3
Failed calls: 0
Slow calls (>1s): 0
Average response time: 455.67ms

=== Calls by Endpoint ===
/api/auth: 1 calls
/api/notifications: 1 calls
/api/trustscore/dashboard: 1 calls
================================================================================


API logs exported to: api-logs/5.2---Consumer-Tracking-Available.json
]]>
</system-out>
</testcase>
<testcase name="COMPREHENSIVE E2E TESTS - ALL USERS › 6. Cross-Cutting Tests › 6.1 - Logout Functionality" classname="all-users-comprehensive.spec.js" time="5.069">
<system-out>
<![CDATA[
🧪 Test 6.1: Logout
Logout button not found in expected locations
Token after logout: Cleared
✅ Logout test complete

================================================================================

=== Console Summary ===
Total logs: 15
Errors: 0
Warnings: 2

=== Network Summary ===
Total requests: 23
API requests: 6
Failed requests: 0

=== API Calls Summary ===
Total API calls: 5
Failed calls: 0
Slow calls (>1s): 2
Average response time: 671.80ms

=== Calls by Endpoint ===
/api/auth: 1 calls
/api/notifications: 1 calls
/api/trustscore/dashboard: 1 calls
/api/dashboard/trends: 1 calls
/api/dashboard/recent-activity: 1 calls

=== Slow API Calls (>1s) ===
[1021ms] GET /api/dashboard/trends
[1025ms] GET /api/dashboard/recent-activity
================================================================================


API logs exported to: api-logs/6.1---Logout-Functionality.json
]]>
</system-out>
</testcase>
<testcase name="COMPREHENSIVE E2E TESTS - ALL USERS › 6. Cross-Cutting Tests › 6.2 - API Performance Overall" classname="all-users-comprehensive.spec.js" time="5">
<system-out>
<![CDATA[
🧪 Test 6.2: Overall API Performance
Average API response: 405.17ms
Slow calls (>1s): 0
Failed calls: 0
✅ Performance analysis complete

================================================================================

=== Console Summary ===
Total logs: 15
Errors: 0
Warnings: 2

=== Network Summary ===
Total requests: 23
API requests: 6
Failed requests: 0

=== API Calls Summary ===
Total API calls: 6
Failed calls: 0
Slow calls (>1s): 0
Average response time: 405.17ms

=== Calls by Endpoint ===
/api/auth: 1 calls
/api/notifications: 1 calls
/api/trustscore/dashboard: 1 calls
/api/dashboard/trends: 1 calls
/api/dashboard/recent-activity: 1 calls
/api/tracking/summary: 1 calls
================================================================================


API logs exported to: api-logs/6.2---API-Performance-Overall.json
]]>
</system-out>
</testcase>
</testsuite>
<testsuite name="auth\login.spec.js" timestamp="2025-10-21T07:32:30.514Z" hostname="chromium" tests="10" failures="7" skipped="0" time="46.017" errors="0">
<testcase name="Authentication - Login Flow › Admin can login successfully" classname="auth\login.spec.js" time="7.408">
<failure message="login.spec.js:44:3 Admin can login successfully" type="FAILURE">
<![CDATA[  [chromium] › auth\login.spec.js:44:3 › Authentication - Login Flow › Admin can login successfully 

    Error: expect(locator).toContainText(expected) failed

    Locator: locator('h1, h2, [role="heading"]')
    Expected pattern: /dashboard/i
    Timeout: 5000ms
    Error: element(s) not found

    Call log:
      - Expect "toContainText" with timeout 5000ms
      - waiting for locator('h1, h2, [role="heading"]')


      60 |     
      61 |     // Verify dashboard loaded
    > 62 |     await expect(page.locator('h1, h2, [role="heading"]')).toContainText(/dashboard/i, { timeout: 5000 });
         |                                                            ^
      63 |     
      64 |     // Verify token stored
      65 |     const token = await page.evaluate(() => localStorage.getItem('access_token'));
        at C:\Users\ricka\Downloads\performile-platform-main\performile-platform-main\e2e-tests\tests\auth\login.spec.js:62:60

    attachment #1: screenshot (image/png) ──────────────────────────────────────────────────────────
    ..\test-results\auth-login-Authentication--8c02b-dmin-can-login-successfully-chromium\test-failed-1.png
    ────────────────────────────────────────────────────────────────────────────────────────────────

    attachment #2: video (video/webm) ──────────────────────────────────────────────────────────────
    ..\test-results\auth-login-Authentication--8c02b-dmin-can-login-successfully-chromium\video.webm
    ────────────────────────────────────────────────────────────────────────────────────────────────

    Error Context: ..\test-results\auth-login-Authentication--8c02b-dmin-can-login-successfully-chromium\error-context.md
]]>
</failure>
<system-out>
<![CDATA[
🧪 Testing Admin Login...

=== Console Summary ===
Total logs: 15
Errors: 0
Warnings: 2

=== Network Summary ===
Total requests: 23
API requests: 6
Failed requests: 0

=== API Calls Summary ===
Total API calls: 6
Failed calls: 0
Slow calls (>1s): 0
Average response time: 405.33ms

=== Calls by Endpoint ===
/api/auth: 1 calls
/api/notifications: 1 calls
/api/trustscore/dashboard: 1 calls
/api/dashboard/trends: 1 calls
/api/dashboard/recent-activity: 1 calls
/api/tracking/summary: 1 calls

API logs exported to: api-logs/Admin-can-login-successfully.json

[[ATTACHMENT|test-results\auth-login-Authentication--8c02b-dmin-can-login-successfully-chromium\test-failed-1.png]]

[[ATTACHMENT|test-results\auth-login-Authentication--8c02b-dmin-can-login-successfully-chromium\video.webm]]

[[ATTACHMENT|test-results\auth-login-Authentication--8c02b-dmin-can-login-successfully-chromium\error-context.md]]
]]>
</system-out>
</testcase>
<testcase name="Authentication - Login Flow › Merchant can login successfully - Check for dashboard bugs" classname="auth\login.spec.js" time="4.619">
<failure message="login.spec.js:83:3 Merchant can login successfully - Check for dashboard bugs" type="FAILURE">
<![CDATA[  [chromium] › auth\login.spec.js:83:3 › Authentication - Login Flow › Merchant can login successfully - Check for dashboard bugs 

    Error: expect(received).toBeTruthy()

    Received: null

      135 |     // Verify token stored
      136 |     const token = await page.evaluate(() => localStorage.getItem('access_token'));
    > 137 |     expect(token).toBeTruthy();
          |                   ^
      138 |     
      139 |     // Verify login API call succeeded
      140 |     expect(apiLogger.validateCall('/api/auth/login', 200)).toBe(true);
        at C:\Users\ricka\Downloads\performile-platform-main\performile-platform-main\e2e-tests\tests\auth\login.spec.js:137:19

    attachment #1: screenshot (image/png) ──────────────────────────────────────────────────────────
    ..\test-results\auth-login-Authentication--3a2c4----Check-for-dashboard-bugs-chromium\test-failed-1.png
    ────────────────────────────────────────────────────────────────────────────────────────────────

    attachment #2: video (video/webm) ──────────────────────────────────────────────────────────────
    ..\test-results\auth-login-Authentication--3a2c4----Check-for-dashboard-bugs-chromium\video.webm
    ────────────────────────────────────────────────────────────────────────────────────────────────

    Error Context: ..\test-results\auth-login-Authentication--3a2c4----Check-for-dashboard-bugs-chromium\error-context.md
]]>
</failure>
<system-out>
<![CDATA[
🧪 Testing Merchant Login (Dashboard Bug Detection)...
📸 Capturing merchant dashboard state...
Dashboard elements found:
      - Headings: false
      - Stats/Cards: false
      - Orders section: true
    
⚠️ Console errors found: 2
Console errors: [
  {
    type: [32m'error'[39m,
    message: [32m'Failed to load resource: the server responded with a status of 500 (Internal Server Error)'[39m,
    timestamp: [35m2025-10-21T07:44:14.489Z[39m
  },
  {
    type: [32m'error'[39m,
    message: [32m'Failed to load resource: the server responded with a status of 500 (Internal Server Error)'[39m,
    timestamp: [35m2025-10-21T07:44:14.493Z[39m
  }
]
⚠️ Failed API calls: 2
Failed API calls: [
  {
    id: [32m'api-4'[39m,
    endpoint: [32m'/api/analytics/order-trends'[39m,
    method: [32m'GET'[39m,
    requestHeaders: {
      accept: [32m'application/json, text/plain, */*'[39m,
      [32m'accept-language'[39m: [32m'en-US'[39m,
      authorization: [32m'Bearer eyJhbGciOiJIUzI1NiIsInR5cCI6IkpXVCJ9.eyJ1c2VyX2lkIjoiZmMxYTBmZGItYTgyYy00YTgzLTgyYmItZmE3YTRiNGIxM2M5IiwidXNlcklkIjoiZmMxYTBmZGItYTgyYy00YTgzLTgyYmItZmE3YTRiNGIxM2M5IiwiZW1haWwiOiJtZXJjaGFudEBwZXJmb3JtaWxlLmNvbSIsInVzZXJfcm9sZSI6Im1lcmNoYW50Iiwicm9sZSI6Im1lcmNoYW50IiwiaWF0IjoxNzYxMDMyNjUzLCJleHAiOjE3NjEwMzYyNTN9.t-6JooAIO3nyA1QgdAb_BNduHsPrvMG2QN66ni0u3ak'[39m,
      cookie: [32m'accessToken=eyJhbGciOiJIUzI1NiIsInR5cCI6IkpXVCJ9.eyJ1c2VyX2lkIjoiZmMxYTBmZGItYTgyYy00YTgzLTgyYmItZmE3YTRiNGIxM2M5IiwidXNlcklkIjoiZmMxYTBmZGItYTgyYy00YTgzLTgyYmItZmE3YTRiNGIxM2M5IiwiZW1haWwiOiJtZXJjaGFudEBwZXJmb3JtaWxlLmNvbSIsInVzZXJfcm9sZSI6Im1lcmNoYW50Iiwicm9sZSI6Im1lcmNoYW50IiwiaWF0IjoxNzYxMDMyNjUzLCJleHAiOjE3NjEwMzYyNTN9.t-6JooAIO3nyA1QgdAb_BNduHsPrvMG2QN66ni0u3ak; refreshToken=eyJhbGciOiJIUzI1NiIsInR5cCI6IkpXVCJ9.eyJ1c2VyX2lkIjoiZmMxYTBmZGItYTgyYy00YTgzLTgyYmItZmE3YTRiNGIxM2M5IiwidXNlcklkIjoiZmMxYTBmZGItYTgyYy00YTgzLTgyYmItZmE3YTRiNGIxM2M5IiwiaWF0IjoxNzYxMDMyNjUzLCJleHAiOjE3NjE2Mzc0NTN9.6vaxE0ELvFQVz9oPy4cAnNRrZtFpQzk70FQtsjyoQFM'[39m,
      referer: [32m'https://performile-platform-main.vercel.app/'[39m,
      [32m'user-agent'[39m: [32m'Mozilla/5.0 (Windows NT 10.0; Win64; x64) AppleWebKit/537.36 (KHTML, like Gecko) HeadlessChrome/141.0.7390.37 Safari/537.36'[39m,
      [32m'sec-ch-ua'[39m: [32m'"HeadlessChrome";v="141", "Not?A_Brand";v="8", "Chromium";v="141"'[39m,
      [32m'sec-ch-ua-mobile'[39m: [32m'?0'[39m,
      [32m'sec-ch-ua-platform'[39m: [32m'"Windows"'[39m
    },
    requestBody: [1mnull[22m,
    timestamp: [35m2025-10-21T07:44:14.125Z[39m,
    responseStatus: [33m500[39m,
    responseHeaders: {
      [32m'cache-control'[39m: [32m'public, max-age=0, must-revalidate'[39m,
      [32m'content-length'[39m: [32m'68'[39m,
      [32m'content-type'[39m: [32m'application/json'[39m,
      date: [32m'Tue, 21 Oct 2025 07:44:15 GMT'[39m,
      server: [32m'Vercel'[39m,
      [32m'strict-transport-security'[39m: [32m'max-age=63072000; includeSubDomains; preload'[39m,
      [32m'x-vercel-cache'[39m: [32m'BYPASS'[39m,
      [32m'x-vercel-error'[39m: [32m'FUNCTION_INVOCATION_FAILED'[39m,
      [32m'x-vercel-id'[39m: [32m'arn1::vzn89-1761032655102-1e6fb7a6daa9'[39m
    },
    responseBody: { error: [36m[Object][39m },
    duration: [33m358[39m
  },
  {
    id: [32m'api-5'[39m,
    endpoint: [32m'/api/analytics/claims-trends'[39m,
    method: [32m'GET'[39m,
    requestHeaders: {
      accept: [32m'application/json, text/plain, */*'[39m,
      [32m'accept-language'[39m: [32m'en-US'[39m,
      authorization: [32m'Bearer eyJhbGciOiJIUzI1NiIsInR5cCI6IkpXVCJ9.eyJ1c2VyX2lkIjoiZmMxYTBmZGItYTgyYy00YTgzLTgyYmItZmE3YTRiNGIxM2M5IiwidXNlcklkIjoiZmMxYTBmZGItYTgyYy00YTgzLTgyYmItZmE3YTRiNGIxM2M5IiwiZW1haWwiOiJtZXJjaGFudEBwZXJmb3JtaWxlLmNvbSIsInVzZXJfcm9sZSI6Im1lcmNoYW50Iiwicm9sZSI6Im1lcmNoYW50IiwiaWF0IjoxNzYxMDMyNjUzLCJleHAiOjE3NjEwMzYyNTN9.t-6JooAIO3nyA1QgdAb_BNduHsPrvMG2QN66ni0u3ak'[39m,
      cookie: [32m'accessToken=eyJhbGciOiJIUzI1NiIsInR5cCI6IkpXVCJ9.eyJ1c2VyX2lkIjoiZmMxYTBmZGItYTgyYy00YTgzLTgyYmItZmE3YTRiNGIxM2M5IiwidXNlcklkIjoiZmMxYTBmZGItYTgyYy00YTgzLTgyYmItZmE3YTRiNGIxM2M5IiwiZW1haWwiOiJtZXJjaGFudEBwZXJmb3JtaWxlLmNvbSIsInVzZXJfcm9sZSI6Im1lcmNoYW50Iiwicm9sZSI6Im1lcmNoYW50IiwiaWF0IjoxNzYxMDMyNjUzLCJleHAiOjE3NjEwMzYyNTN9.t-6JooAIO3nyA1QgdAb_BNduHsPrvMG2QN66ni0u3ak; refreshToken=eyJhbGciOiJIUzI1NiIsInR5cCI6IkpXVCJ9.eyJ1c2VyX2lkIjoiZmMxYTBmZGItYTgyYy00YTgzLTgyYmItZmE3YTRiNGIxM2M5IiwidXNlcklkIjoiZmMxYTBmZGItYTgyYy00YTgzLTgyYmItZmE3YTRiNGIxM2M5IiwiaWF0IjoxNzYxMDMyNjUzLCJleHAiOjE3NjE2Mzc0NTN9.6vaxE0ELvFQVz9oPy4cAnNRrZtFpQzk70FQtsjyoQFM'[39m,
      referer: [32m'https://performile-platform-main.vercel.app/'[39m,
      [32m'user-agent'[39m: [32m'Mozilla/5.0 (Windows NT 10.0; Win64; x64) AppleWebKit/537.36 (KHTML, like Gecko) HeadlessChrome/141.0.7390.37 Safari/537.36'[39m,
      [32m'sec-ch-ua'[39m: [32m'"HeadlessChrome";v="141", "Not?A_Brand";v="8", "Chromium";v="141"'[39m,
      [32m'sec-ch-ua-mobile'[39m: [32m'?0'[39m,
      [32m'sec-ch-ua-platform'[39m: [32m'"Windows"'[39m
    },
    requestBody: [1mnull[22m,
    timestamp: [35m2025-10-21T07:44:14.128Z[39m,
    responseStatus: [33m500[39m,
    responseHeaders: {
      [32m'cache-control'[39m: [32m'public, max-age=0, must-revalidate'[39m,
      [32m'content-length'[39m: [32m'68'[39m,
      [32m'content-type'[39m: [32m'application/json'[39m,
      date: [32m'Tue, 21 Oct 2025 07:44:15 GMT'[39m,
      server: [32m'Vercel'[39m,
      [32m'strict-transport-security'[39m: [32m'max-age=63072000; includeSubDomains; preload'[39m,
      [32m'x-vercel-cache'[39m: [32m'BYPASS'[39m,
      [32m'x-vercel-error'[39m: [32m'FUNCTION_INVOCATION_FAILED'[39m,
      [32m'x-vercel-id'[39m: [32m'arn1::4p5kh-1761032655106-d384b583edd6'[39m
    },
    responseBody: { error: [36m[Object][39m },
    duration: [33m356[39m
  }
]
⚠️ Slow API calls (>1s): 0

=== Console Summary ===
Total logs: 17
Errors: 2
Warnings: 2

=== Console Errors ===
[2025-10-21T07:44:14.489Z] Failed to load resource: the server responded with a status of 500 (Internal Server Error)
[2025-10-21T07:44:14.493Z] Failed to load resource: the server responded with a status of 500 (Internal Server Error)

=== Network Summary ===
Total requests: 26
API requests: 9
Failed requests: 2

=== Failed Requests ===
[500] GET https://performile-platform-main.vercel.app/api/analytics/order-trends?entity_type=merchant&entity_id=fc1a0fdb-a82c-4a83-82bb-fa7a4b4b13c9&period=30d
[500] GET https://performile-platform-main.vercel.app/api/analytics/claims-trends?entity_type=merchant&entity_id=fc1a0fdb-a82c-4a83-82bb-fa7a4b4b13c9&period=30d

=== API Calls Summary ===
Total API calls: 8
Failed calls: 2
Slow calls (>1s): 0
Average response time: 461.50ms

=== Calls by Endpoint ===
/api/auth: 1 calls
/api/notifications: 1 calls
/api/trustscore/dashboard: 1 calls
/api/analytics/order-trends: 1 calls
/api/analytics/claims-trends: 1 calls
/api/dashboard/trends: 1 calls
/api/dashboard/recent-activity: 1 calls
/api/tracking/summary: 1 calls

=== Failed API Calls ===
[500] GET /api/analytics/order-trends
[500] GET /api/analytics/claims-trends

API logs exported to: api-logs/Merchant-can-login-successfully---Check-for-dashboard-bugs.json

[[ATTACHMENT|test-results\auth-login-Authentication--3a2c4----Check-for-dashboard-bugs-chromium\test-failed-1.png]]

[[ATTACHMENT|test-results\auth-login-Authentication--3a2c4----Check-for-dashboard-bugs-chromium\video.webm]]

[[ATTACHMENT|test-results\auth-login-Authentication--3a2c4----Check-for-dashboard-bugs-chromium\error-context.md]]
]]>
</system-out>
</testcase>
<testcase name="Authentication - Login Flow › Courier can login successfully" classname="auth\login.spec.js" time="7.599">
<failure message="login.spec.js:149:3 Courier can login successfully" type="FAILURE">
<![CDATA[  [chromium] › auth\login.spec.js:149:3 › Authentication - Login Flow › Courier can login successfully 

    Error: expect(locator).toContainText(expected) failed

    Locator: locator('h1, h2, [role="heading"]')
    Expected pattern: /dashboard/i
    Timeout: 5000ms
    Error: element(s) not found

    Call log:
      - Expect "toContainText" with timeout 5000ms
      - waiting for locator('h1, h2, [role="heading"]')


      160 |     
      161 |     // Verify dashboard loaded
    > 162 |     await expect(page.locator('h1, h2, [role="heading"]')).toContainText(/dashboard/i, { timeout: 5000 });
          |                                                            ^
      163 |     
      164 |     // Verify token
      165 |     const token = await page.evaluate(() => localStorage.getItem('access_token'));
        at C:\Users\ricka\Downloads\performile-platform-main\performile-platform-main\e2e-tests\tests\auth\login.spec.js:162:60

    attachment #1: screenshot (image/png) ──────────────────────────────────────────────────────────
    ..\test-results\auth-login-Authentication--72998-rier-can-login-successfully-chromium\test-failed-1.png
    ────────────────────────────────────────────────────────────────────────────────────────────────

    attachment #2: video (video/webm) ──────────────────────────────────────────────────────────────
    ..\test-results\auth-login-Authentication--72998-rier-can-login-successfully-chromium\video.webm
    ────────────────────────────────────────────────────────────────────────────────────────────────

    Error Context: ..\test-results\auth-login-Authentication--72998-rier-can-login-successfully-chromium\error-context.md
]]>
</failure>
<system-out>
<![CDATA[
🧪 Testing Courier Login...

=== Console Summary ===
Total logs: 21
Errors: 6
Warnings: 2

=== Console Errors ===
[2025-10-21T07:44:21.258Z] Failed to load resource: the server responded with a status of 500 (Internal Server Error)
[2025-10-21T07:44:21.260Z] Failed to load resource: the server responded with a status of 500 (Internal Server Error)
[2025-10-21T07:44:22.174Z] Failed to load resource: the server responded with a status of 500 (Internal Server Error)
[2025-10-21T07:44:22.588Z] Failed to load resource: the server responded with a status of 500 (Internal Server Error)
[2025-10-21T07:44:22.610Z] Failed to load resource: the server responded with a status of 500 (Internal Server Error)
[2025-10-21T07:44:24.116Z] Failed to load resource: the server responded with a status of 500 (Internal Server Error)

=== Network Summary ===
Total requests: 23
API requests: 11
Failed requests: 3

=== Failed Requests ===
[500] GET https://performile-platform-main.vercel.app/api/analytics/order-trends?entity_type=courier&entity_id=617f3f03-ec94-415a-8400-dc5c7e29d96f&period=30d
[500] GET https://performile-platform-main.vercel.app/api/analytics/claims-trends?entity_type=courier&entity_id=617f3f03-ec94-415a-8400-dc5c7e29d96f&period=30d
[500] GET https://performile-platform-main.vercel.app/api/claims?entity_type=courier&entity_id=617f3f03-ec94-415a-8400-dc5c7e29d96f&page=1&limit=10

=== API Calls Summary ===
Total API calls: 11
Failed calls: 6
Slow calls (>1s): 2
Average response time: 760.00ms

=== Calls by Endpoint ===
/api/auth: 1 calls
/api/notifications: 1 calls
/api/trustscore/dashboard: 1 calls
/api/analytics/order-trends: 2 calls
/api/analytics/claims-trends: 2 calls
/api/dashboard/trends: 1 calls
/api/dashboard/recent-activity: 1 calls
/api/claims: 2 calls

=== Failed API Calls ===
[500] GET /api/analytics/order-trends
[500] GET /api/analytics/claims-trends
[500] GET /api/claims
[500] GET /api/analytics/order-trends
[500] GET /api/analytics/claims-trends
[500] GET /api/claims

=== Slow API Calls (>1s) ===
[1213ms] GET /api/trustscore/dashboard
[1484ms] GET /api/claims

API logs exported to: api-logs/Courier-can-login-successfully.json

[[ATTACHMENT|test-results\auth-login-Authentication--72998-rier-can-login-successfully-chromium\test-failed-1.png]]

[[ATTACHMENT|test-results\auth-login-Authentication--72998-rier-can-login-successfully-chromium\video.webm]]

[[ATTACHMENT|test-results\auth-login-Authentication--72998-rier-can-login-successfully-chromium\error-context.md]]
]]>
</system-out>
</testcase>
<testcase name="Authentication - Login Flow › Consumer can login successfully" classname="auth\login.spec.js" time="2.25">
<failure message="login.spec.js:179:3 Consumer can login successfully" type="FAILURE">
<![CDATA[  [chromium] › auth\login.spec.js:179:3 › Authentication - Login Flow › Consumer can login successfully 

    Error: expect(received).toBeTruthy()

    Received: null

      193 |     // Verify token
      194 |     const token = await page.evaluate(() => localStorage.getItem('access_token'));
    > 195 |     expect(token).toBeTruthy();
          |                   ^
      196 |     
      197 |     // Verify API call
      198 |     expect(apiLogger.validateCall('/api/auth/login', 200)).toBe(true);
        at C:\Users\ricka\Downloads\performile-platform-main\performile-platform-main\e2e-tests\tests\auth\login.spec.js:195:19

    attachment #1: screenshot (image/png) ──────────────────────────────────────────────────────────
    ..\test-results\auth-login-Authentication--4f109-umer-can-login-successfully-chromium\test-failed-1.png
    ────────────────────────────────────────────────────────────────────────────────────────────────

    attachment #2: video (video/webm) ──────────────────────────────────────────────────────────────
    ..\test-results\auth-login-Authentication--4f109-umer-can-login-successfully-chromium\video.webm
    ────────────────────────────────────────────────────────────────────────────────────────────────

    Error Context: ..\test-results\auth-login-Authentication--4f109-umer-can-login-successfully-chromium\error-context.md
]]>
</failure>
<system-out>
<![CDATA[
🧪 Testing Consumer Login...

=== Console Summary ===
Total logs: 7
Errors: 0
Warnings: 1

=== Network Summary ===
Total requests: 12
API requests: 1
Failed requests: 0

=== API Calls Summary ===
Total API calls: 0
Failed calls: 0
Slow calls (>1s): 0
Average response time: 0.00ms

=== Calls by Endpoint ===

API logs exported to: api-logs/Consumer-can-login-successfully.json

[[ATTACHMENT|test-results\auth-login-Authentication--4f109-umer-can-login-successfully-chromium\test-failed-1.png]]

[[ATTACHMENT|test-results\auth-login-Authentication--4f109-umer-can-login-successfully-chromium\video.webm]]

[[ATTACHMENT|test-results\auth-login-Authentication--4f109-umer-can-login-successfully-chromium\error-context.md]]
]]>
</system-out>
</testcase>
<testcase name="Authentication - Login Flow › Invalid email shows error" classname="auth\login.spec.js" time="4.302">
<system-out>
<![CDATA[
🧪 Testing Invalid Email...
Current URL: https://performile-platform-main.vercel.app/#/login
Error message shown: true
✅ Invalid email test passed

=== Console Summary ===
Total logs: 10
Errors: 3
Warnings: 1

=== Console Errors ===
[2025-10-21T07:44:31.745Z] Failed to load resource: the server responded with a status of 401 (Unauthorized)
[2025-10-21T07:44:31.748Z] Login error details: {message: Request failed with status code 401, response: Object, status: 401, url: https://performile-platform-main.vercel.app/api/auth}
[2025-10-21T07:44:31.749Z] Login error: Error: Invalid credentials
    at $je.login (https://performile-platform-main.vercel.app/assets/js/index-Bdi3m9Ew.js:484:6950)
    at async login (https://performile-platform-main.vercel.app/assets/js/index-Bdi3m9Ew.js:487:92912)
    at async j (https://performile-platform-main.vercel.app/assets/js/index-Bdi3m9Ew.js:497:18903)
    at async https://performile-platform-main.vercel.app/assets/js/index-Bdi3m9Ew.js:494:55074

=== Network Summary ===
Total requests: 12
API requests: 1
Failed requests: 1

=== Failed Requests ===
[401] POST https://performile-platform-main.vercel.app/api/auth

=== API Calls Summary ===
Total API calls: 1
Failed calls: 1
Slow calls (>1s): 0
Average response time: 443.00ms

=== Calls by Endpoint ===
/api/auth: 1 calls

=== Failed API Calls ===
[401] POST /api/auth
  Error: Invalid credentials

API logs exported to: api-logs/Invalid-email-shows-error.json
]]>
</system-out>
</testcase>
<testcase name="Authentication - Login Flow › Invalid password shows error" classname="auth\login.spec.js" time="4.66">
<system-out>
<![CDATA[
🧪 Testing Invalid Password...
Current URL: https://performile-platform-main.vercel.app/#/login
Error message shown: true
✅ Invalid password test passed

=== Console Summary ===
Total logs: 10
Errors: 3
Warnings: 1

=== Console Errors ===
[2025-10-21T07:44:35.974Z] Failed to load resource: the server responded with a status of 401 (Unauthorized)
[2025-10-21T07:44:35.977Z] Login error details: {message: Request failed with status code 401, response: Object, status: 401, url: https://performile-platform-main.vercel.app/api/auth}
[2025-10-21T07:44:35.977Z] Login error: Error: Invalid credentials
    at $je.login (https://performile-platform-main.vercel.app/assets/js/index-Bdi3m9Ew.js:484:6950)
    at async login (https://performile-platform-main.vercel.app/assets/js/index-Bdi3m9Ew.js:487:92912)
    at async j (https://performile-platform-main.vercel.app/assets/js/index-Bdi3m9Ew.js:497:18903)
    at async https://performile-platform-main.vercel.app/assets/js/index-Bdi3m9Ew.js:494:55074

=== Network Summary ===
Total requests: 12
API requests: 1
Failed requests: 1

=== Failed Requests ===
[401] POST https://performile-platform-main.vercel.app/api/auth

=== API Calls Summary ===
Total API calls: 1
Failed calls: 1
Slow calls (>1s): 0
Average response time: 354.00ms

=== Calls by Endpoint ===
/api/auth: 1 calls

=== Failed API Calls ===
[401] POST /api/auth
  Error: Invalid credentials

API logs exported to: api-logs/Invalid-password-shows-error.json
]]>
</system-out>
</testcase>
<testcase name="Authentication - Login Flow › Empty fields show validation error" classname="auth\login.spec.js" time="3.561">
<system-out>
<![CDATA[
🧪 Testing Empty Fields...
✅ Empty fields test passed

=== Console Summary ===
Total logs: 4
Errors: 0
Warnings: 1

=== Network Summary ===
Total requests: 11
API requests: 0
Failed requests: 0

=== API Calls Summary ===
Total API calls: 0
Failed calls: 0
Slow calls (>1s): 0
Average response time: 0.00ms

=== Calls by Endpoint ===

API logs exported to: api-logs/Empty-fields-show-validation-error.json
]]>
</system-out>
</testcase>
<testcase name="Authentication - Login Flow › User can logout successfully" classname="auth\login.spec.js" time="2.573">
<failure message="login.spec.js:285:3 User can logout successfully" type="FAILURE">
<![CDATA[  [chromium] › auth\login.spec.js:285:3 › Authentication - Login Flow › User can logout successfully 

    Error: page.click: SyntaxError: Invalid flags supplied to RegExp constructor 'i, button:has-text("Logout"), [aria-label*="logout"]'
        at new RegExp (<anonymous>)
        at createTextMatcher (<anonymous>:7786:16)
        at Object.queryAll (<anonymous>:6691:33)
        at InjectedScript._queryEngineAll (<anonymous>:6664:49)
        at InjectedScript.querySelectorAll (<anonymous>:6651:30)
        at eval (eval at evaluate (:290:30), <anonymous>:2:35)
        at UtilityScript.evaluate (<anonymous>:292:16)
        at UtilityScript.<anonymous> (<anonymous>:1:44)
    Call log:
      - waiting for locator('text=/logout/i, button:has-text("Logout"), [aria-label*="logout"]')

        at createTextMatcher (<anonymous>:7786:16)
        at Object.queryAll (<anonymous>:6691:33)
        at InjectedScript._queryEngineAll (<anonymous>:6664:49)
        at InjectedScript.querySelectorAll (<anonymous>:6651:30)
        at eval (eval at evaluate (:290:30), <anonymous>:2:35)
        at UtilityScript.evaluate (<anonymous>:292:16)
        at UtilityScript.<anonymous> (<anonymous>:1:44)
        at C:\Users\ricka\Downloads\performile-platform-main\performile-platform-main\e2e-tests\tests\auth\login.spec.js:299:16

    attachment #1: screenshot (image/png) ──────────────────────────────────────────────────────────
    ..\test-results\auth-login-Authentication--45b41-ser-can-logout-successfully-chromium\test-failed-1.png
    ────────────────────────────────────────────────────────────────────────────────────────────────

    attachment #2: video (video/webm) ──────────────────────────────────────────────────────────────
    ..\test-results\auth-login-Authentication--45b41-ser-can-logout-successfully-chromium\video.webm
    ────────────────────────────────────────────────────────────────────────────────────────────────

    Error Context: ..\test-results\auth-login-Authentication--45b41-ser-can-logout-successfully-chromium\error-context.md
]]>
</failure>
<system-out>
<![CDATA[
🧪 Testing Logout...

=== Console Summary ===
Total logs: 14
Errors: 0
Warnings: 2

=== Network Summary ===
Total requests: 15
API requests: 3
Failed requests: 0

=== API Calls Summary ===
Total API calls: 1
Failed calls: 0
Slow calls (>1s): 0
Average response time: 415.00ms

=== Calls by Endpoint ===
/api/auth: 1 calls

API logs exported to: api-logs/User-can-logout-successfully.json

[[ATTACHMENT|test-results\auth-login-Authentication--45b41-ser-can-logout-successfully-chromium\test-failed-1.png]]

[[ATTACHMENT|test-results\auth-login-Authentication--45b41-ser-can-logout-successfully-chromium\video.webm]]

[[ATTACHMENT|test-results\auth-login-Authentication--45b41-ser-can-logout-successfully-chromium\error-context.md]]
]]>
</system-out>
</testcase>
<testcase name="Authentication - Login Flow › Session persists after page reload" classname="auth\login.spec.js" time="6.35">
<failure message="login.spec.js:316:3 Session persists after page reload" type="FAILURE">
<![CDATA[  [chromium] › auth\login.spec.js:316:3 › Authentication - Login Flow › Session persists after page reload 

    Error: expect(received).toBeTruthy()

    Received: null

      337 |     // Token should still exist
      338 |     const token = await page.evaluate(() => localStorage.getItem('access_token'));
    > 339 |     expect(token).toBeTruthy();
          |                   ^
      340 |     
      341 |     console.log('✅ Session persistence test passed');
      342 |   });
        at C:\Users\ricka\Downloads\performile-platform-main\performile-platform-main\e2e-tests\tests\auth\login.spec.js:339:19

    attachment #1: screenshot (image/png) ──────────────────────────────────────────────────────────
    ..\test-results\auth-login-Authentication--ca1b8--persists-after-page-reload-chromium\test-failed-1.png
    ────────────────────────────────────────────────────────────────────────────────────────────────

    attachment #2: video (video/webm) ──────────────────────────────────────────────────────────────
    ..\test-results\auth-login-Authentication--ca1b8--persists-after-page-reload-chromium\video.webm
    ────────────────────────────────────────────────────────────────────────────────────────────────

    Error Context: ..\test-results\auth-login-Authentication--ca1b8--persists-after-page-reload-chromium\error-context.md
]]>
</failure>
<system-out>
<![CDATA[
🧪 Testing Session Persistence...

=== Console Summary ===
Total logs: 23
Errors: 0
Warnings: 4

=== Network Summary ===
Total requests: 34
API requests: 8
Failed requests: 0

=== API Calls Summary ===
Total API calls: 8
Failed calls: 0
Slow calls (>1s): 4
Average response time: 816.75ms

=== Calls by Endpoint ===
/api/auth: 1 calls
/api/notifications: 2 calls
/api/trustscore/dashboard: 2 calls
/api/dashboard/trends: 1 calls
/api/dashboard/recent-activity: 1 calls
/api/tracking/summary: 1 calls

=== Slow API Calls (>1s) ===
[1003ms] GET /api/trustscore/dashboard
[1034ms] GET /api/trustscore/dashboard
[1005ms] GET /api/dashboard/recent-activity
[1212ms] GET /api/tracking/summary

API logs exported to: api-logs/Session-persists-after-page-reload.json

[[ATTACHMENT|test-results\auth-login-Authentication--ca1b8--persists-after-page-reload-chromium\test-failed-1.png]]

[[ATTACHMENT|test-results\auth-login-Authentication--ca1b8--persists-after-page-reload-chromium\video.webm]]

[[ATTACHMENT|test-results\auth-login-Authentication--ca1b8--persists-after-page-reload-chromium\error-context.md]]
]]>
</system-out>
</testcase>
<testcase name="Authentication - Login Flow › Login API responds within acceptable time" classname="auth\login.spec.js" time="2.695">
<failure message="login.spec.js:345:3 Login API responds within acceptable time" type="FAILURE">
<![CDATA[  [chromium] › auth\login.spec.js:345:3 › Authentication - Login Flow › Login API responds within acceptable time 

    Error: expect(received).toBeDefined()

    Received: undefined

      357 |     // Check API response time
      358 |     const loginCall = apiLogger.getCallsByEndpoint('/api/auth/login')[0];
    > 359 |     expect(loginCall).toBeDefined();
          |                       ^
      360 |     expect(loginCall.duration).toBeLessThan(2000); // Should respond in <2s
      361 |     
      362 |     console.log(`Login API response time: ${loginCall.duration}ms`);
        at C:\Users\ricka\Downloads\performile-platform-main\performile-platform-main\e2e-tests\tests\auth\login.spec.js:359:23

    attachment #1: screenshot (image/png) ──────────────────────────────────────────────────────────
    ..\test-results\auth-login-Authentication--ee057-onds-within-acceptable-time-chromium\test-failed-1.png
    ────────────────────────────────────────────────────────────────────────────────────────────────

    attachment #2: video (video/webm) ──────────────────────────────────────────────────────────────
    ..\test-results\auth-login-Authentication--ee057-onds-within-acceptable-time-chromium\video.webm
    ────────────────────────────────────────────────────────────────────────────────────────────────

    Error Context: ..\test-results\auth-login-Authentication--ee057-onds-within-acceptable-time-chromium\error-context.md
]]>
</failure>
<system-out>
<![CDATA[
🧪 Testing API Response Time...

=== Console Summary ===
Total logs: 14
Errors: 0
Warnings: 2

=== Network Summary ===
Total requests: 15
API requests: 3
Failed requests: 0

=== API Calls Summary ===
Total API calls: 1
Failed calls: 0
Slow calls (>1s): 0
Average response time: 575.00ms

=== Calls by Endpoint ===
/api/auth: 1 calls

API logs exported to: api-logs/Login-API-responds-within-acceptable-time.json

[[ATTACHMENT|test-results\auth-login-Authentication--ee057-onds-within-acceptable-time-chromium\test-failed-1.png]]

[[ATTACHMENT|test-results\auth-login-Authentication--ee057-onds-within-acceptable-time-chromium\video.webm]]

[[ATTACHMENT|test-results\auth-login-Authentication--ee057-onds-within-acceptable-time-chromium\error-context.md]]
]]>
</system-out>
</testcase>
</testsuite>
<testsuite name="homepage.spec.js" timestamp="2025-10-21T07:32:30.514Z" hostname="chromium" tests="18" failures="8" skipped="0" time="27.726" errors="0">
<testcase name="Homepage - Public View › should display top navigation bar with logo and buttons" classname="homepage.spec.js" time="1.515">
<failure message="homepage.spec.js:14:3 should display top navigation bar with logo and buttons" type="FAILURE">
<![CDATA[  [chromium] › homepage.spec.js:14:3 › Homepage - Public View › should display top navigation bar with logo and buttons 

    Error: expect(locator).toBeVisible() failed

    Locator: getByRole('button', { name: 'Pricing' })
    Expected: visible
    Error: strict mode violation: getByRole('button', { name: 'Pricing' }) resolved to 3 elements:
        1) <button tabindex="0" type="button" class="MuiButtonBase-root MuiButton-root MuiButton-text MuiButton-textInherit MuiButton-sizeMedium MuiButton-textSizeMedium MuiButton-colorInherit MuiButton-root MuiButton-text MuiButton-textInherit MuiButton-sizeMedium MuiButton-textSizeMedium MuiButton-colorInherit css-17dv3cx">…</button> aka getByRole('button', { name: 'Pricing' }).first()
        2) <button tabindex="0" type="button" class="MuiButtonBase-root MuiButton-root MuiButton-contained MuiButton-containedPrimary MuiButton-sizeLarge MuiButton-containedSizeLarge MuiButton-colorPrimary MuiButton-root MuiButton-contained MuiButton-containedPrimary MuiButton-sizeLarge MuiButton-containedSizeLarge MuiButton-colorPrimary css-ueved3">…</button> aka getByRole('button', { name: 'View Pricing' })
        3) <button tabindex="0" type="button" class="MuiButtonBase-root MuiButton-root MuiButton-text MuiButton-textInherit MuiButton-sizeMedium MuiButton-textSizeMedium MuiButton-colorInherit MuiButton-root MuiButton-text MuiButton-textInherit MuiButton-sizeMedium MuiButton-textSizeMedium MuiButton-colorInherit css-7qj21t">…</button> aka getByRole('button', { name: 'Pricing' }).nth(2)

    Call log:
      - Expect "toBeVisible" with timeout 5000ms
      - waiting for getByRole('button', { name: 'Pricing' })


      17 |     
      18 |     // Check navigation links
    > 19 |     await expect(page.getByRole('button', { name: 'Pricing' })).toBeVisible();
         |                                                                 ^
      20 |     await expect(page.getByRole('button', { name: 'About' })).toBeVisible();
      21 |     await expect(page.getByRole('button', { name: 'Contact' })).toBeVisible();
      22 |     
        at C:\Users\ricka\Downloads\performile-platform-main\performile-platform-main\e2e-tests\tests\homepage.spec.js:19:65

    attachment #1: screenshot (image/png) ──────────────────────────────────────────────────────────
    ..\test-results\homepage-Homepage---Public-8475c-n-bar-with-logo-and-buttons-chromium\test-failed-1.png
    ────────────────────────────────────────────────────────────────────────────────────────────────

    attachment #2: video (video/webm) ──────────────────────────────────────────────────────────────
    ..\test-results\homepage-Homepage---Public-8475c-n-bar-with-logo-and-buttons-chromium\video.webm
    ────────────────────────────────────────────────────────────────────────────────────────────────

    Error Context: ..\test-results\homepage-Homepage---Public-8475c-n-bar-with-logo-and-buttons-chromium\error-context.md
]]>
</failure>
<system-out>
<![CDATA[
[[ATTACHMENT|test-results\homepage-Homepage---Public-8475c-n-bar-with-logo-and-buttons-chromium\test-failed-1.png]]

[[ATTACHMENT|test-results\homepage-Homepage---Public-8475c-n-bar-with-logo-and-buttons-chromium\video.webm]]

[[ATTACHMENT|test-results\homepage-Homepage---Public-8475c-n-bar-with-logo-and-buttons-chromium\error-context.md]]
]]>
</system-out>
</testcase>
<testcase name="Homepage - Public View › should navigate to login page when Login button is clicked" classname="homepage.spec.js" time="1.849">
</testcase>
<testcase name="Homepage - Public View › should navigate to register page when Get Started is clicked" classname="homepage.spec.js" time="1.727">
</testcase>
<testcase name="Homepage - Public View › should display hero section with title and description" classname="homepage.spec.js" time="1.62">
<failure message="homepage.spec.js:38:3 should display hero section with title and description" type="FAILURE">
<![CDATA[  [chromium] › homepage.spec.js:38:3 › Homepage - Public View › should display hero section with title and description 

    Error: expect(locator).toBeVisible() failed

    Locator: getByRole('heading', { name: 'Performile' })
    Expected: visible
    Error: strict mode violation: getByRole('heading', { name: 'Performile' }) resolved to 4 elements:
        1) <h6 class="MuiTypography-root MuiTypography-h6 css-1x5v5r2">Performile</h6> aka getByRole('heading', { name: 'Performile' }).first()
        2) <h2 class="MuiTypography-root MuiTypography-h2 css-1ww3xd8">Performile</h2> aka locator('h2')
        3) <h3 class="MuiTypography-root MuiTypography-h3 MuiTypography-gutterBottom css-1bajvq9">Why Choose Performile?</h3> aka getByRole('heading', { name: 'Why Choose Performile?' })
        4) <h6 class="MuiTypography-root MuiTypography-h6 MuiTypography-gutterBottom css-ipvf0">Performile</h6> aka getByRole('heading', { name: 'Performile' }).nth(3)

    Call log:
      - Expect "toBeVisible" with timeout 5000ms
      - waiting for getByRole('heading', { name: 'Performile' })


      37 |
      38 |   test('should display hero section with title and description', async ({ page }) => {
    > 39 |     await expect(page.getByRole('heading', { name: 'Performile' })).toBeVisible();
         |                                                                     ^
      40 |     await expect(page.getByText('The Last Mile Performance Index')).toBeVisible();
      41 |     await expect(page.getByText(/Transparent delivery performance ratings/i)).toBeVisible();
      42 |   });
        at C:\Users\ricka\Downloads\performile-platform-main\performile-platform-main\e2e-tests\tests\homepage.spec.js:39:69

    attachment #1: screenshot (image/png) ──────────────────────────────────────────────────────────
    ..\test-results\homepage-Homepage---Public-480d4--with-title-and-description-chromium\test-failed-1.png
    ────────────────────────────────────────────────────────────────────────────────────────────────

    attachment #2: video (video/webm) ──────────────────────────────────────────────────────────────
    ..\test-results\homepage-Homepage---Public-480d4--with-title-and-description-chromium\video.webm
    ────────────────────────────────────────────────────────────────────────────────────────────────

    Error Context: ..\test-results\homepage-Homepage---Public-480d4--with-title-and-description-chromium\error-context.md
]]>
</failure>
<system-out>
<![CDATA[
[[ATTACHMENT|test-results\homepage-Homepage---Public-480d4--with-title-and-description-chromium\test-failed-1.png]]

[[ATTACHMENT|test-results\homepage-Homepage---Public-480d4--with-title-and-description-chromium\video.webm]]

[[ATTACHMENT|test-results\homepage-Homepage---Public-480d4--with-title-and-description-chromium\error-context.md]]
]]>
</system-out>
</testcase>
<testcase name="Homepage - Public View › should display feature showcase section" classname="homepage.spec.js" time="1.491">
<failure message="homepage.spec.js:44:3 should display feature showcase section" type="FAILURE">
<![CDATA[  [chromium] › homepage.spec.js:44:3 › Homepage - Public View › should display feature showcase section 

    Error: expect(locator).toBeVisible() failed

    Locator: getByRole('heading', { name: 'Analytics Dashboard' })
    Expected: visible
    Error: strict mode violation: getByRole('heading', { name: 'Analytics Dashboard' }) resolved to 2 elements:
        1) <h4 class="MuiTypography-root MuiTypography-h4 css-1uyaquk">Analytics Dashboard</h4> aka locator('h4').filter({ hasText: 'Analytics Dashboard' })
        2) <h6 class="MuiTypography-root MuiTypography-h6 MuiTypography-gutterBottom css-v9eyno">Analytics Dashboard</h6> aka locator('h6').filter({ hasText: 'Analytics Dashboard' })

    Call log:
      - Expect "toBeVisible" with timeout 5000ms
      - waiting for getByRole('heading', { name: 'Analytics Dashboard' })


      47 |     
      48 |     // Check Analytics Dashboard feature
    > 49 |     await expect(page.getByRole('heading', { name: 'Analytics Dashboard' })).toBeVisible();
         |                                                                              ^
      50 |     await expect(page.getByText(/real-time insights/i)).toBeVisible();
      51 |     
      52 |     // Check Parcel Points Map feature
        at C:\Users\ricka\Downloads\performile-platform-main\performile-platform-main\e2e-tests\tests\homepage.spec.js:49:78

    attachment #1: screenshot (image/png) ──────────────────────────────────────────────────────────
    ..\test-results\homepage-Homepage---Public-1910b-ay-feature-showcase-section-chromium\test-failed-1.png
    ────────────────────────────────────────────────────────────────────────────────────────────────

    attachment #2: video (video/webm) ──────────────────────────────────────────────────────────────
    ..\test-results\homepage-Homepage---Public-1910b-ay-feature-showcase-section-chromium\video.webm
    ────────────────────────────────────────────────────────────────────────────────────────────────

    Error Context: ..\test-results\homepage-Homepage---Public-1910b-ay-feature-showcase-section-chromium\error-context.md
]]>
</failure>
<system-out>
<![CDATA[
[[ATTACHMENT|test-results\homepage-Homepage---Public-1910b-ay-feature-showcase-section-chromium\test-failed-1.png]]

[[ATTACHMENT|test-results\homepage-Homepage---Public-1910b-ay-feature-showcase-section-chromium\video.webm]]

[[ATTACHMENT|test-results\homepage-Homepage---Public-1910b-ay-feature-showcase-section-chromium\error-context.md]]
]]>
</system-out>
</testcase>
<testcase name="Homepage - Public View › should display feature grid with 6 cards" classname="homepage.spec.js" time="1.471">
<failure message="homepage.spec.js:61:3 should display feature grid with 6 cards" type="FAILURE">
<![CDATA[  [chromium] › homepage.spec.js:61:3 › Homepage - Public View › should display feature grid with 6 cards 

    Error: expect(locator).toBeVisible() failed

    Locator: getByText('TrustScore System')
    Expected: visible
    Error: strict mode violation: getByText('TrustScore System') resolved to 2 elements:
        1) <h6 class="MuiTypography-root MuiTypography-h6 MuiTypography-gutterBottom css-v9eyno">TrustScore System</h6> aka getByRole('heading', { name: 'TrustScore System' })
        2) <p class="MuiTypography-root MuiTypography-body1 MuiTypography-paragraph css-pnftlx">Performile has transformed how we manage our deli…</p> aka getByText('Performile has transformed')

    Call log:
      - Expect "toBeVisible" with timeout 5000ms
      - waiting for getByText('TrustScore System')


      63 |     
      64 |     // Check all 6 feature cards
    > 65 |     await expect(page.getByText('TrustScore System')).toBeVisible();
         |                                                       ^
      66 |     await expect(page.getByText('Real-Time Tracking')).toBeVisible();
      67 |     await expect(page.getByText('Analytics Dashboard')).toBeVisible();
      68 |     await expect(page.getByText('Secure Platform')).toBeVisible();
        at C:\Users\ricka\Downloads\performile-platform-main\performile-platform-main\e2e-tests\tests\homepage.spec.js:65:55

    attachment #1: screenshot (image/png) ──────────────────────────────────────────────────────────
    ..\test-results\homepage-Homepage---Public-78e7c-y-feature-grid-with-6-cards-chromium\test-failed-1.png
    ────────────────────────────────────────────────────────────────────────────────────────────────

    attachment #2: video (video/webm) ──────────────────────────────────────────────────────────────
    ..\test-results\homepage-Homepage---Public-78e7c-y-feature-grid-with-6-cards-chromium\video.webm
    ────────────────────────────────────────────────────────────────────────────────────────────────

    Error Context: ..\test-results\homepage-Homepage---Public-78e7c-y-feature-grid-with-6-cards-chromium\error-context.md
]]>
</failure>
<system-out>
<![CDATA[
[[ATTACHMENT|test-results\homepage-Homepage---Public-78e7c-y-feature-grid-with-6-cards-chromium\test-failed-1.png]]

[[ATTACHMENT|test-results\homepage-Homepage---Public-78e7c-y-feature-grid-with-6-cards-chromium\video.webm]]

[[ATTACHMENT|test-results\homepage-Homepage---Public-78e7c-y-feature-grid-with-6-cards-chromium\error-context.md]]
]]>
</system-out>
</testcase>
<testcase name="Homepage - Public View › should display enhanced stats section" classname="homepage.spec.js" time="1.531">
<failure message="homepage.spec.js:73:3 should display enhanced stats section" type="FAILURE">
<![CDATA[  [chromium] › homepage.spec.js:73:3 › Homepage - Public View › should display enhanced stats section 

    Error: expect(locator).toBeVisible() failed

    Locator: getByText('Customer Reviews')
    Expected: visible
    Error: strict mode violation: getByText('Customer Reviews') resolved to 2 elements:
        1) <p class="MuiTypography-root MuiTypography-body2 css-1kenlns">Customer reviews</p> aka getByText('Customer reviews', { exact: true })
        2) <p class="MuiTypography-root MuiTypography-body1 css-rgpj08">Customer Reviews</p> aka getByText('Customer Reviews', { exact: true })

    Call log:
      - Expect "toBeVisible" with timeout 5000ms
      - waiting for getByText('Customer Reviews')


      85 |     
      86 |     await expect(page.getByText('50K+')).toBeVisible();
    > 87 |     await expect(page.getByText('Customer Reviews')).toBeVisible();
         |                                                      ^
      88 |   });
      89 |
      90 |   test('should display customer testimonial with 5 stars', async ({ page }) => {
        at C:\Users\ricka\Downloads\performile-platform-main\performile-platform-main\e2e-tests\tests\homepage.spec.js:87:54

    attachment #1: screenshot (image/png) ──────────────────────────────────────────────────────────
    ..\test-results\homepage-Homepage---Public-585c7-play-enhanced-stats-section-chromium\test-failed-1.png
    ────────────────────────────────────────────────────────────────────────────────────────────────

    attachment #2: video (video/webm) ──────────────────────────────────────────────────────────────
    ..\test-results\homepage-Homepage---Public-585c7-play-enhanced-stats-section-chromium\video.webm
    ────────────────────────────────────────────────────────────────────────────────────────────────

    Error Context: ..\test-results\homepage-Homepage---Public-585c7-play-enhanced-stats-section-chromium\error-context.md
]]>
</failure>
<system-out>
<![CDATA[
[[ATTACHMENT|test-results\homepage-Homepage---Public-585c7-play-enhanced-stats-section-chromium\test-failed-1.png]]

[[ATTACHMENT|test-results\homepage-Homepage---Public-585c7-play-enhanced-stats-section-chromium\video.webm]]

[[ATTACHMENT|test-results\homepage-Homepage---Public-585c7-play-enhanced-stats-section-chromium\error-context.md]]
]]>
</system-out>
</testcase>
<testcase name="Homepage - Public View › should display customer testimonial with 5 stars" classname="homepage.spec.js" time="1.608">
</testcase>
<testcase name="Homepage - Public View › should display CTA section with pricing and contact buttons" classname="homepage.spec.js" time="1.455">
</testcase>
<testcase name="Homepage - Public View › should display footer with links" classname="homepage.spec.js" time="1.119">
</testcase>
<testcase name="Homepage - Public View › should navigate to pricing page from CTA" classname="homepage.spec.js" time="1.028">
</testcase>
<testcase name="Homepage - Public View › should navigate to contact page from CTA" classname="homepage.spec.js" time="1.343">
</testcase>
<testcase name="Homepage - Public View › should be responsive on mobile viewport" classname="homepage.spec.js" time="1.061">
<failure message="homepage.spec.js:124:3 should be responsive on mobile viewport" type="FAILURE">
<![CDATA[  [chromium] › homepage.spec.js:124:3 › Homepage - Public View › should be responsive on mobile viewport 

    Error: expect(locator).toBeVisible() failed

    Locator: getByRole('heading', { name: 'Performile' })
    Expected: visible
    Error: strict mode violation: getByRole('heading', { name: 'Performile' }) resolved to 4 elements:
        1) <h6 class="MuiTypography-root MuiTypography-h6 css-1x5v5r2">Performile</h6> aka getByRole('heading', { name: 'Performile' }).first()
        2) <h2 class="MuiTypography-root MuiTypography-h2 css-1ww3xd8">Performile</h2> aka locator('h2')
        3) <h3 class="MuiTypography-root MuiTypography-h3 MuiTypography-gutterBottom css-1bajvq9">Why Choose Performile?</h3> aka getByRole('heading', { name: 'Why Choose Performile?' })
        4) <h6 class="MuiTypography-root MuiTypography-h6 MuiTypography-gutterBottom css-ipvf0">Performile</h6> aka getByRole('heading', { name: 'Performile' }).nth(3)

    Call log:
      - Expect "toBeVisible" with timeout 5000ms
      - waiting for getByRole('heading', { name: 'Performile' })


      126 |     
      127 |     // Check that main elements are still visible
    > 128 |     await expect(page.getByRole('heading', { name: 'Performile' })).toBeVisible();
          |                                                                     ^
      129 |     await expect(page.getByRole('button', { name: /Login/i })).toBeVisible();
      130 |     await expect(page.getByRole('button', { name: /Get Started/i }).first()).toBeVisible();
      131 |   });
        at C:\Users\ricka\Downloads\performile-platform-main\performile-platform-main\e2e-tests\tests\homepage.spec.js:128:69

    attachment #1: screenshot (image/png) ──────────────────────────────────────────────────────────
    ..\test-results\homepage-Homepage---Public-dca5a-sponsive-on-mobile-viewport-chromium\test-failed-1.png
    ────────────────────────────────────────────────────────────────────────────────────────────────

    attachment #2: video (video/webm) ──────────────────────────────────────────────────────────────
    ..\test-results\homepage-Homepage---Public-dca5a-sponsive-on-mobile-viewport-chromium\video.webm
    ────────────────────────────────────────────────────────────────────────────────────────────────

    Error Context: ..\test-results\homepage-Homepage---Public-dca5a-sponsive-on-mobile-viewport-chromium\error-context.md
]]>
</failure>
<system-out>
<![CDATA[
[[ATTACHMENT|test-results\homepage-Homepage---Public-dca5a-sponsive-on-mobile-viewport-chromium\test-failed-1.png]]

[[ATTACHMENT|test-results\homepage-Homepage---Public-dca5a-sponsive-on-mobile-viewport-chromium\video.webm]]

[[ATTACHMENT|test-results\homepage-Homepage---Public-dca5a-sponsive-on-mobile-viewport-chromium\error-context.md]]
]]>
</system-out>
</testcase>
<testcase name="Homepage - Public View › should have sticky navigation that stays on scroll" classname="homepage.spec.js" time="1.213">
</testcase>
<testcase name="Homepage - Authenticated User › should show Dashboard button instead of Login/Register" classname="homepage.spec.js" time="1.573">
<failure message="homepage.spec.js:165:3 should show Dashboard button instead of Login/Register" type="FAILURE">
<![CDATA[  [chromium] › homepage.spec.js:165:3 › Homepage - Authenticated User › should show Dashboard button instead of Login/Register 

    Error: expect(locator).toBeVisible() failed

    Locator: getByRole('button', { name: 'Dashboard' })
    Expected: visible
    Error: strict mode violation: getByRole('button', { name: 'Dashboard' }) resolved to 2 elements:
        1) <button tabindex="0" type="button" class="MuiButtonBase-root MuiButton-root MuiButton-contained MuiButton-containedPrimary MuiButton-sizeMedium MuiButton-containedSizeMedium MuiButton-colorPrimary MuiButton-root MuiButton-contained MuiButton-containedPrimary MuiButton-sizeMedium MuiButton-containedSizeMedium MuiButton-colorPrimary css-ny7a89">…</button> aka getByRole('button', { name: 'Dashboard', exact: true })
        2) <button tabindex="0" type="button" class="MuiButtonBase-root MuiButton-root MuiButton-contained MuiButton-containedPrimary MuiButton-sizeLarge MuiButton-containedSizeLarge MuiButton-colorPrimary MuiButton-root MuiButton-contained MuiButton-containedPrimary MuiButton-sizeLarge MuiButton-containedSizeLarge MuiButton-colorPrimary css-ueved3">…</button> aka getByRole('button', { name: 'Go to Dashboard' })

    Call log:
      - Expect "toBeVisible" with timeout 5000ms
      - waiting for getByRole('button', { name: 'Dashboard' })


      164 |
      165 |   test('should show Dashboard button instead of Login/Register', async ({ page }) => {
    > 166 |     await expect(page.getByRole('button', { name: 'Dashboard' })).toBeVisible();
          |                                                                   ^
      167 |     await expect(page.getByRole('button', { name: /Login/i })).not.toBeVisible();
      168 |     await expect(page.getByRole('button', { name: /Get Started/i })).not.toBeVisible();
      169 |   });
        at C:\Users\ricka\Downloads\performile-platform-main\performile-platform-main\e2e-tests\tests\homepage.spec.js:166:67

    attachment #1: screenshot (image/png) ──────────────────────────────────────────────────────────
    ..\test-results\homepage-Homepage---Authen-c5d2f-n-instead-of-Login-Register-chromium\test-failed-1.png
    ────────────────────────────────────────────────────────────────────────────────────────────────

    attachment #2: video (video/webm) ──────────────────────────────────────────────────────────────
    ..\test-results\homepage-Homepage---Authen-c5d2f-n-instead-of-Login-Register-chromium\video.webm
    ────────────────────────────────────────────────────────────────────────────────────────────────

    Error Context: ..\test-results\homepage-Homepage---Authen-c5d2f-n-instead-of-Login-Register-chromium\error-context.md
]]>
</failure>
<system-out>
<![CDATA[
[[ATTACHMENT|test-results\homepage-Homepage---Authen-c5d2f-n-instead-of-Login-Register-chromium\test-failed-1.png]]

[[ATTACHMENT|test-results\homepage-Homepage---Authen-c5d2f-n-instead-of-Login-Register-chromium\video.webm]]

[[ATTACHMENT|test-results\homepage-Homepage---Authen-c5d2f-n-instead-of-Login-Register-chromium\error-context.md]]
]]>
</system-out>
</testcase>
<testcase name="Homepage - Authenticated User › should navigate to dashboard when Dashboard button is clicked" classname="homepage.spec.js" time="1.634">
<failure message="homepage.spec.js:171:3 should navigate to dashboard when Dashboard button is clicked" type="FAILURE">
<![CDATA[  [chromium] › homepage.spec.js:171:3 › Homepage - Authenticated User › should navigate to dashboard when Dashboard button is clicked 

    Error: locator.click: Error: strict mode violation: getByRole('button', { name: 'Dashboard' }) resolved to 2 elements:
        1) <button tabindex="0" type="button" class="MuiButtonBase-root MuiButton-root MuiButton-contained MuiButton-containedPrimary MuiButton-sizeMedium MuiButton-containedSizeMedium MuiButton-colorPrimary MuiButton-root MuiButton-contained MuiButton-containedPrimary MuiButton-sizeMedium MuiButton-containedSizeMedium MuiButton-colorPrimary css-ny7a89">…</button> aka getByRole('button', { name: 'Dashboard', exact: true })
        2) <button tabindex="0" type="button" class="MuiButtonBase-root MuiButton-root MuiButton-contained MuiButton-containedPrimary MuiButton-sizeLarge MuiButton-containedSizeLarge MuiButton-colorPrimary MuiButton-root MuiButton-contained MuiButton-containedPrimary MuiButton-sizeLarge MuiButton-containedSizeLarge MuiButton-colorPrimary css-ueved3">…</button> aka getByRole('button', { name: 'Go to Dashboard' })

    Call log:
      - waiting for getByRole('button', { name: 'Dashboard' })


      170 |
      171 |   test('should navigate to dashboard when Dashboard button is clicked', async ({ page }) => {
    > 172 |     await page.getByRole('button', { name: 'Dashboard' }).click();
          |                                                           ^
      173 |     await expect(page).toHaveURL(/.*dashboard/);
      174 |   });
      175 | });
        at C:\Users\ricka\Downloads\performile-platform-main\performile-platform-main\e2e-tests\tests\homepage.spec.js:172:59

    attachment #1: screenshot (image/png) ──────────────────────────────────────────────────────────
    ..\test-results\homepage-Homepage---Authen-98b00-Dashboard-button-is-clicked-chromium\test-failed-1.png
    ────────────────────────────────────────────────────────────────────────────────────────────────

    attachment #2: video (video/webm) ──────────────────────────────────────────────────────────────
    ..\test-results\homepage-Homepage---Authen-98b00-Dashboard-button-is-clicked-chromium\video.webm
    ────────────────────────────────────────────────────────────────────────────────────────────────

    Error Context: ..\test-results\homepage-Homepage---Authen-98b00-Dashboard-button-is-clicked-chromium\error-context.md
]]>
</failure>
<system-out>
<![CDATA[
[[ATTACHMENT|test-results\homepage-Homepage---Authen-98b00-Dashboard-button-is-clicked-chromium\test-failed-1.png]]

[[ATTACHMENT|test-results\homepage-Homepage---Authen-98b00-Dashboard-button-is-clicked-chromium\video.webm]]

[[ATTACHMENT|test-results\homepage-Homepage---Authen-98b00-Dashboard-button-is-clicked-chromium\error-context.md]]
]]>
</system-out>
</testcase>
<testcase name="Homepage - Performance › should load within 3 seconds" classname="homepage.spec.js" time="2.299">
</testcase>
<testcase name="Homepage - Performance › should not have console errors" classname="homepage.spec.js" time="2.189">
</testcase>
</testsuite>
<testsuite name="merchant\dashboard.spec.js" timestamp="2025-10-21T07:32:30.514Z" hostname="chromium" tests="6" failures="0" skipped="0" time="30.614" errors="0">
<testcase name="Merchant Dashboard - Bug Detection › Merchant dashboard loads without critical errors" classname="merchant\dashboard.spec.js" time="5.423">
<system-out>
<![CDATA[
🔍 INVESTIGATING: Merchant Dashboard Loading...
Page title: Performile - Logistics Performance Platform
Current URL: https://performile-platform-main.vercel.app/#/dashboard
Headings found: []
Page has content: true

⚠️ CONSOLE ERRORS: 2

Error 1:
  Type: error
  Message: Failed to load resource: the server responded with a status of 500 (Internal Server Error)
  Time: 2025-10-21T07:45:43.477Z

Error 2:
  Type: error
  Message: Failed to load resource: the server responded with a status of 500 (Internal Server Error)
  Time: 2025-10-21T07:45:43.481Z

⚠️ FAILED API CALLS: 2

Failed Call 1:
  Endpoint: /api/analytics/order-trends
  Method: GET
  Status: 500
  Error: Unknown

Failed Call 2:
  Endpoint: /api/analytics/claims-trends
  Method: GET
  Status: 500
  Error: Unknown

⚠️ NETWORK FAILURES: 2

📊 TOTAL API CALLS: 5
  POST /api/auth - 200 (1365ms)
  GET /api/notifications - 200 (918ms)
  GET /api/trustscore/dashboard - 200 (1419ms)
  GET /api/analytics/order-trends - 500 (346ms)
  GET /api/analytics/claims-trends - 500 (348ms)

✅ Dashboard load test completed - Check logs above for issues

================================================================================

=== Console Summary ===
Total logs: 17
Errors: 2
Warnings: 2

=== Console Errors ===
[2025-10-21T07:45:43.477Z] Failed to load resource: the server responded with a status of 500 (Internal Server Error)
[2025-10-21T07:45:43.481Z] Failed to load resource: the server responded with a status of 500 (Internal Server Error)

=== Network Summary ===
Total requests: 26
API requests: 9
Failed requests: 2

=== Failed Requests ===
[500] GET https://performile-platform-main.vercel.app/api/analytics/order-trends?entity_type=merchant&entity_id=fc1a0fdb-a82c-4a83-82bb-fa7a4b4b13c9&period=30d
[500] GET https://performile-platform-main.vercel.app/api/analytics/claims-trends?entity_type=merchant&entity_id=fc1a0fdb-a82c-4a83-82bb-fa7a4b4b13c9&period=30d

=== API Calls Summary ===
Total API calls: 5
Failed calls: 2
Slow calls (>1s): 2
Average response time: 879.20ms

=== Calls by Endpoint ===
/api/auth: 1 calls
/api/notifications: 1 calls
/api/trustscore/dashboard: 1 calls
/api/analytics/order-trends: 1 calls
/api/analytics/claims-trends: 1 calls

=== Failed API Calls ===
[500] GET /api/analytics/order-trends
[500] GET /api/analytics/claims-trends

=== Slow API Calls (>1s) ===
[1365ms] POST /api/auth
[1419ms] GET /api/trustscore/dashboard
================================================================================


API logs exported to: api-logs/merchant-Merchant-dashboard-loads-without-critical-errors.json
]]>
</system-out>
</testcase>
<testcase name="Merchant Dashboard - Bug Detection › Merchant dashboard statistics are displayed" classname="merchant\dashboard.spec.js" time="4.871">
<system-out>
<![CDATA[
🔍 CHECKING: Dashboard Statistics...
  [class*="stat"]: 0 elements found
  [class*="metric"]: 0 elements found
  [class*="card"]: 0 elements found
  [data-testid*="stat"]: 0 elements found
  text=/total.*orders/i: 0 elements found
  text=/revenue/i: 0 elements found
  text=/pending/i: 0 elements found

📊 Analytics API Called:
  Endpoint: /api/tracking/summary
  Status: 200
  Duration: 688ms
  Response: {
  "success": true,
  "data": {
    "total": 5,
    "outForDelivery": 0,
    "inTransit": 5,
    "delivered": 0,
    "exceptions": 0,
    "recentUpdates": [
      {
        "order_id": "c067d8ba-319b-46cb-9194-7ff4a4cd23ba",
        "tracking_number": "TRK-0000000001",
        "status": "delivered",
        "timestamp": "2025-10-15T14:06:24.891Z"
      },
      {
        "order_id": "bd58abdd-1ea3-4877-894e-561d0b9d8959",
        "tracking_number": "TRK-0000000002",
        "status": "delivered",
        "timestamp": "2025-10-14T14:06:24.891Z"
      },
      {
        "order_id": "55f3962e-e474-41b7-a990-33b73d82369f",
        "tracking_number": "TRK-0000000003",
        "status": "delivered",
        "timestamp": "2025-10-13T14:06:24.891Z"
      },
      {
        "order_id": "5740f2cc-5fc3-4e5a-af60-68cbf4bc0468",
        "tracking_number": "TRK-0000000004",
        "status": "delivered",
        "timestamp": "2025-10-12T14:06:24.891Z"
      },
      {
        "order_id": "c533847f-8b90-4f50-98bc-b80320e6ea29",
        "tracking_number": "TRK-0000000005",
        "status": "delivered",
        "timestamp": "2025-10-11T14:06:24.891Z"
      },
      {
        "order_id": "604c701d-6a31-4f60-863a-b982d498671b",
        "tracking_number": "TRK-0000000006",
        "status": "in_transit",
        "timestamp": "2025-10-10T14:06:24.891Z"
      },
      {
        "order_id": "4aacc7d0-b690-44d6-b6d2-0b169a00f4e3",
        "tracking_number": "TRK-0000000007",
        "status": "in_transit",
        "timestamp": "2025-10-09T14:06:24.891Z"
      },
      {
        "order_id": "64e58605-ecfe-4398-b473-bf9f23a0c3c0",
        "tracking_number": "TRK-0000000008",
        "status": "in_transit",
        "timestamp": "2025-10-08T14:06:24.891Z"
      },
      {
        "order_id": "57039833-22f9-47b4-909d-83205b0d62f9",
        "tracking_number": "TRK-0000000009",
        "status": "in_transit",
        "timestamp": "2025-10-07T14:06:24.891Z"
      },
      {
        "order_id": "bd34665a-de5d-4b93-a113-2ed2fcbe208f",
        "tracking_number": "TRK-0000000010",
        "status": "in_transit",
        "timestamp": "2025-10-06T14:06:24.891Z"
      }
    ]
  }
}

✅ Statistics check completed

================================================================================

=== Console Summary ===
Total logs: 18
Errors: 3
Warnings: 2

=== Console Errors ===
[2025-10-21T07:45:47.525Z] Failed to load resource: the server responded with a status of 500 (Internal Server Error)
[2025-10-21T07:45:47.526Z] Failed to load resource: the server responded with a status of 500 (Internal Server Error)
[2025-10-21T07:45:48.182Z] Failed to load resource: the server responded with a status of 500 (Internal Server Error)

=== Network Summary ===
Total requests: 26
API requests: 9
Failed requests: 3

=== Failed Requests ===
[500] GET https://performile-platform-main.vercel.app/api/analytics/order-trends?entity_type=merchant&entity_id=fc1a0fdb-a82c-4a83-82bb-fa7a4b4b13c9&period=30d
[500] GET https://performile-platform-main.vercel.app/api/analytics/claims-trends?entity_type=merchant&entity_id=fc1a0fdb-a82c-4a83-82bb-fa7a4b4b13c9&period=30d
[500] GET https://performile-platform-main.vercel.app/api/claims?entity_type=merchant&entity_id=fc1a0fdb-a82c-4a83-82bb-fa7a4b4b13c9&page=1&limit=10

=== API Calls Summary ===
Total API calls: 9
Failed calls: 3
Slow calls (>1s): 0
Average response time: 517.89ms

=== Calls by Endpoint ===
/api/auth: 1 calls
/api/notifications: 1 calls
/api/trustscore/dashboard: 1 calls
/api/analytics/claims-trends: 1 calls
/api/analytics/order-trends: 1 calls
/api/dashboard/trends: 1 calls
/api/dashboard/recent-activity: 1 calls
/api/tracking/summary: 1 calls
/api/claims: 1 calls

=== Failed API Calls ===
[500] GET /api/analytics/claims-trends
[500] GET /api/analytics/order-trends
[500] GET /api/claims
================================================================================


API logs exported to: api-logs/merchant-Merchant-dashboard-statistics-are-displayed.json
]]>
</system-out>
</testcase>
<testcase name="Merchant Dashboard - Bug Detection › Merchant can see orders section" classname="merchant\dashboard.spec.js" time="5.447">
<system-out>
<![CDATA[
🔍 CHECKING: Orders Section...
  Orders text visible: true
  Navigated to: https://performile-platform-main.vercel.app/#/orders

✅ Orders section check completed

================================================================================

=== Console Summary ===
Total logs: 18
Errors: 3
Warnings: 2

=== Console Errors ===
[2025-10-21T07:45:52.326Z] Failed to load resource: the server responded with a status of 500 (Internal Server Error)
[2025-10-21T07:45:52.327Z] Failed to load resource: the server responded with a status of 500 (Internal Server Error)
[2025-10-21T07:45:52.782Z] Failed to load resource: the server responded with a status of 500 (Internal Server Error)

=== Network Summary ===
Total requests: 29
API requests: 12
Failed requests: 3

=== Failed Requests ===
[500] GET https://performile-platform-main.vercel.app/api/analytics/order-trends?entity_type=merchant&entity_id=fc1a0fdb-a82c-4a83-82bb-fa7a4b4b13c9&period=30d
[500] GET https://performile-platform-main.vercel.app/api/analytics/claims-trends?entity_type=merchant&entity_id=fc1a0fdb-a82c-4a83-82bb-fa7a4b4b13c9&period=30d
[500] GET https://performile-platform-main.vercel.app/api/claims?entity_type=merchant&entity_id=fc1a0fdb-a82c-4a83-82bb-fa7a4b4b13c9&page=1&limit=10

=== API Calls Summary ===
Total API calls: 9
Failed calls: 3
Slow calls (>1s): 0
Average response time: 473.44ms

=== Calls by Endpoint ===
/api/auth: 1 calls
/api/notifications: 1 calls
/api/trustscore/dashboard: 1 calls
/api/dashboard/trends: 1 calls
/api/analytics/claims-trends: 1 calls
/api/analytics/order-trends: 1 calls
/api/dashboard/recent-activity: 1 calls
/api/tracking/summary: 1 calls
/api/claims: 1 calls

=== Failed API Calls ===
[500] GET /api/analytics/claims-trends
[500] GET /api/analytics/order-trends
[500] GET /api/claims
================================================================================


API logs exported to: api-logs/merchant-Merchant-can-see-orders-section.json
]]>
</system-out>
</testcase>
<testcase name="Merchant Dashboard - Bug Detection › Merchant navigation menu is functional" classname="merchant\dashboard.spec.js" time="5.097">
<system-out>
<![CDATA[
🔍 CHECKING: Navigation Menu...
  Dashboard: ✅ Visible
  Orders: ✅ Visible
  Analytics: ✅ Visible
  Settings: ✅ Visible
  Store: ✅ Visible

✅ Navigation check completed

================================================================================

=== Console Summary ===
Total logs: 18
Errors: 3
Warnings: 2

=== Console Errors ===
[2025-10-21T07:45:57.838Z] Failed to load resource: the server responded with a status of 500 (Internal Server Error)
[2025-10-21T07:45:57.838Z] Failed to load resource: the server responded with a status of 500 (Internal Server Error)
[2025-10-21T07:45:58.320Z] Failed to load resource: the server responded with a status of 500 (Internal Server Error)

=== Network Summary ===
Total requests: 26
API requests: 9
Failed requests: 3

=== Failed Requests ===
[500] GET https://performile-platform-main.vercel.app/api/analytics/order-trends?entity_type=merchant&entity_id=fc1a0fdb-a82c-4a83-82bb-fa7a4b4b13c9&period=30d
[500] GET https://performile-platform-main.vercel.app/api/analytics/claims-trends?entity_type=merchant&entity_id=fc1a0fdb-a82c-4a83-82bb-fa7a4b4b13c9&period=30d
[500] GET https://performile-platform-main.vercel.app/api/claims?entity_type=merchant&entity_id=fc1a0fdb-a82c-4a83-82bb-fa7a4b4b13c9&page=1&limit=10

=== API Calls Summary ===
Total API calls: 9
Failed calls: 3
Slow calls (>1s): 0
Average response time: 479.11ms

=== Calls by Endpoint ===
/api/auth: 1 calls
/api/notifications: 1 calls
/api/trustscore/dashboard: 1 calls
/api/dashboard/trends: 1 calls
/api/analytics/order-trends: 1 calls
/api/analytics/claims-trends: 1 calls
/api/dashboard/recent-activity: 1 calls
/api/tracking/summary: 1 calls
/api/claims: 1 calls

=== Failed API Calls ===
[500] GET /api/analytics/order-trends
[500] GET /api/analytics/claims-trends
[500] GET /api/claims
================================================================================


API logs exported to: api-logs/merchant-Merchant-navigation-menu-is-functional.json
]]>
</system-out>
</testcase>
<testcase name="Merchant Dashboard - Bug Detection › Dashboard loads within acceptable time" classname="merchant\dashboard.spec.js" time="4.783">
<system-out>
<![CDATA[
🔍 CHECKING: Dashboard Performance...
  Average API response time: 747.17ms
  Slow API calls (>1s): 3
    ⚠️ GET /api/analytics/order-trends - 1008ms
    ⚠️ GET /api/dashboard/trends - 1005ms
    ⚠️ GET /api/dashboard/recent-activity - 1103ms

📊 Page Load Metrics:
  DOM Content Loaded: 1.10ms
  Load Complete: 0.20ms
  DOM Interactive: 331.40ms

✅ Performance check completed

================================================================================

=== Console Summary ===
Total logs: 16
Errors: 1
Warnings: 2

=== Console Errors ===
[2025-10-21T07:46:03.579Z] Failed to load resource: the server responded with a status of 500 (Internal Server Error)

=== Network Summary ===
Total requests: 26
API requests: 9
Failed requests: 1

=== Failed Requests ===
[500] GET https://performile-platform-main.vercel.app/api/analytics/order-trends?entity_type=merchant&entity_id=fc1a0fdb-a82c-4a83-82bb-fa7a4b4b13c9&period=30d

=== API Calls Summary ===
Total API calls: 8
Failed calls: 3
Slow calls (>1s): 5
Average response time: 853.50ms

=== Calls by Endpoint ===
/api/auth: 1 calls
/api/notifications: 1 calls
/api/trustscore/dashboard: 1 calls
/api/analytics/order-trends: 1 calls
/api/dashboard/trends: 1 calls
/api/dashboard/recent-activity: 1 calls
/api/analytics/claims-trends: 1 calls
/api/claims: 1 calls

=== Failed API Calls ===
[500] GET /api/analytics/order-trends
[500] GET /api/analytics/claims-trends
[500] GET /api/claims

=== Slow API Calls (>1s) ===
[1008ms] GET /api/analytics/order-trends
[1005ms] GET /api/dashboard/trends
[1103ms] GET /api/dashboard/recent-activity
[1172ms] GET /api/analytics/claims-trends
[1173ms] GET /api/claims
================================================================================


API logs exported to: api-logs/merchant-Dashboard-loads-within-acceptable-time.json
]]>
</system-out>
</testcase>
<testcase name="Merchant Dashboard - Bug Detection › No JavaScript errors on dashboard" classname="merchant\dashboard.spec.js" time="4.993">
<system-out>
<![CDATA[
🔍 CHECKING: JavaScript Errors...
  Total console errors: 3
  Total console warnings: 2

❌ ERRORS FOUND:

  Error 1:
    Failed to load resource: the server responded with a status of 500 (Internal Server Error)

  Error 2:
    Failed to load resource: the server responded with a status of 500 (Internal Server Error)

  Error 3:
    Failed to load resource: the server responded with a status of 500 (Internal Server Error)

⚠️ WARNINGS FOUND:

  Warning 1:
    Sentry DSN not configured. Skipping Sentry initialization.

  Warning 2:
    [NotificationSystem] Pusher not configured, falling back to polling

✅ Error check completed - Review logs above

================================================================================

=== Console Summary ===
Total logs: 18
Errors: 3
Warnings: 2

=== Console Errors ===
[2025-10-21T07:46:07.833Z] Failed to load resource: the server responded with a status of 500 (Internal Server Error)
[2025-10-21T07:46:07.836Z] Failed to load resource: the server responded with a status of 500 (Internal Server Error)
[2025-10-21T07:46:08.334Z] Failed to load resource: the server responded with a status of 500 (Internal Server Error)

=== Network Summary ===
Total requests: 26
API requests: 9
Failed requests: 3

=== Failed Requests ===
[500] GET https://performile-platform-main.vercel.app/api/analytics/order-trends?entity_type=merchant&entity_id=fc1a0fdb-a82c-4a83-82bb-fa7a4b4b13c9&period=30d
[500] GET https://performile-platform-main.vercel.app/api/analytics/claims-trends?entity_type=merchant&entity_id=fc1a0fdb-a82c-4a83-82bb-fa7a4b4b13c9&period=30d
[500] GET https://performile-platform-main.vercel.app/api/claims?entity_type=merchant&entity_id=fc1a0fdb-a82c-4a83-82bb-fa7a4b4b13c9&page=1&limit=10

=== API Calls Summary ===
Total API calls: 9
Failed calls: 3
Slow calls (>1s): 0
Average response time: 429.67ms

=== Calls by Endpoint ===
/api/auth: 1 calls
/api/notifications: 1 calls
/api/trustscore/dashboard: 1 calls
/api/dashboard/trends: 1 calls
/api/dashboard/recent-activity: 1 calls
/api/analytics/order-trends: 1 calls
/api/analytics/claims-trends: 1 calls
/api/tracking/summary: 1 calls
/api/claims: 1 calls

=== Failed API Calls ===
[500] GET /api/analytics/order-trends
[500] GET /api/analytics/claims-trends
[500] GET /api/claims
================================================================================


API logs exported to: api-logs/merchant-No-JavaScript-errors-on-dashboard.json
]]>
</system-out>
</testcase>
</testsuite>
<testsuite name="navigation\menu-items.spec.js" timestamp="2025-10-21T07:32:30.514Z" hostname="chromium" tests="28" failures="28" skipped="0" time="900.781" errors="0">
<testcase name="Navigation Menu - New Items › should display My Subscription menu item" classname="navigation\menu-items.spec.js" time="32.41">
<failure message="menu-items.spec.js:32:3 should display My Subscription menu item" type="FAILURE">
<![CDATA[  [chromium] › navigation\menu-items.spec.js:32:3 › Navigation Menu - New Items › should display My Subscription menu item 

    Test timeout of 30000ms exceeded while running "beforeEach" hook.

      26 |
      27 | test.describe('Navigation Menu - New Items', () => {
    > 28 |   test.beforeEach(async ({ page }) => {
         |        ^
      29 |     await loginAsMerchant(page);
      30 |   });
      31 |
        at C:\Users\ricka\Downloads\performile-platform-main\performile-platform-main\e2e-tests\tests\navigation\menu-items.spec.js:28:8

    Error: page.waitForURL: Test timeout of 30000ms exceeded.
    =========================== logs ===========================
    waiting for navigation to "**/dashboard" until "load"
    ============================================================

      13 |   await page.fill('input[name="password"]', 'TestPassword123!');
      14 |   await page.click('button[type="submit"]');
    > 15 |   await page.waitForURL('**/dashboard');
         |              ^
      16 | }
      17 |
      18 | // Helper function to login as courier
        at loginAsMerchant (C:\Users\ricka\Downloads\performile-platform-main\performile-platform-main\e2e-tests\tests\navigation\menu-items.spec.js:15:14)
        at C:\Users\ricka\Downloads\performile-platform-main\performile-platform-main\e2e-tests\tests\navigation\menu-items.spec.js:29:5

    attachment #1: screenshot (image/png) ──────────────────────────────────────────────────────────
    ..\test-results\navigation-menu-items-Navi-25747-y-My-Subscription-menu-item-chromium\test-failed-1.png
    ────────────────────────────────────────────────────────────────────────────────────────────────

    attachment #2: video (video/webm) ──────────────────────────────────────────────────────────────
    ..\test-results\navigation-menu-items-Navi-25747-y-My-Subscription-menu-item-chromium\video.webm
    ────────────────────────────────────────────────────────────────────────────────────────────────

    Error Context: ..\test-results\navigation-menu-items-Navi-25747-y-My-Subscription-menu-item-chromium\error-context.md
]]>
</failure>
<system-out>
<![CDATA[
[[ATTACHMENT|test-results\navigation-menu-items-Navi-25747-y-My-Subscription-menu-item-chromium\test-failed-1.png]]

[[ATTACHMENT|test-results\navigation-menu-items-Navi-25747-y-My-Subscription-menu-item-chromium\video.webm]]

[[ATTACHMENT|test-results\navigation-menu-items-Navi-25747-y-My-Subscription-menu-item-chromium\error-context.md]]
]]>
</system-out>
</testcase>
<testcase name="Navigation Menu - New Items › should display Parcel Points menu item" classname="navigation\menu-items.spec.js" time="32.197">
<failure message="menu-items.spec.js:36:3 should display Parcel Points menu item" type="FAILURE">
<![CDATA[  [chromium] › navigation\menu-items.spec.js:36:3 › Navigation Menu - New Items › should display Parcel Points menu item 

    Test timeout of 30000ms exceeded while running "beforeEach" hook.

      26 |
      27 | test.describe('Navigation Menu - New Items', () => {
    > 28 |   test.beforeEach(async ({ page }) => {
         |        ^
      29 |     await loginAsMerchant(page);
      30 |   });
      31 |
        at C:\Users\ricka\Downloads\performile-platform-main\performile-platform-main\e2e-tests\tests\navigation\menu-items.spec.js:28:8

    Error: page.waitForURL: Test timeout of 30000ms exceeded.
    =========================== logs ===========================
    waiting for navigation to "**/dashboard" until "load"
    ============================================================

      13 |   await page.fill('input[name="password"]', 'TestPassword123!');
      14 |   await page.click('button[type="submit"]');
    > 15 |   await page.waitForURL('**/dashboard');
         |              ^
      16 | }
      17 |
      18 | // Helper function to login as courier
        at loginAsMerchant (C:\Users\ricka\Downloads\performile-platform-main\performile-platform-main\e2e-tests\tests\navigation\menu-items.spec.js:15:14)
        at C:\Users\ricka\Downloads\performile-platform-main\performile-platform-main\e2e-tests\tests\navigation\menu-items.spec.js:29:5

    attachment #1: screenshot (image/png) ──────────────────────────────────────────────────────────
    ..\test-results\navigation-menu-items-Navi-7a015-lay-Parcel-Points-menu-item-chromium\test-failed-1.png
    ────────────────────────────────────────────────────────────────────────────────────────────────

    attachment #2: video (video/webm) ──────────────────────────────────────────────────────────────
    ..\test-results\navigation-menu-items-Navi-7a015-lay-Parcel-Points-menu-item-chromium\video.webm
    ────────────────────────────────────────────────────────────────────────────────────────────────

    Error Context: ..\test-results\navigation-menu-items-Navi-7a015-lay-Parcel-Points-menu-item-chromium\error-context.md
]]>
</failure>
<system-out>
<![CDATA[
[[ATTACHMENT|test-results\navigation-menu-items-Navi-7a015-lay-Parcel-Points-menu-item-chromium\test-failed-1.png]]

[[ATTACHMENT|test-results\navigation-menu-items-Navi-7a015-lay-Parcel-Points-menu-item-chromium\video.webm]]

[[ATTACHMENT|test-results\navigation-menu-items-Navi-7a015-lay-Parcel-Points-menu-item-chromium\error-context.md]]
]]>
</system-out>
</testcase>
<testcase name="Navigation Menu - New Items › should display Service Performance menu item" classname="navigation\menu-items.spec.js" time="32.169">
<failure message="menu-items.spec.js:40:3 should display Service Performance menu item" type="FAILURE">
<![CDATA[  [chromium] › navigation\menu-items.spec.js:40:3 › Navigation Menu - New Items › should display Service Performance menu item 

    Test timeout of 30000ms exceeded while running "beforeEach" hook.

      26 |
      27 | test.describe('Navigation Menu - New Items', () => {
    > 28 |   test.beforeEach(async ({ page }) => {
         |        ^
      29 |     await loginAsMerchant(page);
      30 |   });
      31 |
        at C:\Users\ricka\Downloads\performile-platform-main\performile-platform-main\e2e-tests\tests\navigation\menu-items.spec.js:28:8

    Error: page.waitForURL: Test timeout of 30000ms exceeded.
    =========================== logs ===========================
    waiting for navigation to "**/dashboard" until "load"
    ============================================================

      13 |   await page.fill('input[name="password"]', 'TestPassword123!');
      14 |   await page.click('button[type="submit"]');
    > 15 |   await page.waitForURL('**/dashboard');
         |              ^
      16 | }
      17 |
      18 | // Helper function to login as courier
        at loginAsMerchant (C:\Users\ricka\Downloads\performile-platform-main\performile-platform-main\e2e-tests\tests\navigation\menu-items.spec.js:15:14)
        at C:\Users\ricka\Downloads\performile-platform-main\performile-platform-main\e2e-tests\tests\navigation\menu-items.spec.js:29:5

    attachment #1: screenshot (image/png) ──────────────────────────────────────────────────────────
    ..\test-results\navigation-menu-items-Navi-0389c-rvice-Performance-menu-item-chromium\test-failed-1.png
    ────────────────────────────────────────────────────────────────────────────────────────────────

    attachment #2: video (video/webm) ──────────────────────────────────────────────────────────────
    ..\test-results\navigation-menu-items-Navi-0389c-rvice-Performance-menu-item-chromium\video.webm
    ────────────────────────────────────────────────────────────────────────────────────────────────

    Error Context: ..\test-results\navigation-menu-items-Navi-0389c-rvice-Performance-menu-item-chromium\error-context.md
]]>
</failure>
<system-out>
<![CDATA[
[[ATTACHMENT|test-results\navigation-menu-items-Navi-0389c-rvice-Performance-menu-item-chromium\test-failed-1.png]]

[[ATTACHMENT|test-results\navigation-menu-items-Navi-0389c-rvice-Performance-menu-item-chromium\video.webm]]

[[ATTACHMENT|test-results\navigation-menu-items-Navi-0389c-rvice-Performance-menu-item-chromium\error-context.md]]
]]>
</system-out>
</testcase>
<testcase name="Navigation Menu - New Items › should display Coverage Checker menu item" classname="navigation\menu-items.spec.js" time="32.302">
<failure message="menu-items.spec.js:44:3 should display Coverage Checker menu item" type="FAILURE">
<![CDATA[  [chromium] › navigation\menu-items.spec.js:44:3 › Navigation Menu - New Items › should display Coverage Checker menu item 

    Test timeout of 30000ms exceeded while running "beforeEach" hook.

      26 |
      27 | test.describe('Navigation Menu - New Items', () => {
    > 28 |   test.beforeEach(async ({ page }) => {
         |        ^
      29 |     await loginAsMerchant(page);
      30 |   });
      31 |
        at C:\Users\ricka\Downloads\performile-platform-main\performile-platform-main\e2e-tests\tests\navigation\menu-items.spec.js:28:8

    Error: page.waitForURL: Test timeout of 30000ms exceeded.
    =========================== logs ===========================
    waiting for navigation to "**/dashboard" until "load"
    ============================================================

      13 |   await page.fill('input[name="password"]', 'TestPassword123!');
      14 |   await page.click('button[type="submit"]');
    > 15 |   await page.waitForURL('**/dashboard');
         |              ^
      16 | }
      17 |
      18 | // Helper function to login as courier
        at loginAsMerchant (C:\Users\ricka\Downloads\performile-platform-main\performile-platform-main\e2e-tests\tests\navigation\menu-items.spec.js:15:14)
        at C:\Users\ricka\Downloads\performile-platform-main\performile-platform-main\e2e-tests\tests\navigation\menu-items.spec.js:29:5

    attachment #1: screenshot (image/png) ──────────────────────────────────────────────────────────
    ..\test-results\navigation-menu-items-Navi-2fea6--Coverage-Checker-menu-item-chromium\test-failed-1.png
    ────────────────────────────────────────────────────────────────────────────────────────────────

    attachment #2: video (video/webm) ──────────────────────────────────────────────────────────────
    ..\test-results\navigation-menu-items-Navi-2fea6--Coverage-Checker-menu-item-chromium\video.webm
    ────────────────────────────────────────────────────────────────────────────────────────────────

    Error Context: ..\test-results\navigation-menu-items-Navi-2fea6--Coverage-Checker-menu-item-chromium\error-context.md
]]>
</failure>
<system-out>
<![CDATA[
[[ATTACHMENT|test-results\navigation-menu-items-Navi-2fea6--Coverage-Checker-menu-item-chromium\test-failed-1.png]]

[[ATTACHMENT|test-results\navigation-menu-items-Navi-2fea6--Coverage-Checker-menu-item-chromium\video.webm]]

[[ATTACHMENT|test-results\navigation-menu-items-Navi-2fea6--Coverage-Checker-menu-item-chromium\error-context.md]]
]]>
</system-out>
</testcase>
<testcase name="Navigation Menu - New Items › should navigate to My Subscription page" classname="navigation\menu-items.spec.js" time="32.202">
<failure message="menu-items.spec.js:48:3 should navigate to My Subscription page" type="FAILURE">
<![CDATA[  [chromium] › navigation\menu-items.spec.js:48:3 › Navigation Menu - New Items › should navigate to My Subscription page 

    Test timeout of 30000ms exceeded while running "beforeEach" hook.

      26 |
      27 | test.describe('Navigation Menu - New Items', () => {
    > 28 |   test.beforeEach(async ({ page }) => {
         |        ^
      29 |     await loginAsMerchant(page);
      30 |   });
      31 |
        at C:\Users\ricka\Downloads\performile-platform-main\performile-platform-main\e2e-tests\tests\navigation\menu-items.spec.js:28:8

    Error: page.waitForURL: Test timeout of 30000ms exceeded.
    =========================== logs ===========================
    waiting for navigation to "**/dashboard" until "load"
    ============================================================

      13 |   await page.fill('input[name="password"]', 'TestPassword123!');
      14 |   await page.click('button[type="submit"]');
    > 15 |   await page.waitForURL('**/dashboard');
         |              ^
      16 | }
      17 |
      18 | // Helper function to login as courier
        at loginAsMerchant (C:\Users\ricka\Downloads\performile-platform-main\performile-platform-main\e2e-tests\tests\navigation\menu-items.spec.js:15:14)
        at C:\Users\ricka\Downloads\performile-platform-main\performile-platform-main\e2e-tests\tests\navigation\menu-items.spec.js:29:5

    attachment #1: screenshot (image/png) ──────────────────────────────────────────────────────────
    ..\test-results\navigation-menu-items-Navi-4717d-ate-to-My-Subscription-page-chromium\test-failed-1.png
    ────────────────────────────────────────────────────────────────────────────────────────────────

    attachment #2: video (video/webm) ──────────────────────────────────────────────────────────────
    ..\test-results\navigation-menu-items-Navi-4717d-ate-to-My-Subscription-page-chromium\video.webm
    ────────────────────────────────────────────────────────────────────────────────────────────────

    Error Context: ..\test-results\navigation-menu-items-Navi-4717d-ate-to-My-Subscription-page-chromium\error-context.md
]]>
</failure>
<system-out>
<![CDATA[
[[ATTACHMENT|test-results\navigation-menu-items-Navi-4717d-ate-to-My-Subscription-page-chromium\test-failed-1.png]]

[[ATTACHMENT|test-results\navigation-menu-items-Navi-4717d-ate-to-My-Subscription-page-chromium\video.webm]]

[[ATTACHMENT|test-results\navigation-menu-items-Navi-4717d-ate-to-My-Subscription-page-chromium\error-context.md]]
]]>
</system-out>
</testcase>
<testcase name="Navigation Menu - New Items › should navigate to Parcel Points page" classname="navigation\menu-items.spec.js" time="32.169">
<failure message="menu-items.spec.js:53:3 should navigate to Parcel Points page" type="FAILURE">
<![CDATA[  [chromium] › navigation\menu-items.spec.js:53:3 › Navigation Menu - New Items › should navigate to Parcel Points page 

    Test timeout of 30000ms exceeded while running "beforeEach" hook.

      26 |
      27 | test.describe('Navigation Menu - New Items', () => {
    > 28 |   test.beforeEach(async ({ page }) => {
         |        ^
      29 |     await loginAsMerchant(page);
      30 |   });
      31 |
        at C:\Users\ricka\Downloads\performile-platform-main\performile-platform-main\e2e-tests\tests\navigation\menu-items.spec.js:28:8

    Error: page.waitForURL: Test timeout of 30000ms exceeded.
    =========================== logs ===========================
    waiting for navigation to "**/dashboard" until "load"
    ============================================================

      13 |   await page.fill('input[name="password"]', 'TestPassword123!');
      14 |   await page.click('button[type="submit"]');
    > 15 |   await page.waitForURL('**/dashboard');
         |              ^
      16 | }
      17 |
      18 | // Helper function to login as courier
        at loginAsMerchant (C:\Users\ricka\Downloads\performile-platform-main\performile-platform-main\e2e-tests\tests\navigation\menu-items.spec.js:15:14)
        at C:\Users\ricka\Downloads\performile-platform-main\performile-platform-main\e2e-tests\tests\navigation\menu-items.spec.js:29:5

    attachment #1: screenshot (image/png) ──────────────────────────────────────────────────────────
    ..\test-results\navigation-menu-items-Navi-91ddc-igate-to-Parcel-Points-page-chromium\test-failed-1.png
    ────────────────────────────────────────────────────────────────────────────────────────────────

    attachment #2: video (video/webm) ──────────────────────────────────────────────────────────────
    ..\test-results\navigation-menu-items-Navi-91ddc-igate-to-Parcel-Points-page-chromium\video.webm
    ────────────────────────────────────────────────────────────────────────────────────────────────

    Error Context: ..\test-results\navigation-menu-items-Navi-91ddc-igate-to-Parcel-Points-page-chromium\error-context.md
]]>
</failure>
<system-out>
<![CDATA[
[[ATTACHMENT|test-results\navigation-menu-items-Navi-91ddc-igate-to-Parcel-Points-page-chromium\test-failed-1.png]]

[[ATTACHMENT|test-results\navigation-menu-items-Navi-91ddc-igate-to-Parcel-Points-page-chromium\video.webm]]

[[ATTACHMENT|test-results\navigation-menu-items-Navi-91ddc-igate-to-Parcel-Points-page-chromium\error-context.md]]
]]>
</system-out>
</testcase>
<testcase name="Navigation Menu - New Items › should navigate to Service Performance page" classname="navigation\menu-items.spec.js" time="32.213">
<failure message="menu-items.spec.js:58:3 should navigate to Service Performance page" type="FAILURE">
<![CDATA[  [chromium] › navigation\menu-items.spec.js:58:3 › Navigation Menu - New Items › should navigate to Service Performance page 

    Test timeout of 30000ms exceeded while running "beforeEach" hook.

      26 |
      27 | test.describe('Navigation Menu - New Items', () => {
    > 28 |   test.beforeEach(async ({ page }) => {
         |        ^
      29 |     await loginAsMerchant(page);
      30 |   });
      31 |
        at C:\Users\ricka\Downloads\performile-platform-main\performile-platform-main\e2e-tests\tests\navigation\menu-items.spec.js:28:8

    Error: page.waitForURL: Test timeout of 30000ms exceeded.
    =========================== logs ===========================
    waiting for navigation to "**/dashboard" until "load"
    ============================================================

      13 |   await page.fill('input[name="password"]', 'TestPassword123!');
      14 |   await page.click('button[type="submit"]');
    > 15 |   await page.waitForURL('**/dashboard');
         |              ^
      16 | }
      17 |
      18 | // Helper function to login as courier
        at loginAsMerchant (C:\Users\ricka\Downloads\performile-platform-main\performile-platform-main\e2e-tests\tests\navigation\menu-items.spec.js:15:14)
        at C:\Users\ricka\Downloads\performile-platform-main\performile-platform-main\e2e-tests\tests\navigation\menu-items.spec.js:29:5

    attachment #1: screenshot (image/png) ──────────────────────────────────────────────────────────
    ..\test-results\navigation-menu-items-Navi-2f799-to-Service-Performance-page-chromium\test-failed-1.png
    ────────────────────────────────────────────────────────────────────────────────────────────────

    attachment #2: video (video/webm) ──────────────────────────────────────────────────────────────
    ..\test-results\navigation-menu-items-Navi-2f799-to-Service-Performance-page-chromium\video.webm
    ────────────────────────────────────────────────────────────────────────────────────────────────

    Error Context: ..\test-results\navigation-menu-items-Navi-2f799-to-Service-Performance-page-chromium\error-context.md
]]>
</failure>
<system-out>
<![CDATA[
[[ATTACHMENT|test-results\navigation-menu-items-Navi-2f799-to-Service-Performance-page-chromium\test-failed-1.png]]

[[ATTACHMENT|test-results\navigation-menu-items-Navi-2f799-to-Service-Performance-page-chromium\video.webm]]

[[ATTACHMENT|test-results\navigation-menu-items-Navi-2f799-to-Service-Performance-page-chromium\error-context.md]]
]]>
</system-out>
</testcase>
<testcase name="Navigation Menu - New Items › should navigate to Coverage Checker page" classname="navigation\menu-items.spec.js" time="32.23">
<failure message="menu-items.spec.js:63:3 should navigate to Coverage Checker page" type="FAILURE">
<![CDATA[  [chromium] › navigation\menu-items.spec.js:63:3 › Navigation Menu - New Items › should navigate to Coverage Checker page 

    Test timeout of 30000ms exceeded while running "beforeEach" hook.

      26 |
      27 | test.describe('Navigation Menu - New Items', () => {
    > 28 |   test.beforeEach(async ({ page }) => {
         |        ^
      29 |     await loginAsMerchant(page);
      30 |   });
      31 |
        at C:\Users\ricka\Downloads\performile-platform-main\performile-platform-main\e2e-tests\tests\navigation\menu-items.spec.js:28:8

    Error: page.waitForURL: Test timeout of 30000ms exceeded.
    =========================== logs ===========================
    waiting for navigation to "**/dashboard" until "load"
    ============================================================

      13 |   await page.fill('input[name="password"]', 'TestPassword123!');
      14 |   await page.click('button[type="submit"]');
    > 15 |   await page.waitForURL('**/dashboard');
         |              ^
      16 | }
      17 |
      18 | // Helper function to login as courier
        at loginAsMerchant (C:\Users\ricka\Downloads\performile-platform-main\performile-platform-main\e2e-tests\tests\navigation\menu-items.spec.js:15:14)
        at C:\Users\ricka\Downloads\performile-platform-main\performile-platform-main\e2e-tests\tests\navigation\menu-items.spec.js:29:5

    attachment #1: screenshot (image/png) ──────────────────────────────────────────────────────────
    ..\test-results\navigation-menu-items-Navi-a4ce0-te-to-Coverage-Checker-page-chromium\test-failed-1.png
    ────────────────────────────────────────────────────────────────────────────────────────────────

    attachment #2: video (video/webm) ──────────────────────────────────────────────────────────────
    ..\test-results\navigation-menu-items-Navi-a4ce0-te-to-Coverage-Checker-page-chromium\video.webm
    ────────────────────────────────────────────────────────────────────────────────────────────────

    Error Context: ..\test-results\navigation-menu-items-Navi-a4ce0-te-to-Coverage-Checker-page-chromium\error-context.md
]]>
</failure>
<system-out>
<![CDATA[
[[ATTACHMENT|test-results\navigation-menu-items-Navi-a4ce0-te-to-Coverage-Checker-page-chromium\test-failed-1.png]]

[[ATTACHMENT|test-results\navigation-menu-items-Navi-a4ce0-te-to-Coverage-Checker-page-chromium\video.webm]]

[[ATTACHMENT|test-results\navigation-menu-items-Navi-a4ce0-te-to-Coverage-Checker-page-chromium\error-context.md]]
]]>
</system-out>
</testcase>
<testcase name="Navigation Menu - New Items › should highlight active menu item" classname="navigation\menu-items.spec.js" time="32.242">
<failure message="menu-items.spec.js:68:3 should highlight active menu item" type="FAILURE">
<![CDATA[  [chromium] › navigation\menu-items.spec.js:68:3 › Navigation Menu - New Items › should highlight active menu item 

    Test timeout of 30000ms exceeded while running "beforeEach" hook.

      26 |
      27 | test.describe('Navigation Menu - New Items', () => {
    > 28 |   test.beforeEach(async ({ page }) => {
         |        ^
      29 |     await loginAsMerchant(page);
      30 |   });
      31 |
        at C:\Users\ricka\Downloads\performile-platform-main\performile-platform-main\e2e-tests\tests\navigation\menu-items.spec.js:28:8

    Error: page.waitForURL: Test timeout of 30000ms exceeded.
    =========================== logs ===========================
    waiting for navigation to "**/dashboard" until "load"
    ============================================================

      13 |   await page.fill('input[name="password"]', 'TestPassword123!');
      14 |   await page.click('button[type="submit"]');
    > 15 |   await page.waitForURL('**/dashboard');
         |              ^
      16 | }
      17 |
      18 | // Helper function to login as courier
        at loginAsMerchant (C:\Users\ricka\Downloads\performile-platform-main\performile-platform-main\e2e-tests\tests\navigation\menu-items.spec.js:15:14)
        at C:\Users\ricka\Downloads\performile-platform-main\performile-platform-main\e2e-tests\tests\navigation\menu-items.spec.js:29:5

    attachment #1: screenshot (image/png) ──────────────────────────────────────────────────────────
    ..\test-results\navigation-menu-items-Navi-cac03--highlight-active-menu-item-chromium\test-failed-1.png
    ────────────────────────────────────────────────────────────────────────────────────────────────

    attachment #2: video (video/webm) ──────────────────────────────────────────────────────────────
    ..\test-results\navigation-menu-items-Navi-cac03--highlight-active-menu-item-chromium\video.webm
    ────────────────────────────────────────────────────────────────────────────────────────────────

    Error Context: ..\test-results\navigation-menu-items-Navi-cac03--highlight-active-menu-item-chromium\error-context.md
]]>
</failure>
<system-out>
<![CDATA[
[[ATTACHMENT|test-results\navigation-menu-items-Navi-cac03--highlight-active-menu-item-chromium\test-failed-1.png]]

[[ATTACHMENT|test-results\navigation-menu-items-Navi-cac03--highlight-active-menu-item-chromium\video.webm]]

[[ATTACHMENT|test-results\navigation-menu-items-Navi-cac03--highlight-active-menu-item-chromium\error-context.md]]
]]>
</system-out>
</testcase>
<testcase name="Navigation Menu - New Items › should display correct icons for new menu items" classname="navigation\menu-items.spec.js" time="32.172">
<failure message="menu-items.spec.js:78:3 should display correct icons for new menu items" type="FAILURE">
<![CDATA[  [chromium] › navigation\menu-items.spec.js:78:3 › Navigation Menu - New Items › should display correct icons for new menu items 

    Test timeout of 30000ms exceeded while running "beforeEach" hook.

      26 |
      27 | test.describe('Navigation Menu - New Items', () => {
    > 28 |   test.beforeEach(async ({ page }) => {
         |        ^
      29 |     await loginAsMerchant(page);
      30 |   });
      31 |
        at C:\Users\ricka\Downloads\performile-platform-main\performile-platform-main\e2e-tests\tests\navigation\menu-items.spec.js:28:8

    Error: page.waitForURL: Test timeout of 30000ms exceeded.
    =========================== logs ===========================
    waiting for navigation to "**/dashboard" until "load"
    ============================================================

      13 |   await page.fill('input[name="password"]', 'TestPassword123!');
      14 |   await page.click('button[type="submit"]');
    > 15 |   await page.waitForURL('**/dashboard');
         |              ^
      16 | }
      17 |
      18 | // Helper function to login as courier
        at loginAsMerchant (C:\Users\ricka\Downloads\performile-platform-main\performile-platform-main\e2e-tests\tests\navigation\menu-items.spec.js:15:14)
        at C:\Users\ricka\Downloads\performile-platform-main\performile-platform-main\e2e-tests\tests\navigation\menu-items.spec.js:29:5

    attachment #1: screenshot (image/png) ──────────────────────────────────────────────────────────
    ..\test-results\navigation-menu-items-Navi-218e9-ct-icons-for-new-menu-items-chromium\test-failed-1.png
    ────────────────────────────────────────────────────────────────────────────────────────────────

    attachment #2: video (video/webm) ──────────────────────────────────────────────────────────────
    ..\test-results\navigation-menu-items-Navi-218e9-ct-icons-for-new-menu-items-chromium\video.webm
    ────────────────────────────────────────────────────────────────────────────────────────────────

    Error Context: ..\test-results\navigation-menu-items-Navi-218e9-ct-icons-for-new-menu-items-chromium\error-context.md
]]>
</failure>
<system-out>
<![CDATA[
[[ATTACHMENT|test-results\navigation-menu-items-Navi-218e9-ct-icons-for-new-menu-items-chromium\test-failed-1.png]]

[[ATTACHMENT|test-results\navigation-menu-items-Navi-218e9-ct-icons-for-new-menu-items-chromium\video.webm]]

[[ATTACHMENT|test-results\navigation-menu-items-Navi-218e9-ct-icons-for-new-menu-items-chromium\error-context.md]]
]]>
</system-out>
</testcase>
<testcase name="Navigation Menu - Courier View › should display My Subscription for couriers" classname="navigation\menu-items.spec.js" time="32.251">
<failure message="menu-items.spec.js:92:3 should display My Subscription for couriers" type="FAILURE">
<![CDATA[  [chromium] › navigation\menu-items.spec.js:92:3 › Navigation Menu - Courier View › should display My Subscription for couriers 

    Test timeout of 30000ms exceeded while running "beforeEach" hook.

      86 |
      87 | test.describe('Navigation Menu - Courier View', () => {
    > 88 |   test.beforeEach(async ({ page }) => {
         |        ^
      89 |     await loginAsCourier(page);
      90 |   });
      91 |
        at C:\Users\ricka\Downloads\performile-platform-main\performile-platform-main\e2e-tests\tests\navigation\menu-items.spec.js:88:8

    Error: page.waitForURL: Test timeout of 30000ms exceeded.
    =========================== logs ===========================
    waiting for navigation to "**/dashboard" until "load"
    ============================================================

      22 |   await page.fill('input[name="password"]', 'TestPassword123!');
      23 |   await page.click('button[type="submit"]');
    > 24 |   await page.waitForURL('**/dashboard');
         |              ^
      25 | }
      26 |
      27 | test.describe('Navigation Menu - New Items', () => {
        at loginAsCourier (C:\Users\ricka\Downloads\performile-platform-main\performile-platform-main\e2e-tests\tests\navigation\menu-items.spec.js:24:14)
        at C:\Users\ricka\Downloads\performile-platform-main\performile-platform-main\e2e-tests\tests\navigation\menu-items.spec.js:89:5

    attachment #1: screenshot (image/png) ──────────────────────────────────────────────────────────
    ..\test-results\navigation-menu-items-Navi-f100c-y-Subscription-for-couriers-chromium\test-failed-1.png
    ────────────────────────────────────────────────────────────────────────────────────────────────

    attachment #2: video (video/webm) ──────────────────────────────────────────────────────────────
    ..\test-results\navigation-menu-items-Navi-f100c-y-Subscription-for-couriers-chromium\video.webm
    ────────────────────────────────────────────────────────────────────────────────────────────────

    Error Context: ..\test-results\navigation-menu-items-Navi-f100c-y-Subscription-for-couriers-chromium\error-context.md
]]>
</failure>
<system-out>
<![CDATA[
[[ATTACHMENT|test-results\navigation-menu-items-Navi-f100c-y-Subscription-for-couriers-chromium\test-failed-1.png]]

[[ATTACHMENT|test-results\navigation-menu-items-Navi-f100c-y-Subscription-for-couriers-chromium\video.webm]]

[[ATTACHMENT|test-results\navigation-menu-items-Navi-f100c-y-Subscription-for-couriers-chromium\error-context.md]]
]]>
</system-out>
</testcase>
<testcase name="Navigation Menu - Courier View › should display Parcel Points for couriers" classname="navigation\menu-items.spec.js" time="32.181">
<failure message="menu-items.spec.js:96:3 should display Parcel Points for couriers" type="FAILURE">
<![CDATA[  [chromium] › navigation\menu-items.spec.js:96:3 › Navigation Menu - Courier View › should display Parcel Points for couriers 

    Test timeout of 30000ms exceeded while running "beforeEach" hook.

      86 |
      87 | test.describe('Navigation Menu - Courier View', () => {
    > 88 |   test.beforeEach(async ({ page }) => {
         |        ^
      89 |     await loginAsCourier(page);
      90 |   });
      91 |
        at C:\Users\ricka\Downloads\performile-platform-main\performile-platform-main\e2e-tests\tests\navigation\menu-items.spec.js:88:8

    Error: page.waitForURL: Test timeout of 30000ms exceeded.
    =========================== logs ===========================
    waiting for navigation to "**/dashboard" until "load"
    ============================================================

      22 |   await page.fill('input[name="password"]', 'TestPassword123!');
      23 |   await page.click('button[type="submit"]');
    > 24 |   await page.waitForURL('**/dashboard');
         |              ^
      25 | }
      26 |
      27 | test.describe('Navigation Menu - New Items', () => {
        at loginAsCourier (C:\Users\ricka\Downloads\performile-platform-main\performile-platform-main\e2e-tests\tests\navigation\menu-items.spec.js:24:14)
        at C:\Users\ricka\Downloads\performile-platform-main\performile-platform-main\e2e-tests\tests\navigation\menu-items.spec.js:89:5

    attachment #1: screenshot (image/png) ──────────────────────────────────────────────────────────
    ..\test-results\navigation-menu-items-Navi-5d6ed--Parcel-Points-for-couriers-chromium\test-failed-1.png
    ────────────────────────────────────────────────────────────────────────────────────────────────

    attachment #2: video (video/webm) ──────────────────────────────────────────────────────────────
    ..\test-results\navigation-menu-items-Navi-5d6ed--Parcel-Points-for-couriers-chromium\video.webm
    ────────────────────────────────────────────────────────────────────────────────────────────────

    Error Context: ..\test-results\navigation-menu-items-Navi-5d6ed--Parcel-Points-for-couriers-chromium\error-context.md
]]>
</failure>
<system-out>
<![CDATA[
[[ATTACHMENT|test-results\navigation-menu-items-Navi-5d6ed--Parcel-Points-for-couriers-chromium\test-failed-1.png]]

[[ATTACHMENT|test-results\navigation-menu-items-Navi-5d6ed--Parcel-Points-for-couriers-chromium\video.webm]]

[[ATTACHMENT|test-results\navigation-menu-items-Navi-5d6ed--Parcel-Points-for-couriers-chromium\error-context.md]]
]]>
</system-out>
</testcase>
<testcase name="Navigation Menu - Courier View › should display Service Performance for couriers" classname="navigation\menu-items.spec.js" time="32.425">
<failure message="menu-items.spec.js:100:3 should display Service Performance for couriers" type="FAILURE">
<![CDATA[  [chromium] › navigation\menu-items.spec.js:100:3 › Navigation Menu - Courier View › should display Service Performance for couriers 

    Test timeout of 30000ms exceeded while running "beforeEach" hook.

      86 |
      87 | test.describe('Navigation Menu - Courier View', () => {
    > 88 |   test.beforeEach(async ({ page }) => {
         |        ^
      89 |     await loginAsCourier(page);
      90 |   });
      91 |
        at C:\Users\ricka\Downloads\performile-platform-main\performile-platform-main\e2e-tests\tests\navigation\menu-items.spec.js:88:8

    Error: page.waitForURL: Test timeout of 30000ms exceeded.
    =========================== logs ===========================
    waiting for navigation to "**/dashboard" until "load"
    ============================================================

      22 |   await page.fill('input[name="password"]', 'TestPassword123!');
      23 |   await page.click('button[type="submit"]');
    > 24 |   await page.waitForURL('**/dashboard');
         |              ^
      25 | }
      26 |
      27 | test.describe('Navigation Menu - New Items', () => {
        at loginAsCourier (C:\Users\ricka\Downloads\performile-platform-main\performile-platform-main\e2e-tests\tests\navigation\menu-items.spec.js:24:14)
        at C:\Users\ricka\Downloads\performile-platform-main\performile-platform-main\e2e-tests\tests\navigation\menu-items.spec.js:89:5

    attachment #1: screenshot (image/png) ──────────────────────────────────────────────────────────
    ..\test-results\navigation-menu-items-Navi-7e3d5-ce-Performance-for-couriers-chromium\test-failed-1.png
    ────────────────────────────────────────────────────────────────────────────────────────────────

    attachment #2: video (video/webm) ──────────────────────────────────────────────────────────────
    ..\test-results\navigation-menu-items-Navi-7e3d5-ce-Performance-for-couriers-chromium\video.webm
    ────────────────────────────────────────────────────────────────────────────────────────────────

    Error Context: ..\test-results\navigation-menu-items-Navi-7e3d5-ce-Performance-for-couriers-chromium\error-context.md
]]>
</failure>
<system-out>
<![CDATA[
[[ATTACHMENT|test-results\navigation-menu-items-Navi-7e3d5-ce-Performance-for-couriers-chromium\test-failed-1.png]]

[[ATTACHMENT|test-results\navigation-menu-items-Navi-7e3d5-ce-Performance-for-couriers-chromium\video.webm]]

[[ATTACHMENT|test-results\navigation-menu-items-Navi-7e3d5-ce-Performance-for-couriers-chromium\error-context.md]]
]]>
</system-out>
</testcase>
<testcase name="Navigation Menu - Courier View › should display Coverage Checker for couriers" classname="navigation\menu-items.spec.js" time="32.383">
<failure message="menu-items.spec.js:104:3 should display Coverage Checker for couriers" type="FAILURE">
<![CDATA[  [chromium] › navigation\menu-items.spec.js:104:3 › Navigation Menu - Courier View › should display Coverage Checker for couriers 

    Test timeout of 30000ms exceeded while running "beforeEach" hook.

      86 |
      87 | test.describe('Navigation Menu - Courier View', () => {
    > 88 |   test.beforeEach(async ({ page }) => {
         |        ^
      89 |     await loginAsCourier(page);
      90 |   });
      91 |
        at C:\Users\ricka\Downloads\performile-platform-main\performile-platform-main\e2e-tests\tests\navigation\menu-items.spec.js:88:8

    Error: page.waitForURL: Test timeout of 30000ms exceeded.
    =========================== logs ===========================
    waiting for navigation to "**/dashboard" until "load"
    ============================================================

      22 |   await page.fill('input[name="password"]', 'TestPassword123!');
      23 |   await page.click('button[type="submit"]');
    > 24 |   await page.waitForURL('**/dashboard');
         |              ^
      25 | }
      26 |
      27 | test.describe('Navigation Menu - New Items', () => {
        at loginAsCourier (C:\Users\ricka\Downloads\performile-platform-main\performile-platform-main\e2e-tests\tests\navigation\menu-items.spec.js:24:14)
        at C:\Users\ricka\Downloads\performile-platform-main\performile-platform-main\e2e-tests\tests\navigation\menu-items.spec.js:89:5

    attachment #1: screenshot (image/png) ──────────────────────────────────────────────────────────
    ..\test-results\navigation-menu-items-Navi-6ffa3-verage-Checker-for-couriers-chromium\test-failed-1.png
    ────────────────────────────────────────────────────────────────────────────────────────────────

    attachment #2: video (video/webm) ──────────────────────────────────────────────────────────────
    ..\test-results\navigation-menu-items-Navi-6ffa3-verage-Checker-for-couriers-chromium\video.webm
    ────────────────────────────────────────────────────────────────────────────────────────────────

    Error Context: ..\test-results\navigation-menu-items-Navi-6ffa3-verage-Checker-for-couriers-chromium\error-context.md
]]>
</failure>
<system-out>
<![CDATA[
[[ATTACHMENT|test-results\navigation-menu-items-Navi-6ffa3-verage-Checker-for-couriers-chromium\test-failed-1.png]]

[[ATTACHMENT|test-results\navigation-menu-items-Navi-6ffa3-verage-Checker-for-couriers-chromium\video.webm]]

[[ATTACHMENT|test-results\navigation-menu-items-Navi-6ffa3-verage-Checker-for-couriers-chromium\error-context.md]]
]]>
</system-out>
</testcase>
<testcase name="Navigation Menu - Courier View › should navigate correctly from courier dashboard" classname="navigation\menu-items.spec.js" time="32.458">
<failure message="menu-items.spec.js:108:3 should navigate correctly from courier dashboard" type="FAILURE">
<![CDATA[  [chromium] › navigation\menu-items.spec.js:108:3 › Navigation Menu - Courier View › should navigate correctly from courier dashboard 

    Test timeout of 30000ms exceeded while running "beforeEach" hook.

      86 |
      87 | test.describe('Navigation Menu - Courier View', () => {
    > 88 |   test.beforeEach(async ({ page }) => {
         |        ^
      89 |     await loginAsCourier(page);
      90 |   });
      91 |
        at C:\Users\ricka\Downloads\performile-platform-main\performile-platform-main\e2e-tests\tests\navigation\menu-items.spec.js:88:8

    Error: page.waitForURL: Test timeout of 30000ms exceeded.
    =========================== logs ===========================
    waiting for navigation to "**/dashboard" until "load"
    ============================================================

      22 |   await page.fill('input[name="password"]', 'TestPassword123!');
      23 |   await page.click('button[type="submit"]');
    > 24 |   await page.waitForURL('**/dashboard');
         |              ^
      25 | }
      26 |
      27 | test.describe('Navigation Menu - New Items', () => {
        at loginAsCourier (C:\Users\ricka\Downloads\performile-platform-main\performile-platform-main\e2e-tests\tests\navigation\menu-items.spec.js:24:14)
        at C:\Users\ricka\Downloads\performile-platform-main\performile-platform-main\e2e-tests\tests\navigation\menu-items.spec.js:89:5

    attachment #1: screenshot (image/png) ──────────────────────────────────────────────────────────
    ..\test-results\navigation-menu-items-Navi-f5afc-ctly-from-courier-dashboard-chromium\test-failed-1.png
    ────────────────────────────────────────────────────────────────────────────────────────────────

    attachment #2: video (video/webm) ──────────────────────────────────────────────────────────────
    ..\test-results\navigation-menu-items-Navi-f5afc-ctly-from-courier-dashboard-chromium\video.webm
    ────────────────────────────────────────────────────────────────────────────────────────────────

    Error Context: ..\test-results\navigation-menu-items-Navi-f5afc-ctly-from-courier-dashboard-chromium\error-context.md
]]>
</failure>
<system-out>
<![CDATA[
[[ATTACHMENT|test-results\navigation-menu-items-Navi-f5afc-ctly-from-courier-dashboard-chromium\test-failed-1.png]]

[[ATTACHMENT|test-results\navigation-menu-items-Navi-f5afc-ctly-from-courier-dashboard-chromium\video.webm]]

[[ATTACHMENT|test-results\navigation-menu-items-Navi-f5afc-ctly-from-courier-dashboard-chromium\error-context.md]]
]]>
</system-out>
</testcase>
<testcase name="Navigation Menu - Mobile View › should display hamburger menu on mobile" classname="navigation\menu-items.spec.js" time="31.537">
<failure message="menu-items.spec.js:124:3 should display hamburger menu on mobile" type="FAILURE">
<![CDATA[  [chromium] › navigation\menu-items.spec.js:124:3 › Navigation Menu - Mobile View › should display hamburger menu on mobile 

    Test timeout of 30000ms exceeded while running "beforeEach" hook.

      117 |
      118 | test.describe('Navigation Menu - Mobile View', () => {
    > 119 |   test.beforeEach(async ({ page }) => {
          |        ^
      120 |     await page.setViewportSize({ width: 375, height: 667 });
      121 |     await loginAsMerchant(page);
      122 |   });
        at C:\Users\ricka\Downloads\performile-platform-main\performile-platform-main\e2e-tests\tests\navigation\menu-items.spec.js:119:8

    Error: page.waitForURL: Test timeout of 30000ms exceeded.
    =========================== logs ===========================
    waiting for navigation to "**/dashboard" until "load"
    ============================================================

      13 |   await page.fill('input[name="password"]', 'TestPassword123!');
      14 |   await page.click('button[type="submit"]');
    > 15 |   await page.waitForURL('**/dashboard');
         |              ^
      16 | }
      17 |
      18 | // Helper function to login as courier
        at loginAsMerchant (C:\Users\ricka\Downloads\performile-platform-main\performile-platform-main\e2e-tests\tests\navigation\menu-items.spec.js:15:14)
        at C:\Users\ricka\Downloads\performile-platform-main\performile-platform-main\e2e-tests\tests\navigation\menu-items.spec.js:121:5

    attachment #1: screenshot (image/png) ──────────────────────────────────────────────────────────
    ..\test-results\navigation-menu-items-Navi-10b47-ay-hamburger-menu-on-mobile-chromium\test-failed-1.png
    ────────────────────────────────────────────────────────────────────────────────────────────────

    attachment #2: video (video/webm) ──────────────────────────────────────────────────────────────
    ..\test-results\navigation-menu-items-Navi-10b47-ay-hamburger-menu-on-mobile-chromium\video.webm
    ────────────────────────────────────────────────────────────────────────────────────────────────

    Error Context: ..\test-results\navigation-menu-items-Navi-10b47-ay-hamburger-menu-on-mobile-chromium\error-context.md
]]>
</failure>
<system-out>
<![CDATA[
[[ATTACHMENT|test-results\navigation-menu-items-Navi-10b47-ay-hamburger-menu-on-mobile-chromium\test-failed-1.png]]

[[ATTACHMENT|test-results\navigation-menu-items-Navi-10b47-ay-hamburger-menu-on-mobile-chromium\video.webm]]

[[ATTACHMENT|test-results\navigation-menu-items-Navi-10b47-ay-hamburger-menu-on-mobile-chromium\error-context.md]]
]]>
</system-out>
</testcase>
<testcase name="Navigation Menu - Mobile View › should open drawer when hamburger is clicked" classname="navigation\menu-items.spec.js" time="31.58">
<failure message="menu-items.spec.js:129:3 should open drawer when hamburger is clicked" type="FAILURE">
<![CDATA[  [chromium] › navigation\menu-items.spec.js:129:3 › Navigation Menu - Mobile View › should open drawer when hamburger is clicked 

    Test timeout of 30000ms exceeded while running "beforeEach" hook.

      117 |
      118 | test.describe('Navigation Menu - Mobile View', () => {
    > 119 |   test.beforeEach(async ({ page }) => {
          |        ^
      120 |     await page.setViewportSize({ width: 375, height: 667 });
      121 |     await loginAsMerchant(page);
      122 |   });
        at C:\Users\ricka\Downloads\performile-platform-main\performile-platform-main\e2e-tests\tests\navigation\menu-items.spec.js:119:8

    Error: page.waitForURL: Test timeout of 30000ms exceeded.
    =========================== logs ===========================
    waiting for navigation to "**/dashboard" until "load"
    ============================================================

      13 |   await page.fill('input[name="password"]', 'TestPassword123!');
      14 |   await page.click('button[type="submit"]');
    > 15 |   await page.waitForURL('**/dashboard');
         |              ^
      16 | }
      17 |
      18 | // Helper function to login as courier
        at loginAsMerchant (C:\Users\ricka\Downloads\performile-platform-main\performile-platform-main\e2e-tests\tests\navigation\menu-items.spec.js:15:14)
        at C:\Users\ricka\Downloads\performile-platform-main\performile-platform-main\e2e-tests\tests\navigation\menu-items.spec.js:121:5

    attachment #1: screenshot (image/png) ──────────────────────────────────────────────────────────
    ..\test-results\navigation-menu-items-Navi-73e1f-r-when-hamburger-is-clicked-chromium\test-failed-1.png
    ────────────────────────────────────────────────────────────────────────────────────────────────

    attachment #2: video (video/webm) ──────────────────────────────────────────────────────────────
    ..\test-results\navigation-menu-items-Navi-73e1f-r-when-hamburger-is-clicked-chromium\video.webm
    ────────────────────────────────────────────────────────────────────────────────────────────────

    Error Context: ..\test-results\navigation-menu-items-Navi-73e1f-r-when-hamburger-is-clicked-chromium\error-context.md
]]>
</failure>
<system-out>
<![CDATA[
[[ATTACHMENT|test-results\navigation-menu-items-Navi-73e1f-r-when-hamburger-is-clicked-chromium\test-failed-1.png]]

[[ATTACHMENT|test-results\navigation-menu-items-Navi-73e1f-r-when-hamburger-is-clicked-chromium\video.webm]]

[[ATTACHMENT|test-results\navigation-menu-items-Navi-73e1f-r-when-hamburger-is-clicked-chromium\error-context.md]]
]]>
</system-out>
</testcase>
<testcase name="Navigation Menu - Mobile View › should display all menu items in mobile drawer" classname="navigation\menu-items.spec.js" time="31.515">
<failure message="menu-items.spec.js:138:3 should display all menu items in mobile drawer" type="FAILURE">
<![CDATA[  [chromium] › navigation\menu-items.spec.js:138:3 › Navigation Menu - Mobile View › should display all menu items in mobile drawer 

    Test timeout of 30000ms exceeded while running "beforeEach" hook.

      117 |
      118 | test.describe('Navigation Menu - Mobile View', () => {
    > 119 |   test.beforeEach(async ({ page }) => {
          |        ^
      120 |     await page.setViewportSize({ width: 375, height: 667 });
      121 |     await loginAsMerchant(page);
      122 |   });
        at C:\Users\ricka\Downloads\performile-platform-main\performile-platform-main\e2e-tests\tests\navigation\menu-items.spec.js:119:8

    Error: page.waitForURL: Test timeout of 30000ms exceeded.
    =========================== logs ===========================
    waiting for navigation to "**/dashboard" until "load"
    ============================================================

      13 |   await page.fill('input[name="password"]', 'TestPassword123!');
      14 |   await page.click('button[type="submit"]');
    > 15 |   await page.waitForURL('**/dashboard');
         |              ^
      16 | }
      17 |
      18 | // Helper function to login as courier
        at loginAsMerchant (C:\Users\ricka\Downloads\performile-platform-main\performile-platform-main\e2e-tests\tests\navigation\menu-items.spec.js:15:14)
        at C:\Users\ricka\Downloads\performile-platform-main\performile-platform-main\e2e-tests\tests\navigation\menu-items.spec.js:121:5

    attachment #1: screenshot (image/png) ──────────────────────────────────────────────────────────
    ..\test-results\navigation-menu-items-Navi-4f9ed-menu-items-in-mobile-drawer-chromium\test-failed-1.png
    ────────────────────────────────────────────────────────────────────────────────────────────────

    attachment #2: video (video/webm) ──────────────────────────────────────────────────────────────
    ..\test-results\navigation-menu-items-Navi-4f9ed-menu-items-in-mobile-drawer-chromium\video.webm
    ────────────────────────────────────────────────────────────────────────────────────────────────

    Error Context: ..\test-results\navigation-menu-items-Navi-4f9ed-menu-items-in-mobile-drawer-chromium\error-context.md
]]>
</failure>
<system-out>
<![CDATA[
[[ATTACHMENT|test-results\navigation-menu-items-Navi-4f9ed-menu-items-in-mobile-drawer-chromium\test-failed-1.png]]

[[ATTACHMENT|test-results\navigation-menu-items-Navi-4f9ed-menu-items-in-mobile-drawer-chromium\video.webm]]

[[ATTACHMENT|test-results\navigation-menu-items-Navi-4f9ed-menu-items-in-mobile-drawer-chromium\error-context.md]]
]]>
</system-out>
</testcase>
<testcase name="Navigation Menu - Mobile View › should close drawer after navigation" classname="navigation\menu-items.spec.js" time="31.576">
<failure message="menu-items.spec.js:149:3 should close drawer after navigation" type="FAILURE">
<![CDATA[  [chromium] › navigation\menu-items.spec.js:149:3 › Navigation Menu - Mobile View › should close drawer after navigation 

    Test timeout of 30000ms exceeded while running "beforeEach" hook.

      117 |
      118 | test.describe('Navigation Menu - Mobile View', () => {
    > 119 |   test.beforeEach(async ({ page }) => {
          |        ^
      120 |     await page.setViewportSize({ width: 375, height: 667 });
      121 |     await loginAsMerchant(page);
      122 |   });
        at C:\Users\ricka\Downloads\performile-platform-main\performile-platform-main\e2e-tests\tests\navigation\menu-items.spec.js:119:8

    Error: page.waitForURL: Test timeout of 30000ms exceeded.
    =========================== logs ===========================
    waiting for navigation to "**/dashboard" until "load"
    ============================================================

      13 |   await page.fill('input[name="password"]', 'TestPassword123!');
      14 |   await page.click('button[type="submit"]');
    > 15 |   await page.waitForURL('**/dashboard');
         |              ^
      16 | }
      17 |
      18 | // Helper function to login as courier
        at loginAsMerchant (C:\Users\ricka\Downloads\performile-platform-main\performile-platform-main\e2e-tests\tests\navigation\menu-items.spec.js:15:14)
        at C:\Users\ricka\Downloads\performile-platform-main\performile-platform-main\e2e-tests\tests\navigation\menu-items.spec.js:121:5

    attachment #1: screenshot (image/png) ──────────────────────────────────────────────────────────
    ..\test-results\navigation-menu-items-Navi-d5448-ose-drawer-after-navigation-chromium\test-failed-1.png
    ────────────────────────────────────────────────────────────────────────────────────────────────

    attachment #2: video (video/webm) ──────────────────────────────────────────────────────────────
    ..\test-results\navigation-menu-items-Navi-d5448-ose-drawer-after-navigation-chromium\video.webm
    ────────────────────────────────────────────────────────────────────────────────────────────────

    Error Context: ..\test-results\navigation-menu-items-Navi-d5448-ose-drawer-after-navigation-chromium\error-context.md
]]>
</failure>
<system-out>
<![CDATA[
[[ATTACHMENT|test-results\navigation-menu-items-Navi-d5448-ose-drawer-after-navigation-chromium\test-failed-1.png]]

[[ATTACHMENT|test-results\navigation-menu-items-Navi-d5448-ose-drawer-after-navigation-chromium\video.webm]]

[[ATTACHMENT|test-results\navigation-menu-items-Navi-d5448-ose-drawer-after-navigation-chromium\error-context.md]]
]]>
</system-out>
</testcase>
<testcase name="Navigation Menu - Role-Based Access › should show merchant-specific items for merchants" classname="navigation\menu-items.spec.js" time="32.587">
<failure message="menu-items.spec.js:167:3 should show merchant-specific items for merchants" type="FAILURE">
<![CDATA[  [chromium] › navigation\menu-items.spec.js:167:3 › Navigation Menu - Role-Based Access › should show merchant-specific items for merchants 

    Test timeout of 30000ms exceeded.

    Error: page.waitForURL: Test timeout of 30000ms exceeded.
    =========================== logs ===========================
    waiting for navigation to "**/dashboard" until "load"
    ============================================================

      13 |   await page.fill('input[name="password"]', 'TestPassword123!');
      14 |   await page.click('button[type="submit"]');
    > 15 |   await page.waitForURL('**/dashboard');
         |              ^
      16 | }
      17 |
      18 | // Helper function to login as courier
        at loginAsMerchant (C:\Users\ricka\Downloads\performile-platform-main\performile-platform-main\e2e-tests\tests\navigation\menu-items.spec.js:15:14)
        at C:\Users\ricka\Downloads\performile-platform-main\performile-platform-main\e2e-tests\tests\navigation\menu-items.spec.js:168:5

    attachment #1: screenshot (image/png) ──────────────────────────────────────────────────────────
    ..\test-results\navigation-menu-items-Navi-68c33-pecific-items-for-merchants-chromium\test-failed-1.png
    ────────────────────────────────────────────────────────────────────────────────────────────────

    attachment #2: video (video/webm) ──────────────────────────────────────────────────────────────
    ..\test-results\navigation-menu-items-Navi-68c33-pecific-items-for-merchants-chromium\video.webm
    ────────────────────────────────────────────────────────────────────────────────────────────────

    Error Context: ..\test-results\navigation-menu-items-Navi-68c33-pecific-items-for-merchants-chromium\error-context.md
]]>
</failure>
<system-out>
<![CDATA[
[[ATTACHMENT|test-results\navigation-menu-items-Navi-68c33-pecific-items-for-merchants-chromium\test-failed-1.png]]

[[ATTACHMENT|test-results\navigation-menu-items-Navi-68c33-pecific-items-for-merchants-chromium\video.webm]]

[[ATTACHMENT|test-results\navigation-menu-items-Navi-68c33-pecific-items-for-merchants-chromium\error-context.md]]
]]>
</system-out>
</testcase>
<testcase name="Navigation Menu - Role-Based Access › should show courier-specific items for couriers" classname="navigation\menu-items.spec.js" time="32.316">
<failure message="menu-items.spec.js:177:3 should show courier-specific items for couriers" type="FAILURE">
<![CDATA[  [chromium] › navigation\menu-items.spec.js:177:3 › Navigation Menu - Role-Based Access › should show courier-specific items for couriers 

    Test timeout of 30000ms exceeded.

    Error: page.waitForURL: Test timeout of 30000ms exceeded.
    =========================== logs ===========================
    waiting for navigation to "**/dashboard" until "load"
    ============================================================

      22 |   await page.fill('input[name="password"]', 'TestPassword123!');
      23 |   await page.click('button[type="submit"]');
    > 24 |   await page.waitForURL('**/dashboard');
         |              ^
      25 | }
      26 |
      27 | test.describe('Navigation Menu - New Items', () => {
        at loginAsCourier (C:\Users\ricka\Downloads\performile-platform-main\performile-platform-main\e2e-tests\tests\navigation\menu-items.spec.js:24:14)
        at C:\Users\ricka\Downloads\performile-platform-main\performile-platform-main\e2e-tests\tests\navigation\menu-items.spec.js:178:5

    attachment #1: screenshot (image/png) ──────────────────────────────────────────────────────────
    ..\test-results\navigation-menu-items-Navi-2052b-specific-items-for-couriers-chromium\test-failed-1.png
    ────────────────────────────────────────────────────────────────────────────────────────────────

    attachment #2: video (video/webm) ──────────────────────────────────────────────────────────────
    ..\test-results\navigation-menu-items-Navi-2052b-specific-items-for-couriers-chromium\video.webm
    ────────────────────────────────────────────────────────────────────────────────────────────────

    Error Context: ..\test-results\navigation-menu-items-Navi-2052b-specific-items-for-couriers-chromium\error-context.md
]]>
</failure>
<system-out>
<![CDATA[
[[ATTACHMENT|test-results\navigation-menu-items-Navi-2052b-specific-items-for-couriers-chromium\test-failed-1.png]]

[[ATTACHMENT|test-results\navigation-menu-items-Navi-2052b-specific-items-for-couriers-chromium\video.webm]]

[[ATTACHMENT|test-results\navigation-menu-items-Navi-2052b-specific-items-for-couriers-chromium\error-context.md]]
]]>
</system-out>
</testcase>
<testcase name="Navigation Menu - Role-Based Access › should not show admin items to merchants" classname="navigation\menu-items.spec.js" time="32.25">
<failure message="menu-items.spec.js:187:3 should not show admin items to merchants" type="FAILURE">
<![CDATA[  [chromium] › navigation\menu-items.spec.js:187:3 › Navigation Menu - Role-Based Access › should not show admin items to merchants 

    Test timeout of 30000ms exceeded.

    Error: page.waitForURL: Test timeout of 30000ms exceeded.
    =========================== logs ===========================
    waiting for navigation to "**/dashboard" until "load"
    ============================================================

      13 |   await page.fill('input[name="password"]', 'TestPassword123!');
      14 |   await page.click('button[type="submit"]');
    > 15 |   await page.waitForURL('**/dashboard');
         |              ^
      16 | }
      17 |
      18 | // Helper function to login as courier
        at loginAsMerchant (C:\Users\ricka\Downloads\performile-platform-main\performile-platform-main\e2e-tests\tests\navigation\menu-items.spec.js:15:14)
        at C:\Users\ricka\Downloads\performile-platform-main\performile-platform-main\e2e-tests\tests\navigation\menu-items.spec.js:188:5

    attachment #1: screenshot (image/png) ──────────────────────────────────────────────────────────
    ..\test-results\navigation-menu-items-Navi-e1424-ow-admin-items-to-merchants-chromium\test-failed-1.png
    ────────────────────────────────────────────────────────────────────────────────────────────────

    attachment #2: video (video/webm) ──────────────────────────────────────────────────────────────
    ..\test-results\navigation-menu-items-Navi-e1424-ow-admin-items-to-merchants-chromium\video.webm
    ────────────────────────────────────────────────────────────────────────────────────────────────

    Error Context: ..\test-results\navigation-menu-items-Navi-e1424-ow-admin-items-to-merchants-chromium\error-context.md
]]>
</failure>
<system-out>
<![CDATA[
[[ATTACHMENT|test-results\navigation-menu-items-Navi-e1424-ow-admin-items-to-merchants-chromium\test-failed-1.png]]

[[ATTACHMENT|test-results\navigation-menu-items-Navi-e1424-ow-admin-items-to-merchants-chromium\video.webm]]

[[ATTACHMENT|test-results\navigation-menu-items-Navi-e1424-ow-admin-items-to-merchants-chromium\error-context.md]]
]]>
</system-out>
</testcase>
<testcase name="Navigation Menu - Role-Based Access › should not show admin items to couriers" classname="navigation\menu-items.spec.js" time="32.275">
<failure message="menu-items.spec.js:197:3 should not show admin items to couriers" type="FAILURE">
<![CDATA[  [chromium] › navigation\menu-items.spec.js:197:3 › Navigation Menu - Role-Based Access › should not show admin items to couriers 

    Test timeout of 30000ms exceeded.

    Error: page.waitForURL: Test timeout of 30000ms exceeded.
    =========================== logs ===========================
    waiting for navigation to "**/dashboard" until "load"
    ============================================================

      22 |   await page.fill('input[name="password"]', 'TestPassword123!');
      23 |   await page.click('button[type="submit"]');
    > 24 |   await page.waitForURL('**/dashboard');
         |              ^
      25 | }
      26 |
      27 | test.describe('Navigation Menu - New Items', () => {
        at loginAsCourier (C:\Users\ricka\Downloads\performile-platform-main\performile-platform-main\e2e-tests\tests\navigation\menu-items.spec.js:24:14)
        at C:\Users\ricka\Downloads\performile-platform-main\performile-platform-main\e2e-tests\tests\navigation\menu-items.spec.js:198:5

    attachment #1: screenshot (image/png) ──────────────────────────────────────────────────────────
    ..\test-results\navigation-menu-items-Navi-884d8-how-admin-items-to-couriers-chromium\test-failed-1.png
    ────────────────────────────────────────────────────────────────────────────────────────────────

    attachment #2: video (video/webm) ──────────────────────────────────────────────────────────────
    ..\test-results\navigation-menu-items-Navi-884d8-how-admin-items-to-couriers-chromium\video.webm
    ────────────────────────────────────────────────────────────────────────────────────────────────

    Error Context: ..\test-results\navigation-menu-items-Navi-884d8-how-admin-items-to-couriers-chromium\error-context.md
]]>
</failure>
<system-out>
<![CDATA[
[[ATTACHMENT|test-results\navigation-menu-items-Navi-884d8-how-admin-items-to-couriers-chromium\test-failed-1.png]]

[[ATTACHMENT|test-results\navigation-menu-items-Navi-884d8-how-admin-items-to-couriers-chromium\video.webm]]

[[ATTACHMENT|test-results\navigation-menu-items-Navi-884d8-how-admin-items-to-couriers-chromium\error-context.md]]
]]>
</system-out>
</testcase>
<testcase name="Navigation Menu - Sidebar Behavior › should keep sidebar visible on desktop" classname="navigation\menu-items.spec.js" time="32.239">
<failure message="menu-items.spec.js:213:3 should keep sidebar visible on desktop" type="FAILURE">
<![CDATA[  [chromium] › navigation\menu-items.spec.js:213:3 › Navigation Menu - Sidebar Behavior › should keep sidebar visible on desktop 

    Test timeout of 30000ms exceeded while running "beforeEach" hook.

      207 |
      208 | test.describe('Navigation Menu - Sidebar Behavior', () => {
    > 209 |   test.beforeEach(async ({ page }) => {
          |        ^
      210 |     await loginAsMerchant(page);
      211 |   });
      212 |
        at C:\Users\ricka\Downloads\performile-platform-main\performile-platform-main\e2e-tests\tests\navigation\menu-items.spec.js:209:8

    Error: page.waitForURL: Test timeout of 30000ms exceeded.
    =========================== logs ===========================
    waiting for navigation to "**/dashboard" until "load"
    ============================================================

      13 |   await page.fill('input[name="password"]', 'TestPassword123!');
      14 |   await page.click('button[type="submit"]');
    > 15 |   await page.waitForURL('**/dashboard');
         |              ^
      16 | }
      17 |
      18 | // Helper function to login as courier
        at loginAsMerchant (C:\Users\ricka\Downloads\performile-platform-main\performile-platform-main\e2e-tests\tests\navigation\menu-items.spec.js:15:14)
        at C:\Users\ricka\Downloads\performile-platform-main\performile-platform-main\e2e-tests\tests\navigation\menu-items.spec.js:210:5

    attachment #1: screenshot (image/png) ──────────────────────────────────────────────────────────
    ..\test-results\navigation-menu-items-Navi-4e41a--sidebar-visible-on-desktop-chromium\test-failed-1.png
    ────────────────────────────────────────────────────────────────────────────────────────────────

    attachment #2: video (video/webm) ──────────────────────────────────────────────────────────────
    ..\test-results\navigation-menu-items-Navi-4e41a--sidebar-visible-on-desktop-chromium\video.webm
    ────────────────────────────────────────────────────────────────────────────────────────────────

    Error Context: ..\test-results\navigation-menu-items-Navi-4e41a--sidebar-visible-on-desktop-chromium\error-context.md
]]>
</failure>
<system-out>
<![CDATA[
[[ATTACHMENT|test-results\navigation-menu-items-Navi-4e41a--sidebar-visible-on-desktop-chromium\test-failed-1.png]]

[[ATTACHMENT|test-results\navigation-menu-items-Navi-4e41a--sidebar-visible-on-desktop-chromium\video.webm]]

[[ATTACHMENT|test-results\navigation-menu-items-Navi-4e41a--sidebar-visible-on-desktop-chromium\error-context.md]]
]]>
</system-out>
</testcase>
<testcase name="Navigation Menu - Sidebar Behavior › should collapse sidebar on smaller screens" classname="navigation\menu-items.spec.js" time="32.254">
<failure message="menu-items.spec.js:220:3 should collapse sidebar on smaller screens" type="FAILURE">
<![CDATA[  [chromium] › navigation\menu-items.spec.js:220:3 › Navigation Menu - Sidebar Behavior › should collapse sidebar on smaller screens 

    Test timeout of 30000ms exceeded while running "beforeEach" hook.

      207 |
      208 | test.describe('Navigation Menu - Sidebar Behavior', () => {
    > 209 |   test.beforeEach(async ({ page }) => {
          |        ^
      210 |     await loginAsMerchant(page);
      211 |   });
      212 |
        at C:\Users\ricka\Downloads\performile-platform-main\performile-platform-main\e2e-tests\tests\navigation\menu-items.spec.js:209:8

    Error: page.waitForURL: Test timeout of 30000ms exceeded.
    =========================== logs ===========================
    waiting for navigation to "**/dashboard" until "load"
    ============================================================

      13 |   await page.fill('input[name="password"]', 'TestPassword123!');
      14 |   await page.click('button[type="submit"]');
    > 15 |   await page.waitForURL('**/dashboard');
         |              ^
      16 | }
      17 |
      18 | // Helper function to login as courier
        at loginAsMerchant (C:\Users\ricka\Downloads\performile-platform-main\performile-platform-main\e2e-tests\tests\navigation\menu-items.spec.js:15:14)
        at C:\Users\ricka\Downloads\performile-platform-main\performile-platform-main\e2e-tests\tests\navigation\menu-items.spec.js:210:5

    attachment #1: screenshot (image/png) ──────────────────────────────────────────────────────────
    ..\test-results\navigation-menu-items-Navi-b0415--sidebar-on-smaller-screens-chromium\test-failed-1.png
    ────────────────────────────────────────────────────────────────────────────────────────────────

    attachment #2: video (video/webm) ──────────────────────────────────────────────────────────────
    ..\test-results\navigation-menu-items-Navi-b0415--sidebar-on-smaller-screens-chromium\video.webm
    ────────────────────────────────────────────────────────────────────────────────────────────────

    Error Context: ..\test-results\navigation-menu-items-Navi-b0415--sidebar-on-smaller-screens-chromium\error-context.md
]]>
</failure>
<system-out>
<![CDATA[
[[ATTACHMENT|test-results\navigation-menu-items-Navi-b0415--sidebar-on-smaller-screens-chromium\test-failed-1.png]]

[[ATTACHMENT|test-results\navigation-menu-items-Navi-b0415--sidebar-on-smaller-screens-chromium\video.webm]]

[[ATTACHMENT|test-results\navigation-menu-items-Navi-b0415--sidebar-on-smaller-screens-chromium\error-context.md]]
]]>
</system-out>
</testcase>
<testcase name="Navigation Menu - Sidebar Behavior › should maintain scroll position in sidebar" classname="navigation\menu-items.spec.js" time="32.203">
<failure message="menu-items.spec.js:230:3 should maintain scroll position in sidebar" type="FAILURE">
<![CDATA[  [chromium] › navigation\menu-items.spec.js:230:3 › Navigation Menu - Sidebar Behavior › should maintain scroll position in sidebar 

    Test timeout of 30000ms exceeded while running "beforeEach" hook.

      207 |
      208 | test.describe('Navigation Menu - Sidebar Behavior', () => {
    > 209 |   test.beforeEach(async ({ page }) => {
          |        ^
      210 |     await loginAsMerchant(page);
      211 |   });
      212 |
        at C:\Users\ricka\Downloads\performile-platform-main\performile-platform-main\e2e-tests\tests\navigation\menu-items.spec.js:209:8

    Error: page.waitForURL: Test timeout of 30000ms exceeded.
    =========================== logs ===========================
    waiting for navigation to "**/dashboard" until "load"
    ============================================================

      13 |   await page.fill('input[name="password"]', 'TestPassword123!');
      14 |   await page.click('button[type="submit"]');
    > 15 |   await page.waitForURL('**/dashboard');
         |              ^
      16 | }
      17 |
      18 | // Helper function to login as courier
        at loginAsMerchant (C:\Users\ricka\Downloads\performile-platform-main\performile-platform-main\e2e-tests\tests\navigation\menu-items.spec.js:15:14)
        at C:\Users\ricka\Downloads\performile-platform-main\performile-platform-main\e2e-tests\tests\navigation\menu-items.spec.js:210:5

    attachment #1: screenshot (image/png) ──────────────────────────────────────────────────────────
    ..\test-results\navigation-menu-items-Navi-f1877--scroll-position-in-sidebar-chromium\test-failed-1.png
    ────────────────────────────────────────────────────────────────────────────────────────────────

    attachment #2: video (video/webm) ──────────────────────────────────────────────────────────────
    ..\test-results\navigation-menu-items-Navi-f1877--scroll-position-in-sidebar-chromium\video.webm
    ────────────────────────────────────────────────────────────────────────────────────────────────

    Error Context: ..\test-results\navigation-menu-items-Navi-f1877--scroll-position-in-sidebar-chromium\error-context.md
]]>
</failure>
<system-out>
<![CDATA[
[[ATTACHMENT|test-results\navigation-menu-items-Navi-f1877--scroll-position-in-sidebar-chromium\test-failed-1.png]]

[[ATTACHMENT|test-results\navigation-menu-items-Navi-f1877--scroll-position-in-sidebar-chromium\video.webm]]

[[ATTACHMENT|test-results\navigation-menu-items-Navi-f1877--scroll-position-in-sidebar-chromium\error-context.md]]
]]>
</system-out>
</testcase>
<testcase name="Navigation Menu - Performance › should render menu items quickly" classname="navigation\menu-items.spec.js" time="32.196">
<failure message="menu-items.spec.js:249:3 should render menu items quickly" type="FAILURE">
<![CDATA[  [chromium] › navigation\menu-items.spec.js:249:3 › Navigation Menu - Performance › should render menu items quickly 

    Test timeout of 30000ms exceeded.

    Error: page.waitForURL: Test timeout of 30000ms exceeded.
    =========================== logs ===========================
    waiting for navigation to "**/dashboard" until "load"
    ============================================================

      13 |   await page.fill('input[name="password"]', 'TestPassword123!');
      14 |   await page.click('button[type="submit"]');
    > 15 |   await page.waitForURL('**/dashboard');
         |              ^
      16 | }
      17 |
      18 | // Helper function to login as courier
        at loginAsMerchant (C:\Users\ricka\Downloads\performile-platform-main\performile-platform-main\e2e-tests\tests\navigation\menu-items.spec.js:15:14)
        at C:\Users\ricka\Downloads\performile-platform-main\performile-platform-main\e2e-tests\tests\navigation\menu-items.spec.js:251:5

    attachment #1: screenshot (image/png) ──────────────────────────────────────────────────────────
    ..\test-results\navigation-menu-items-Navi-504f8-d-render-menu-items-quickly-chromium\test-failed-1.png
    ────────────────────────────────────────────────────────────────────────────────────────────────

    attachment #2: video (video/webm) ──────────────────────────────────────────────────────────────
    ..\test-results\navigation-menu-items-Navi-504f8-d-render-menu-items-quickly-chromium\video.webm
    ────────────────────────────────────────────────────────────────────────────────────────────────

    Error Context: ..\test-results\navigation-menu-items-Navi-504f8-d-render-menu-items-quickly-chromium\error-context.md
]]>
</failure>
<system-out>
<![CDATA[
[[ATTACHMENT|test-results\navigation-menu-items-Navi-504f8-d-render-menu-items-quickly-chromium\test-failed-1.png]]

[[ATTACHMENT|test-results\navigation-menu-items-Navi-504f8-d-render-menu-items-quickly-chromium\video.webm]]

[[ATTACHMENT|test-results\navigation-menu-items-Navi-504f8-d-render-menu-items-quickly-chromium\error-context.md]]
]]>
</system-out>
</testcase>
<testcase name="Navigation Menu - Performance › should not cause layout shifts" classname="navigation\menu-items.spec.js" time="32.249">
<failure message="menu-items.spec.js:258:3 should not cause layout shifts" type="FAILURE">
<![CDATA[  [chromium] › navigation\menu-items.spec.js:258:3 › Navigation Menu - Performance › should not cause layout shifts 

    Test timeout of 30000ms exceeded.

    Error: page.waitForURL: Test timeout of 30000ms exceeded.
    =========================== logs ===========================
    waiting for navigation to "**/dashboard" until "load"
    ============================================================

      13 |   await page.fill('input[name="password"]', 'TestPassword123!');
      14 |   await page.click('button[type="submit"]');
    > 15 |   await page.waitForURL('**/dashboard');
         |              ^
      16 | }
      17 |
      18 | // Helper function to login as courier
        at loginAsMerchant (C:\Users\ricka\Downloads\performile-platform-main\performile-platform-main\e2e-tests\tests\navigation\menu-items.spec.js:15:14)
        at C:\Users\ricka\Downloads\performile-platform-main\performile-platform-main\e2e-tests\tests\navigation\menu-items.spec.js:259:5

    attachment #1: screenshot (image/png) ──────────────────────────────────────────────────────────
    ..\test-results\navigation-menu-items-Navi-a300b-uld-not-cause-layout-shifts-chromium\test-failed-1.png
    ────────────────────────────────────────────────────────────────────────────────────────────────

    attachment #2: video (video/webm) ──────────────────────────────────────────────────────────────
    ..\test-results\navigation-menu-items-Navi-a300b-uld-not-cause-layout-shifts-chromium\video.webm
    ────────────────────────────────────────────────────────────────────────────────────────────────

    Error Context: ..\test-results\navigation-menu-items-Navi-a300b-uld-not-cause-layout-shifts-chromium\error-context.md
]]>
</failure>
<system-out>
<![CDATA[
[[ATTACHMENT|test-results\navigation-menu-items-Navi-a300b-uld-not-cause-layout-shifts-chromium\test-failed-1.png]]

[[ATTACHMENT|test-results\navigation-menu-items-Navi-a300b-uld-not-cause-layout-shifts-chromium\video.webm]]

[[ATTACHMENT|test-results\navigation-menu-items-Navi-a300b-uld-not-cause-layout-shifts-chromium\error-context.md]]
]]>
</system-out>
</testcase>
</testsuite>
<testsuite name="subscription\my-subscription.spec.js" timestamp="2025-10-21T07:32:30.514Z" hostname="chromium" tests="20" failures="19" skipped="0" time="559.31" errors="0">
<testcase name="My Subscription - Merchant View › should display subscription page title" classname="subscription\my-subscription.spec.js" time="32.158">
<failure message="my-subscription.spec.js:33:3 should display subscription page title" type="FAILURE">
<![CDATA[  [chromium] › subscription\my-subscription.spec.js:33:3 › My Subscription - Merchant View › should display subscription page title 

    Test timeout of 30000ms exceeded while running "beforeEach" hook.

      26 |
      27 | test.describe('My Subscription - Merchant View', () => {
    > 28 |   test.beforeEach(async ({ page }) => {
         |        ^
      29 |     await loginAsMerchant(page);
      30 |     await page.goto('/my-subscription');
      31 |   });
        at C:\Users\ricka\Downloads\performile-platform-main\performile-platform-main\e2e-tests\tests\subscription\my-subscription.spec.js:28:8

    Error: page.waitForURL: Test timeout of 30000ms exceeded.
    =========================== logs ===========================
    waiting for navigation to "**/dashboard" until "load"
    ============================================================

      13 |   await page.fill('input[name="password"]', 'TestPassword123!');
      14 |   await page.click('button[type="submit"]');
    > 15 |   await page.waitForURL('**/dashboard');
         |              ^
      16 | }
      17 |
      18 | // Helper function to login as courier
        at loginAsMerchant (C:\Users\ricka\Downloads\performile-platform-main\performile-platform-main\e2e-tests\tests\subscription\my-subscription.spec.js:15:14)
        at C:\Users\ricka\Downloads\performile-platform-main\performile-platform-main\e2e-tests\tests\subscription\my-subscription.spec.js:29:5

    attachment #1: screenshot (image/png) ──────────────────────────────────────────────────────────
    ..\test-results\subscription-my-subscripti-7820c-lay-subscription-page-title-chromium\test-failed-1.png
    ────────────────────────────────────────────────────────────────────────────────────────────────

    attachment #2: video (video/webm) ──────────────────────────────────────────────────────────────
    ..\test-results\subscription-my-subscripti-7820c-lay-subscription-page-title-chromium\video.webm
    ────────────────────────────────────────────────────────────────────────────────────────────────

    Error Context: ..\test-results\subscription-my-subscripti-7820c-lay-subscription-page-title-chromium\error-context.md
]]>
</failure>
<system-out>
<![CDATA[
[[ATTACHMENT|test-results\subscription-my-subscripti-7820c-lay-subscription-page-title-chromium\test-failed-1.png]]

[[ATTACHMENT|test-results\subscription-my-subscripti-7820c-lay-subscription-page-title-chromium\video.webm]]

[[ATTACHMENT|test-results\subscription-my-subscripti-7820c-lay-subscription-page-title-chromium\error-context.md]]
]]>
</system-out>
</testcase>
<testcase name="My Subscription - Merchant View › should display current plan details" classname="subscription\my-subscription.spec.js" time="32.179">
<failure message="my-subscription.spec.js:38:3 should display current plan details" type="FAILURE">
<![CDATA[  [chromium] › subscription\my-subscription.spec.js:38:3 › My Subscription - Merchant View › should display current plan details 

    Test timeout of 30000ms exceeded while running "beforeEach" hook.

      26 |
      27 | test.describe('My Subscription - Merchant View', () => {
    > 28 |   test.beforeEach(async ({ page }) => {
         |        ^
      29 |     await loginAsMerchant(page);
      30 |     await page.goto('/my-subscription');
      31 |   });
        at C:\Users\ricka\Downloads\performile-platform-main\performile-platform-main\e2e-tests\tests\subscription\my-subscription.spec.js:28:8

    Error: page.waitForURL: Test timeout of 30000ms exceeded.
    =========================== logs ===========================
    waiting for navigation to "**/dashboard" until "load"
    ============================================================

      13 |   await page.fill('input[name="password"]', 'TestPassword123!');
      14 |   await page.click('button[type="submit"]');
    > 15 |   await page.waitForURL('**/dashboard');
         |              ^
      16 | }
      17 |
      18 | // Helper function to login as courier
        at loginAsMerchant (C:\Users\ricka\Downloads\performile-platform-main\performile-platform-main\e2e-tests\tests\subscription\my-subscription.spec.js:15:14)
        at C:\Users\ricka\Downloads\performile-platform-main\performile-platform-main\e2e-tests\tests\subscription\my-subscription.spec.js:29:5

    attachment #1: screenshot (image/png) ──────────────────────────────────────────────────────────
    ..\test-results\subscription-my-subscripti-b15b9-isplay-current-plan-details-chromium\test-failed-1.png
    ────────────────────────────────────────────────────────────────────────────────────────────────

    attachment #2: video (video/webm) ──────────────────────────────────────────────────────────────
    ..\test-results\subscription-my-subscripti-b15b9-isplay-current-plan-details-chromium\video.webm
    ────────────────────────────────────────────────────────────────────────────────────────────────

    Error Context: ..\test-results\subscription-my-subscripti-b15b9-isplay-current-plan-details-chromium\error-context.md
]]>
</failure>
<system-out>
<![CDATA[
[[ATTACHMENT|test-results\subscription-my-subscripti-b15b9-isplay-current-plan-details-chromium\test-failed-1.png]]

[[ATTACHMENT|test-results\subscription-my-subscripti-b15b9-isplay-current-plan-details-chromium\video.webm]]

[[ATTACHMENT|test-results\subscription-my-subscripti-b15b9-isplay-current-plan-details-chromium\error-context.md]]
]]>
</system-out>
</testcase>
<testcase name="My Subscription - Merchant View › should display usage statistics" classname="subscription\my-subscription.spec.js" time="32.172">
<failure message="my-subscription.spec.js:53:3 should display usage statistics" type="FAILURE">
<![CDATA[  [chromium] › subscription\my-subscription.spec.js:53:3 › My Subscription - Merchant View › should display usage statistics 

    Test timeout of 30000ms exceeded while running "beforeEach" hook.

      26 |
      27 | test.describe('My Subscription - Merchant View', () => {
    > 28 |   test.beforeEach(async ({ page }) => {
         |        ^
      29 |     await loginAsMerchant(page);
      30 |     await page.goto('/my-subscription');
      31 |   });
        at C:\Users\ricka\Downloads\performile-platform-main\performile-platform-main\e2e-tests\tests\subscription\my-subscription.spec.js:28:8

    Error: page.waitForURL: Test timeout of 30000ms exceeded.
    =========================== logs ===========================
    waiting for navigation to "**/dashboard" until "load"
    ============================================================

      13 |   await page.fill('input[name="password"]', 'TestPassword123!');
      14 |   await page.click('button[type="submit"]');
    > 15 |   await page.waitForURL('**/dashboard');
         |              ^
      16 | }
      17 |
      18 | // Helper function to login as courier
        at loginAsMerchant (C:\Users\ricka\Downloads\performile-platform-main\performile-platform-main\e2e-tests\tests\subscription\my-subscription.spec.js:15:14)
        at C:\Users\ricka\Downloads\performile-platform-main\performile-platform-main\e2e-tests\tests\subscription\my-subscription.spec.js:29:5

    attachment #1: screenshot (image/png) ──────────────────────────────────────────────────────────
    ..\test-results\subscription-my-subscripti-db865-ld-display-usage-statistics-chromium\test-failed-1.png
    ────────────────────────────────────────────────────────────────────────────────────────────────

    attachment #2: video (video/webm) ──────────────────────────────────────────────────────────────
    ..\test-results\subscription-my-subscripti-db865-ld-display-usage-statistics-chromium\video.webm
    ────────────────────────────────────────────────────────────────────────────────────────────────

    Error Context: ..\test-results\subscription-my-subscripti-db865-ld-display-usage-statistics-chromium\error-context.md
]]>
</failure>
<system-out>
<![CDATA[
[[ATTACHMENT|test-results\subscription-my-subscripti-db865-ld-display-usage-statistics-chromium\test-failed-1.png]]

[[ATTACHMENT|test-results\subscription-my-subscripti-db865-ld-display-usage-statistics-chromium\video.webm]]

[[ATTACHMENT|test-results\subscription-my-subscripti-db865-ld-display-usage-statistics-chromium\error-context.md]]
]]>
</system-out>
</testcase>
<testcase name="My Subscription - Merchant View › should display plan limits for merchants" classname="subscription\my-subscription.spec.js" time="32.201">
<failure message="my-subscription.spec.js:60:3 should display plan limits for merchants" type="FAILURE">
<![CDATA[  [chromium] › subscription\my-subscription.spec.js:60:3 › My Subscription - Merchant View › should display plan limits for merchants 

    Test timeout of 30000ms exceeded while running "beforeEach" hook.

      26 |
      27 | test.describe('My Subscription - Merchant View', () => {
    > 28 |   test.beforeEach(async ({ page }) => {
         |        ^
      29 |     await loginAsMerchant(page);
      30 |     await page.goto('/my-subscription');
      31 |   });
        at C:\Users\ricka\Downloads\performile-platform-main\performile-platform-main\e2e-tests\tests\subscription\my-subscription.spec.js:28:8

    Error: page.waitForURL: Test timeout of 30000ms exceeded.
    =========================== logs ===========================
    waiting for navigation to "**/dashboard" until "load"
    ============================================================

      13 |   await page.fill('input[name="password"]', 'TestPassword123!');
      14 |   await page.click('button[type="submit"]');
    > 15 |   await page.waitForURL('**/dashboard');
         |              ^
      16 | }
      17 |
      18 | // Helper function to login as courier
        at loginAsMerchant (C:\Users\ricka\Downloads\performile-platform-main\performile-platform-main\e2e-tests\tests\subscription\my-subscription.spec.js:15:14)
        at C:\Users\ricka\Downloads\performile-platform-main\performile-platform-main\e2e-tests\tests\subscription\my-subscription.spec.js:29:5

    attachment #1: screenshot (image/png) ──────────────────────────────────────────────────────────
    ..\test-results\subscription-my-subscripti-231ee-y-plan-limits-for-merchants-chromium\test-failed-1.png
    ────────────────────────────────────────────────────────────────────────────────────────────────

    attachment #2: video (video/webm) ──────────────────────────────────────────────────────────────
    ..\test-results\subscription-my-subscripti-231ee-y-plan-limits-for-merchants-chromium\video.webm
    ────────────────────────────────────────────────────────────────────────────────────────────────

    Error Context: ..\test-results\subscription-my-subscripti-231ee-y-plan-limits-for-merchants-chromium\error-context.md
]]>
</failure>
<system-out>
<![CDATA[
[[ATTACHMENT|test-results\subscription-my-subscripti-231ee-y-plan-limits-for-merchants-chromium\test-failed-1.png]]

[[ATTACHMENT|test-results\subscription-my-subscripti-231ee-y-plan-limits-for-merchants-chromium\video.webm]]

[[ATTACHMENT|test-results\subscription-my-subscripti-231ee-y-plan-limits-for-merchants-chromium\error-context.md]]
]]>
</system-out>
</testcase>
<testcase name="My Subscription - Merchant View › should display quick actions card" classname="subscription\my-subscription.spec.js" time="32.168">
<failure message="my-subscription.spec.js:68:3 should display quick actions card" type="FAILURE">
<![CDATA[  [chromium] › subscription\my-subscription.spec.js:68:3 › My Subscription - Merchant View › should display quick actions card 

    Test timeout of 30000ms exceeded while running "beforeEach" hook.

      26 |
      27 | test.describe('My Subscription - Merchant View', () => {
    > 28 |   test.beforeEach(async ({ page }) => {
         |        ^
      29 |     await loginAsMerchant(page);
      30 |     await page.goto('/my-subscription');
      31 |   });
        at C:\Users\ricka\Downloads\performile-platform-main\performile-platform-main\e2e-tests\tests\subscription\my-subscription.spec.js:28:8

    Error: page.waitForURL: Test timeout of 30000ms exceeded.
    =========================== logs ===========================
    waiting for navigation to "**/dashboard" until "load"
    ============================================================

      13 |   await page.fill('input[name="password"]', 'TestPassword123!');
      14 |   await page.click('button[type="submit"]');
    > 15 |   await page.waitForURL('**/dashboard');
         |              ^
      16 | }
      17 |
      18 | // Helper function to login as courier
        at loginAsMerchant (C:\Users\ricka\Downloads\performile-platform-main\performile-platform-main\e2e-tests\tests\subscription\my-subscription.spec.js:15:14)
        at C:\Users\ricka\Downloads\performile-platform-main\performile-platform-main\e2e-tests\tests\subscription\my-subscription.spec.js:29:5

    attachment #1: screenshot (image/png) ──────────────────────────────────────────────────────────
    ..\test-results\subscription-my-subscripti-568da--display-quick-actions-card-chromium\test-failed-1.png
    ────────────────────────────────────────────────────────────────────────────────────────────────

    attachment #2: video (video/webm) ──────────────────────────────────────────────────────────────
    ..\test-results\subscription-my-subscripti-568da--display-quick-actions-card-chromium\video.webm
    ────────────────────────────────────────────────────────────────────────────────────────────────

    Error Context: ..\test-results\subscription-my-subscripti-568da--display-quick-actions-card-chromium\error-context.md
]]>
</failure>
<system-out>
<![CDATA[
[[ATTACHMENT|test-results\subscription-my-subscripti-568da--display-quick-actions-card-chromium\test-failed-1.png]]

[[ATTACHMENT|test-results\subscription-my-subscripti-568da--display-quick-actions-card-chromium\video.webm]]

[[ATTACHMENT|test-results\subscription-my-subscripti-568da--display-quick-actions-card-chromium\error-context.md]]
]]>
</system-out>
</testcase>
<testcase name="My Subscription - Merchant View › should display upgrade button for non-enterprise plans" classname="subscription\my-subscription.spec.js" time="32.206">
<failure message="my-subscription.spec.js:76:3 should display upgrade button for non-enterprise plans" type="FAILURE">
<![CDATA[  [chromium] › subscription\my-subscription.spec.js:76:3 › My Subscription - Merchant View › should display upgrade button for non-enterprise plans 

    Test timeout of 30000ms exceeded while running "beforeEach" hook.

      26 |
      27 | test.describe('My Subscription - Merchant View', () => {
    > 28 |   test.beforeEach(async ({ page }) => {
         |        ^
      29 |     await loginAsMerchant(page);
      30 |     await page.goto('/my-subscription');
      31 |   });
        at C:\Users\ricka\Downloads\performile-platform-main\performile-platform-main\e2e-tests\tests\subscription\my-subscription.spec.js:28:8

    Error: page.waitForURL: Test timeout of 30000ms exceeded.
    =========================== logs ===========================
    waiting for navigation to "**/dashboard" until "load"
    ============================================================

      13 |   await page.fill('input[name="password"]', 'TestPassword123!');
      14 |   await page.click('button[type="submit"]');
    > 15 |   await page.waitForURL('**/dashboard');
         |              ^
      16 | }
      17 |
      18 | // Helper function to login as courier
        at loginAsMerchant (C:\Users\ricka\Downloads\performile-platform-main\performile-platform-main\e2e-tests\tests\subscription\my-subscription.spec.js:15:14)
        at C:\Users\ricka\Downloads\performile-platform-main\performile-platform-main\e2e-tests\tests\subscription\my-subscription.spec.js:29:5

    attachment #1: screenshot (image/png) ──────────────────────────────────────────────────────────
    ..\test-results\subscription-my-subscripti-5942a-on-for-non-enterprise-plans-chromium\test-failed-1.png
    ────────────────────────────────────────────────────────────────────────────────────────────────

    attachment #2: video (video/webm) ──────────────────────────────────────────────────────────────
    ..\test-results\subscription-my-subscripti-5942a-on-for-non-enterprise-plans-chromium\video.webm
    ────────────────────────────────────────────────────────────────────────────────────────────────

    Error Context: ..\test-results\subscription-my-subscripti-5942a-on-for-non-enterprise-plans-chromium\error-context.md
]]>
</failure>
<system-out>
<![CDATA[
[[ATTACHMENT|test-results\subscription-my-subscripti-5942a-on-for-non-enterprise-plans-chromium\test-failed-1.png]]

[[ATTACHMENT|test-results\subscription-my-subscripti-5942a-on-for-non-enterprise-plans-chromium\video.webm]]

[[ATTACHMENT|test-results\subscription-my-subscripti-5942a-on-for-non-enterprise-plans-chromium\error-context.md]]
]]>
</system-out>
</testcase>
<testcase name="My Subscription - Merchant View › should navigate to billing portal when Manage Billing is clicked" classname="subscription\my-subscription.spec.js" time="32.095">
<failure message="my-subscription.spec.js:87:3 should navigate to billing portal when Manage Billing is clicked" type="FAILURE">
<![CDATA[  [chromium] › subscription\my-subscription.spec.js:87:3 › My Subscription - Merchant View › should navigate to billing portal when Manage Billing is clicked 

    Test timeout of 30000ms exceeded while running "beforeEach" hook.

      26 |
      27 | test.describe('My Subscription - Merchant View', () => {
    > 28 |   test.beforeEach(async ({ page }) => {
         |        ^
      29 |     await loginAsMerchant(page);
      30 |     await page.goto('/my-subscription');
      31 |   });
        at C:\Users\ricka\Downloads\performile-platform-main\performile-platform-main\e2e-tests\tests\subscription\my-subscription.spec.js:28:8

    Error: page.waitForURL: Test timeout of 30000ms exceeded.
    =========================== logs ===========================
    waiting for navigation to "**/dashboard" until "load"
    ============================================================

      13 |   await page.fill('input[name="password"]', 'TestPassword123!');
      14 |   await page.click('button[type="submit"]');
    > 15 |   await page.waitForURL('**/dashboard');
         |              ^
      16 | }
      17 |
      18 | // Helper function to login as courier
        at loginAsMerchant (C:\Users\ricka\Downloads\performile-platform-main\performile-platform-main\e2e-tests\tests\subscription\my-subscription.spec.js:15:14)
        at C:\Users\ricka\Downloads\performile-platform-main\performile-platform-main\e2e-tests\tests\subscription\my-subscription.spec.js:29:5

    attachment #1: screenshot (image/png) ──────────────────────────────────────────────────────────
    ..\test-results\subscription-my-subscripti-81ffb-n-Manage-Billing-is-clicked-chromium\test-failed-1.png
    ────────────────────────────────────────────────────────────────────────────────────────────────

    attachment #2: video (video/webm) ──────────────────────────────────────────────────────────────
    ..\test-results\subscription-my-subscripti-81ffb-n-Manage-Billing-is-clicked-chromium\video.webm
    ────────────────────────────────────────────────────────────────────────────────────────────────

    Error Context: ..\test-results\subscription-my-subscripti-81ffb-n-Manage-Billing-is-clicked-chromium\error-context.md
]]>
</failure>
<system-out>
<![CDATA[
[[ATTACHMENT|test-results\subscription-my-subscripti-81ffb-n-Manage-Billing-is-clicked-chromium\test-failed-1.png]]

[[ATTACHMENT|test-results\subscription-my-subscripti-81ffb-n-Manage-Billing-is-clicked-chromium\video.webm]]

[[ATTACHMENT|test-results\subscription-my-subscripti-81ffb-n-Manage-Billing-is-clicked-chromium\error-context.md]]
]]>
</system-out>
</testcase>
<testcase name="My Subscription - Merchant View › should navigate to subscription plans when Upgrade is clicked" classname="subscription\my-subscription.spec.js" time="32.181">
<failure message="my-subscription.spec.js:93:3 should navigate to subscription plans when Upgrade is clicked" type="FAILURE">
<![CDATA[  [chromium] › subscription\my-subscription.spec.js:93:3 › My Subscription - Merchant View › should navigate to subscription plans when Upgrade is clicked 

    Test timeout of 30000ms exceeded while running "beforeEach" hook.

      26 |
      27 | test.describe('My Subscription - Merchant View', () => {
    > 28 |   test.beforeEach(async ({ page }) => {
         |        ^
      29 |     await loginAsMerchant(page);
      30 |     await page.goto('/my-subscription');
      31 |   });
        at C:\Users\ricka\Downloads\performile-platform-main\performile-platform-main\e2e-tests\tests\subscription\my-subscription.spec.js:28:8

    Error: page.waitForURL: Test timeout of 30000ms exceeded.
    =========================== logs ===========================
    waiting for navigation to "**/dashboard" until "load"
    ============================================================

      13 |   await page.fill('input[name="password"]', 'TestPassword123!');
      14 |   await page.click('button[type="submit"]');
    > 15 |   await page.waitForURL('**/dashboard');
         |              ^
      16 | }
      17 |
      18 | // Helper function to login as courier
        at loginAsMerchant (C:\Users\ricka\Downloads\performile-platform-main\performile-platform-main\e2e-tests\tests\subscription\my-subscription.spec.js:15:14)
        at C:\Users\ricka\Downloads\performile-platform-main\performile-platform-main\e2e-tests\tests\subscription\my-subscription.spec.js:29:5

    attachment #1: screenshot (image/png) ──────────────────────────────────────────────────────────
    ..\test-results\subscription-my-subscripti-c246e-ans-when-Upgrade-is-clicked-chromium\test-failed-1.png
    ────────────────────────────────────────────────────────────────────────────────────────────────

    attachment #2: video (video/webm) ──────────────────────────────────────────────────────────────
    ..\test-results\subscription-my-subscripti-c246e-ans-when-Upgrade-is-clicked-chromium\video.webm
    ────────────────────────────────────────────────────────────────────────────────────────────────

    Error Context: ..\test-results\subscription-my-subscripti-c246e-ans-when-Upgrade-is-clicked-chromium\error-context.md
]]>
</failure>
<system-out>
<![CDATA[
[[ATTACHMENT|test-results\subscription-my-subscripti-c246e-ans-when-Upgrade-is-clicked-chromium\test-failed-1.png]]

[[ATTACHMENT|test-results\subscription-my-subscripti-c246e-ans-when-Upgrade-is-clicked-chromium\video.webm]]

[[ATTACHMENT|test-results\subscription-my-subscripti-c246e-ans-when-Upgrade-is-clicked-chromium\error-context.md]]
]]>
</system-out>
</testcase>
<testcase name="My Subscription - Merchant View › should display next renewal date" classname="subscription\my-subscription.spec.js" time="32.2">
<failure message="my-subscription.spec.js:103:3 should display next renewal date" type="FAILURE">
<![CDATA[  [chromium] › subscription\my-subscription.spec.js:103:3 › My Subscription - Merchant View › should display next renewal date 

    Test timeout of 30000ms exceeded while running "beforeEach" hook.

      26 |
      27 | test.describe('My Subscription - Merchant View', () => {
    > 28 |   test.beforeEach(async ({ page }) => {
         |        ^
      29 |     await loginAsMerchant(page);
      30 |     await page.goto('/my-subscription');
      31 |   });
        at C:\Users\ricka\Downloads\performile-platform-main\performile-platform-main\e2e-tests\tests\subscription\my-subscription.spec.js:28:8

    Error: page.waitForURL: Test timeout of 30000ms exceeded.
    =========================== logs ===========================
    waiting for navigation to "**/dashboard" until "load"
    ============================================================

      13 |   await page.fill('input[name="password"]', 'TestPassword123!');
      14 |   await page.click('button[type="submit"]');
    > 15 |   await page.waitForURL('**/dashboard');
         |              ^
      16 | }
      17 |
      18 | // Helper function to login as courier
        at loginAsMerchant (C:\Users\ricka\Downloads\performile-platform-main\performile-platform-main\e2e-tests\tests\subscription\my-subscription.spec.js:15:14)
        at C:\Users\ricka\Downloads\performile-platform-main\performile-platform-main\e2e-tests\tests\subscription\my-subscription.spec.js:29:5

    attachment #1: screenshot (image/png) ──────────────────────────────────────────────────────────
    ..\test-results\subscription-my-subscripti-46041-d-display-next-renewal-date-chromium\test-failed-1.png
    ────────────────────────────────────────────────────────────────────────────────────────────────

    attachment #2: video (video/webm) ──────────────────────────────────────────────────────────────
    ..\test-results\subscription-my-subscripti-46041-d-display-next-renewal-date-chromium\video.webm
    ────────────────────────────────────────────────────────────────────────────────────────────────

    Error Context: ..\test-results\subscription-my-subscripti-46041-d-display-next-renewal-date-chromium\error-context.md
]]>
</failure>
<system-out>
<![CDATA[
[[ATTACHMENT|test-results\subscription-my-subscripti-46041-d-display-next-renewal-date-chromium\test-failed-1.png]]

[[ATTACHMENT|test-results\subscription-my-subscripti-46041-d-display-next-renewal-date-chromium\video.webm]]

[[ATTACHMENT|test-results\subscription-my-subscripti-46041-d-display-next-renewal-date-chromium\error-context.md]]
]]>
</system-out>
</testcase>
<testcase name="My Subscription - Merchant View › should display plan features card" classname="subscription\my-subscription.spec.js" time="32.323">
<failure message="my-subscription.spec.js:110:3 should display plan features card" type="FAILURE">
<![CDATA[  [chromium] › subscription\my-subscription.spec.js:110:3 › My Subscription - Merchant View › should display plan features card 

    Test timeout of 30000ms exceeded while running "beforeEach" hook.

      26 |
      27 | test.describe('My Subscription - Merchant View', () => {
    > 28 |   test.beforeEach(async ({ page }) => {
         |        ^
      29 |     await loginAsMerchant(page);
      30 |     await page.goto('/my-subscription');
      31 |   });
        at C:\Users\ricka\Downloads\performile-platform-main\performile-platform-main\e2e-tests\tests\subscription\my-subscription.spec.js:28:8

    Error: page.waitForURL: Test timeout of 30000ms exceeded.
    =========================== logs ===========================
    waiting for navigation to "**/dashboard" until "load"
    ============================================================

      13 |   await page.fill('input[name="password"]', 'TestPassword123!');
      14 |   await page.click('button[type="submit"]');
    > 15 |   await page.waitForURL('**/dashboard');
         |              ^
      16 | }
      17 |
      18 | // Helper function to login as courier
        at loginAsMerchant (C:\Users\ricka\Downloads\performile-platform-main\performile-platform-main\e2e-tests\tests\subscription\my-subscription.spec.js:15:14)
        at C:\Users\ricka\Downloads\performile-platform-main\performile-platform-main\e2e-tests\tests\subscription\my-subscription.spec.js:29:5

    attachment #1: screenshot (image/png) ──────────────────────────────────────────────────────────
    ..\test-results\subscription-my-subscripti-3da05--display-plan-features-card-chromium\test-failed-1.png
    ────────────────────────────────────────────────────────────────────────────────────────────────

    attachment #2: video (video/webm) ──────────────────────────────────────────────────────────────
    ..\test-results\subscription-my-subscripti-3da05--display-plan-features-card-chromium\video.webm
    ────────────────────────────────────────────────────────────────────────────────────────────────

    Error Context: ..\test-results\subscription-my-subscripti-3da05--display-plan-features-card-chromium\error-context.md
]]>
</failure>
<system-out>
<![CDATA[
[[ATTACHMENT|test-results\subscription-my-subscripti-3da05--display-plan-features-card-chromium\test-failed-1.png]]

[[ATTACHMENT|test-results\subscription-my-subscripti-3da05--display-plan-features-card-chromium\video.webm]]

[[ATTACHMENT|test-results\subscription-my-subscripti-3da05--display-plan-features-card-chromium\error-context.md]]
]]>
</system-out>
</testcase>
<testcase name="My Subscription - Merchant View › should show warning when approaching limits" classname="subscription\my-subscription.spec.js" time="32.223">
<failure message="my-subscription.spec.js:117:3 should show warning when approaching limits" type="FAILURE">
<![CDATA[  [chromium] › subscription\my-subscription.spec.js:117:3 › My Subscription - Merchant View › should show warning when approaching limits 

    Test timeout of 30000ms exceeded while running "beforeEach" hook.

      26 |
      27 | test.describe('My Subscription - Merchant View', () => {
    > 28 |   test.beforeEach(async ({ page }) => {
         |        ^
      29 |     await loginAsMerchant(page);
      30 |     await page.goto('/my-subscription');
      31 |   });
        at C:\Users\ricka\Downloads\performile-platform-main\performile-platform-main\e2e-tests\tests\subscription\my-subscription.spec.js:28:8

    Error: page.waitForURL: Test timeout of 30000ms exceeded.
    =========================== logs ===========================
    waiting for navigation to "**/dashboard" until "load"
    ============================================================

      13 |   await page.fill('input[name="password"]', 'TestPassword123!');
      14 |   await page.click('button[type="submit"]');
    > 15 |   await page.waitForURL('**/dashboard');
         |              ^
      16 | }
      17 |
      18 | // Helper function to login as courier
        at loginAsMerchant (C:\Users\ricka\Downloads\performile-platform-main\performile-platform-main\e2e-tests\tests\subscription\my-subscription.spec.js:15:14)
        at C:\Users\ricka\Downloads\performile-platform-main\performile-platform-main\e2e-tests\tests\subscription\my-subscription.spec.js:29:5

    attachment #1: screenshot (image/png) ──────────────────────────────────────────────────────────
    ..\test-results\subscription-my-subscripti-5db4c-ing-when-approaching-limits-chromium\test-failed-1.png
    ────────────────────────────────────────────────────────────────────────────────────────────────

    attachment #2: video (video/webm) ──────────────────────────────────────────────────────────────
    ..\test-results\subscription-my-subscripti-5db4c-ing-when-approaching-limits-chromium\video.webm
    ────────────────────────────────────────────────────────────────────────────────────────────────

    Error Context: ..\test-results\subscription-my-subscripti-5db4c-ing-when-approaching-limits-chromium\error-context.md
]]>
</failure>
<system-out>
<![CDATA[
[[ATTACHMENT|test-results\subscription-my-subscripti-5db4c-ing-when-approaching-limits-chromium\test-failed-1.png]]

[[ATTACHMENT|test-results\subscription-my-subscripti-5db4c-ing-when-approaching-limits-chromium\video.webm]]

[[ATTACHMENT|test-results\subscription-my-subscripti-5db4c-ing-when-approaching-limits-chromium\error-context.md]]
]]>
</system-out>
</testcase>
<testcase name="My Subscription - Merchant View › should display cancellation warning if subscription is cancelled" classname="subscription\my-subscription.spec.js" time="32.336">
<failure message="my-subscription.spec.js:128:3 should display cancellation warning if subscription is cancelled" type="FAILURE">
<![CDATA[  [chromium] › subscription\my-subscription.spec.js:128:3 › My Subscription - Merchant View › should display cancellation warning if subscription is cancelled 

    Test timeout of 30000ms exceeded while running "beforeEach" hook.

      26 |
      27 | test.describe('My Subscription - Merchant View', () => {
    > 28 |   test.beforeEach(async ({ page }) => {
         |        ^
      29 |     await loginAsMerchant(page);
      30 |     await page.goto('/my-subscription');
      31 |   });
        at C:\Users\ricka\Downloads\performile-platform-main\performile-platform-main\e2e-tests\tests\subscription\my-subscription.spec.js:28:8

    Error: page.waitForURL: Test timeout of 30000ms exceeded.
    =========================== logs ===========================
    waiting for navigation to "**/dashboard" until "load"
    ============================================================

      13 |   await page.fill('input[name="password"]', 'TestPassword123!');
      14 |   await page.click('button[type="submit"]');
    > 15 |   await page.waitForURL('**/dashboard');
         |              ^
      16 | }
      17 |
      18 | // Helper function to login as courier
        at loginAsMerchant (C:\Users\ricka\Downloads\performile-platform-main\performile-platform-main\e2e-tests\tests\subscription\my-subscription.spec.js:15:14)
        at C:\Users\ricka\Downloads\performile-platform-main\performile-platform-main\e2e-tests\tests\subscription\my-subscription.spec.js:29:5

    attachment #1: screenshot (image/png) ──────────────────────────────────────────────────────────
    ..\test-results\subscription-my-subscripti-32f77-f-subscription-is-cancelled-chromium\test-failed-1.png
    ────────────────────────────────────────────────────────────────────────────────────────────────

    attachment #2: video (video/webm) ──────────────────────────────────────────────────────────────
    ..\test-results\subscription-my-subscripti-32f77-f-subscription-is-cancelled-chromium\video.webm
    ────────────────────────────────────────────────────────────────────────────────────────────────

    Error Context: ..\test-results\subscription-my-subscripti-32f77-f-subscription-is-cancelled-chromium\error-context.md
]]>
</failure>
<system-out>
<![CDATA[
[[ATTACHMENT|test-results\subscription-my-subscripti-32f77-f-subscription-is-cancelled-chromium\test-failed-1.png]]

[[ATTACHMENT|test-results\subscription-my-subscripti-32f77-f-subscription-is-cancelled-chromium\video.webm]]

[[ATTACHMENT|test-results\subscription-my-subscripti-32f77-f-subscription-is-cancelled-chromium\error-context.md]]
]]>
</system-out>
</testcase>
<testcase name="My Subscription - Courier View › should display courier-specific limits" classname="subscription\my-subscription.spec.js" time="32.348">
<failure message="my-subscription.spec.js:146:3 should display courier-specific limits" type="FAILURE">
<![CDATA[  [chromium] › subscription\my-subscription.spec.js:146:3 › My Subscription - Courier View › should display courier-specific limits 

    Test timeout of 30000ms exceeded while running "beforeEach" hook.

      139 |
      140 | test.describe('My Subscription - Courier View', () => {
    > 141 |   test.beforeEach(async ({ page }) => {
          |        ^
      142 |     await loginAsCourier(page);
      143 |     await page.goto('/my-subscription');
      144 |   });
        at C:\Users\ricka\Downloads\performile-platform-main\performile-platform-main\e2e-tests\tests\subscription\my-subscription.spec.js:141:8

    Error: page.waitForURL: Test timeout of 30000ms exceeded.
    =========================== logs ===========================
    waiting for navigation to "**/dashboard" until "load"
    ============================================================

      22 |   await page.fill('input[name="password"]', 'TestPassword123!');
      23 |   await page.click('button[type="submit"]');
    > 24 |   await page.waitForURL('**/dashboard');
         |              ^
      25 | }
      26 |
      27 | test.describe('My Subscription - Merchant View', () => {
        at loginAsCourier (C:\Users\ricka\Downloads\performile-platform-main\performile-platform-main\e2e-tests\tests\subscription\my-subscription.spec.js:24:14)
        at C:\Users\ricka\Downloads\performile-platform-main\performile-platform-main\e2e-tests\tests\subscription\my-subscription.spec.js:142:5

    attachment #1: screenshot (image/png) ──────────────────────────────────────────────────────────
    ..\test-results\subscription-my-subscripti-b40a6-lay-courier-specific-limits-chromium\test-failed-1.png
    ────────────────────────────────────────────────────────────────────────────────────────────────

    attachment #2: video (video/webm) ──────────────────────────────────────────────────────────────
    ..\test-results\subscription-my-subscripti-b40a6-lay-courier-specific-limits-chromium\video.webm
    ────────────────────────────────────────────────────────────────────────────────────────────────

    Error Context: ..\test-results\subscription-my-subscripti-b40a6-lay-courier-specific-limits-chromium\error-context.md
]]>
</failure>
<system-out>
<![CDATA[
[[ATTACHMENT|test-results\subscription-my-subscripti-b40a6-lay-courier-specific-limits-chromium\test-failed-1.png]]

[[ATTACHMENT|test-results\subscription-my-subscripti-b40a6-lay-courier-specific-limits-chromium\video.webm]]

[[ATTACHMENT|test-results\subscription-my-subscripti-b40a6-lay-courier-specific-limits-chromium\error-context.md]]
]]>
</system-out>
</testcase>
<testcase name="My Subscription - Courier View › should show courier user type chip" classname="subscription\my-subscription.spec.js" time="32.182">
<failure message="my-subscription.spec.js:153:3 should show courier user type chip" type="FAILURE">
<![CDATA[  [chromium] › subscription\my-subscription.spec.js:153:3 › My Subscription - Courier View › should show courier user type chip 

    Test timeout of 30000ms exceeded while running "beforeEach" hook.

      139 |
      140 | test.describe('My Subscription - Courier View', () => {
    > 141 |   test.beforeEach(async ({ page }) => {
          |        ^
      142 |     await loginAsCourier(page);
      143 |     await page.goto('/my-subscription');
      144 |   });
        at C:\Users\ricka\Downloads\performile-platform-main\performile-platform-main\e2e-tests\tests\subscription\my-subscription.spec.js:141:8

    Error: page.waitForURL: Test timeout of 30000ms exceeded.
    =========================== logs ===========================
    waiting for navigation to "**/dashboard" until "load"
    ============================================================

      22 |   await page.fill('input[name="password"]', 'TestPassword123!');
      23 |   await page.click('button[type="submit"]');
    > 24 |   await page.waitForURL('**/dashboard');
         |              ^
      25 | }
      26 |
      27 | test.describe('My Subscription - Merchant View', () => {
        at loginAsCourier (C:\Users\ricka\Downloads\performile-platform-main\performile-platform-main\e2e-tests\tests\subscription\my-subscription.spec.js:24:14)
        at C:\Users\ricka\Downloads\performile-platform-main\performile-platform-main\e2e-tests\tests\subscription\my-subscription.spec.js:142:5

    attachment #1: screenshot (image/png) ──────────────────────────────────────────────────────────
    ..\test-results\subscription-my-subscripti-3829c-show-courier-user-type-chip-chromium\test-failed-1.png
    ────────────────────────────────────────────────────────────────────────────────────────────────

    attachment #2: video (video/webm) ──────────────────────────────────────────────────────────────
    ..\test-results\subscription-my-subscripti-3829c-show-courier-user-type-chip-chromium\video.webm
    ────────────────────────────────────────────────────────────────────────────────────────────────

    Error Context: ..\test-results\subscription-my-subscripti-3829c-show-courier-user-type-chip-chromium\error-context.md
]]>
</failure>
<system-out>
<![CDATA[
[[ATTACHMENT|test-results\subscription-my-subscripti-3829c-show-courier-user-type-chip-chromium\test-failed-1.png]]

[[ATTACHMENT|test-results\subscription-my-subscripti-3829c-show-courier-user-type-chip-chromium\video.webm]]

[[ATTACHMENT|test-results\subscription-my-subscripti-3829c-show-courier-user-type-chip-chromium\error-context.md]]
]]>
</system-out>
</testcase>
<testcase name="My Subscription - Error Handling › should show error message if no subscription found" classname="subscription\my-subscription.spec.js" time="4.61">
<failure message="my-subscription.spec.js:160:3 should show error message if no subscription found" type="FAILURE">
<![CDATA[  [chromium] › subscription\my-subscription.spec.js:160:3 › My Subscription - Error Handling › should show error message if no subscription found 

    Error: expect(received).toBeTruthy()

    Received: false

      184 |     const hasButton = await viewPlansButton.count() > 0;
      185 |     
    > 186 |     expect(hasError || hasButton).toBeTruthy();
          |                                   ^
      187 |   });
      188 |
      189 |   test('should show loading state while fetching data', async ({ page }) => {
        at C:\Users\ricka\Downloads\performile-platform-main\performile-platform-main\e2e-tests\tests\subscription\my-subscription.spec.js:186:35

    attachment #1: screenshot (image/png) ──────────────────────────────────────────────────────────
    ..\test-results\subscription-my-subscripti-cd9fb-ge-if-no-subscription-found-chromium\test-failed-1.png
    ────────────────────────────────────────────────────────────────────────────────────────────────

    attachment #2: video (video/webm) ──────────────────────────────────────────────────────────────
    ..\test-results\subscription-my-subscripti-cd9fb-ge-if-no-subscription-found-chromium\video.webm
    ────────────────────────────────────────────────────────────────────────────────────────────────

    Error Context: ..\test-results\subscription-my-subscripti-cd9fb-ge-if-no-subscription-found-chromium\error-context.md
]]>
</failure>
<system-out>
<![CDATA[
[[ATTACHMENT|test-results\subscription-my-subscripti-cd9fb-ge-if-no-subscription-found-chromium\test-failed-1.png]]

[[ATTACHMENT|test-results\subscription-my-subscripti-cd9fb-ge-if-no-subscription-found-chromium\video.webm]]

[[ATTACHMENT|test-results\subscription-my-subscripti-cd9fb-ge-if-no-subscription-found-chromium\error-context.md]]
]]>
</system-out>
</testcase>
<testcase name="My Subscription - Error Handling › should show loading state while fetching data" classname="subscription\my-subscription.spec.js" time="32.22">
<failure message="my-subscription.spec.js:189:3 should show loading state while fetching data" type="FAILURE">
<![CDATA[  [chromium] › subscription\my-subscription.spec.js:189:3 › My Subscription - Error Handling › should show loading state while fetching data 

    Test timeout of 30000ms exceeded.

    Error: page.waitForURL: Test timeout of 30000ms exceeded.
    =========================== logs ===========================
    waiting for navigation to "**/dashboard" until "load"
    ============================================================

      13 |   await page.fill('input[name="password"]', 'TestPassword123!');
      14 |   await page.click('button[type="submit"]');
    > 15 |   await page.waitForURL('**/dashboard');
         |              ^
      16 | }
      17 |
      18 | // Helper function to login as courier
        at loginAsMerchant (C:\Users\ricka\Downloads\performile-platform-main\performile-platform-main\e2e-tests\tests\subscription\my-subscription.spec.js:15:14)
        at C:\Users\ricka\Downloads\performile-platform-main\performile-platform-main\e2e-tests\tests\subscription\my-subscription.spec.js:190:5

    attachment #1: screenshot (image/png) ──────────────────────────────────────────────────────────
    ..\test-results\subscription-my-subscripti-c6e84-g-state-while-fetching-data-chromium\test-failed-1.png
    ────────────────────────────────────────────────────────────────────────────────────────────────

    attachment #2: video (video/webm) ──────────────────────────────────────────────────────────────
    ..\test-results\subscription-my-subscripti-c6e84-g-state-while-fetching-data-chromium\video.webm
    ────────────────────────────────────────────────────────────────────────────────────────────────

    Error Context: ..\test-results\subscription-my-subscripti-c6e84-g-state-while-fetching-data-chromium\error-context.md
]]>
</failure>
<system-out>
<![CDATA[
[[ATTACHMENT|test-results\subscription-my-subscripti-c6e84-g-state-while-fetching-data-chromium\test-failed-1.png]]

[[ATTACHMENT|test-results\subscription-my-subscripti-c6e84-g-state-while-fetching-data-chromium\video.webm]]

[[ATTACHMENT|test-results\subscription-my-subscripti-c6e84-g-state-while-fetching-data-chromium\error-context.md]]
]]>
</system-out>
</testcase>
<testcase name="My Subscription - Access Control › should redirect to login if not authenticated" classname="subscription\my-subscription.spec.js" time="3.256">
</testcase>
<testcase name="My Subscription - Access Control › should not be accessible to consumers" classname="subscription\my-subscription.spec.js" time="3.665">
<failure message="my-subscription.spec.js:217:3 should not be accessible to consumers" type="FAILURE">
<![CDATA[  [chromium] › subscription\my-subscription.spec.js:217:3 › My Subscription - Access Control › should not be accessible to consumers 

    Error: expect(received).toBeFalsy()

    Received: true

      227 |     // Should redirect or show error
      228 |     const currentUrl = page.url();
    > 229 |     expect(currentUrl.includes('my-subscription')).toBeFalsy();
          |                                                    ^
      230 |   });
      231 | });
      232 |
        at C:\Users\ricka\Downloads\performile-platform-main\performile-platform-main\e2e-tests\tests\subscription\my-subscription.spec.js:229:52

    attachment #1: screenshot (image/png) ──────────────────────────────────────────────────────────
    ..\test-results\subscription-my-subscripti-f6196--be-accessible-to-consumers-chromium\test-failed-1.png
    ────────────────────────────────────────────────────────────────────────────────────────────────

    attachment #2: video (video/webm) ──────────────────────────────────────────────────────────────
    ..\test-results\subscription-my-subscripti-f6196--be-accessible-to-consumers-chromium\video.webm
    ────────────────────────────────────────────────────────────────────────────────────────────────

    Error Context: ..\test-results\subscription-my-subscripti-f6196--be-accessible-to-consumers-chromium\error-context.md
]]>
</failure>
<system-out>
<![CDATA[
[[ATTACHMENT|test-results\subscription-my-subscripti-f6196--be-accessible-to-consumers-chromium\test-failed-1.png]]

[[ATTACHMENT|test-results\subscription-my-subscripti-f6196--be-accessible-to-consumers-chromium\video.webm]]

[[ATTACHMENT|test-results\subscription-my-subscripti-f6196--be-accessible-to-consumers-chromium\error-context.md]]
]]>
</system-out>
</testcase>
<testcase name="My Subscription - Responsive Design › should be responsive on mobile" classname="subscription\my-subscription.spec.js" time="32.312">
<failure message="my-subscription.spec.js:234:3 should be responsive on mobile" type="FAILURE">
<![CDATA[  [chromium] › subscription\my-subscription.spec.js:234:3 › My Subscription - Responsive Design › should be responsive on mobile 

    Test timeout of 30000ms exceeded.

    Error: page.waitForURL: Test timeout of 30000ms exceeded.
    =========================== logs ===========================
    waiting for navigation to "**/dashboard" until "load"
    ============================================================

      13 |   await page.fill('input[name="password"]', 'TestPassword123!');
      14 |   await page.click('button[type="submit"]');
    > 15 |   await page.waitForURL('**/dashboard');
         |              ^
      16 | }
      17 |
      18 | // Helper function to login as courier
        at loginAsMerchant (C:\Users\ricka\Downloads\performile-platform-main\performile-platform-main\e2e-tests\tests\subscription\my-subscription.spec.js:15:14)
        at C:\Users\ricka\Downloads\performile-platform-main\performile-platform-main\e2e-tests\tests\subscription\my-subscription.spec.js:235:5

    attachment #1: screenshot (image/png) ──────────────────────────────────────────────────────────
    ..\test-results\subscription-my-subscripti-7c04b-uld-be-responsive-on-mobile-chromium\test-failed-1.png
    ────────────────────────────────────────────────────────────────────────────────────────────────

    attachment #2: video (video/webm) ──────────────────────────────────────────────────────────────
    ..\test-results\subscription-my-subscripti-7c04b-uld-be-responsive-on-mobile-chromium\video.webm
    ────────────────────────────────────────────────────────────────────────────────────────────────

    Error Context: ..\test-results\subscription-my-subscripti-7c04b-uld-be-responsive-on-mobile-chromium\error-context.md
]]>
</failure>
<system-out>
<![CDATA[
[[ATTACHMENT|test-results\subscription-my-subscripti-7c04b-uld-be-responsive-on-mobile-chromium\test-failed-1.png]]

[[ATTACHMENT|test-results\subscription-my-subscripti-7c04b-uld-be-responsive-on-mobile-chromium\video.webm]]

[[ATTACHMENT|test-results\subscription-my-subscripti-7c04b-uld-be-responsive-on-mobile-chromium\error-context.md]]
]]>
</system-out>
</testcase>
<testcase name="My Subscription - Responsive Design › should be responsive on tablet" classname="subscription\my-subscription.spec.js" time="32.275">
<failure message="my-subscription.spec.js:246:3 should be responsive on tablet" type="FAILURE">
<![CDATA[  [chromium] › subscription\my-subscription.spec.js:246:3 › My Subscription - Responsive Design › should be responsive on tablet 

    Test timeout of 30000ms exceeded.

    Error: page.waitForURL: Test timeout of 30000ms exceeded.
    =========================== logs ===========================
    waiting for navigation to "**/dashboard" until "load"
    ============================================================

      13 |   await page.fill('input[name="password"]', 'TestPassword123!');
      14 |   await page.click('button[type="submit"]');
    > 15 |   await page.waitForURL('**/dashboard');
         |              ^
      16 | }
      17 |
      18 | // Helper function to login as courier
        at loginAsMerchant (C:\Users\ricka\Downloads\performile-platform-main\performile-platform-main\e2e-tests\tests\subscription\my-subscription.spec.js:15:14)
        at C:\Users\ricka\Downloads\performile-platform-main\performile-platform-main\e2e-tests\tests\subscription\my-subscription.spec.js:247:5

    attachment #1: screenshot (image/png) ──────────────────────────────────────────────────────────
    ..\test-results\subscription-my-subscripti-aaf8b-uld-be-responsive-on-tablet-chromium\test-failed-1.png
    ────────────────────────────────────────────────────────────────────────────────────────────────

    attachment #2: video (video/webm) ──────────────────────────────────────────────────────────────
    ..\test-results\subscription-my-subscripti-aaf8b-uld-be-responsive-on-tablet-chromium\video.webm
    ────────────────────────────────────────────────────────────────────────────────────────────────

    Error Context: ..\test-results\subscription-my-subscripti-aaf8b-uld-be-responsive-on-tablet-chromium\error-context.md
]]>
</failure>
<system-out>
<![CDATA[
[[ATTACHMENT|test-results\subscription-my-subscripti-aaf8b-uld-be-responsive-on-tablet-chromium\test-failed-1.png]]

[[ATTACHMENT|test-results\subscription-my-subscripti-aaf8b-uld-be-responsive-on-tablet-chromium\video.webm]]

[[ATTACHMENT|test-results\subscription-my-subscripti-aaf8b-uld-be-responsive-on-tablet-chromium\error-context.md]]
]]>
</system-out>
</testcase>
</testsuite>
</testsuites>