<testsuites id="" name="" tests="16" failures="0" skipped="0" errors="0" time="87.238226">
<testsuite name="all-users-comprehensive.spec.js" timestamp="2025-10-17T09:10:10.694Z" hostname="chromium" tests="16" failures="0" skipped="0" time="84.77" errors="0">
<testcase name="COMPREHENSIVE E2E TESTS - ALL USERS › 1. Authentication Tests › 1.1 - Admin Login" classname="all-users-comprehensive.spec.js" time="7.255">
<system-out>
<![CDATA[
🧪 Test 1.1: Admin Login
✅ Admin login successful

================================================================================

=== Console Summary ===
Total logs: 16
Errors: 0
Warnings: 3

=== Network Summary ===
Total requests: 18
API requests: 3
Failed requests: 0

=== API Calls Summary ===
Total API calls: 1
Failed calls: 0
Slow calls (>1s): 1
Average response time: 1442.00ms

=== Calls by Endpoint ===
/api/auth: 1 calls

=== Slow API Calls (>1s) ===
[1442ms] POST /api/auth
================================================================================


API logs exported to: api-logs/1.1---Admin-Login.json
]]>
</system-out>
</testcase>
<testcase name="COMPREHENSIVE E2E TESTS - ALL USERS › 1. Authentication Tests › 1.2 - Merchant Login" classname="all-users-comprehensive.spec.js" time="4.053">
<system-out>
<![CDATA[
🧪 Test 1.2: Merchant Login
✅ Merchant login successful

================================================================================

=== Console Summary ===
Total logs: 16
Errors: 0
Warnings: 3

=== Network Summary ===
Total requests: 18
API requests: 3
Failed requests: 0

=== API Calls Summary ===
Total API calls: 2
Failed calls: 0
Slow calls (>1s): 0
Average response time: 376.00ms

=== Calls by Endpoint ===
/api/auth: 1 calls
/api/notifications: 1 calls
================================================================================


API logs exported to: api-logs/1.2---Merchant-Login.json
]]>
</system-out>
</testcase>
<testcase name="COMPREHENSIVE E2E TESTS - ALL USERS › 1. Authentication Tests › 1.3 - Courier Login" classname="all-users-comprehensive.spec.js" time="3.686">
<system-out>
<![CDATA[
🧪 Test 1.3: Courier Login
✅ Courier login successful

================================================================================

=== Console Summary ===
Total logs: 16
Errors: 0
Warnings: 3

=== Network Summary ===
Total requests: 18
API requests: 3
Failed requests: 0

=== API Calls Summary ===
Total API calls: 2
Failed calls: 0
Slow calls (>1s): 0
Average response time: 294.50ms

=== Calls by Endpoint ===
/api/auth: 1 calls
/api/notifications: 1 calls
================================================================================


API logs exported to: api-logs/1.3---Courier-Login.json
]]>
</system-out>
</testcase>
<testcase name="COMPREHENSIVE E2E TESTS - ALL USERS › 1. Authentication Tests › 1.4 - Consumer Login" classname="all-users-comprehensive.spec.js" time="3.422">
<system-out>
<![CDATA[
🧪 Test 1.4: Consumer Login
✅ Consumer login successful

================================================================================

=== Console Summary ===
Total logs: 16
Errors: 0
Warnings: 3

=== Network Summary ===
Total requests: 18
API requests: 3
Failed requests: 0

=== API Calls Summary ===
Total API calls: 1
Failed calls: 0
Slow calls (>1s): 0
Average response time: 419.00ms

=== Calls by Endpoint ===
/api/auth: 1 calls
================================================================================


API logs exported to: api-logs/1.4---Consumer-Login.json
]]>
</system-out>
</testcase>
<testcase name="COMPREHENSIVE E2E TESTS - ALL USERS › 1. Authentication Tests › 1.5 - Invalid Credentials" classname="all-users-comprehensive.spec.js" time="5.654">
<system-out>
<![CDATA[
🧪 Test 1.5: Invalid Credentials
✅ Invalid credentials handled correctly

================================================================================

=== Console Summary ===
Total logs: 10
Errors: 3
Warnings: 2

=== Console Errors ===
[2025-10-17T09:10:33.064Z] Failed to load resource: the server responded with a status of 401 (Unauthorized)
[2025-10-17T09:10:33.067Z] Login error details: {message: Request failed with status code 401, response: Object, status: 401, url: https://performile-platform-main.vercel.app/api/auth}
[2025-10-17T09:10:33.069Z] Login error: Error: Invalid credentials
    at jxe.login (https://performile-platform-main.vercel.app/assets/js/index-B7YYf5Hu.js:484:6950)
    at async login (https://performile-platform-main.vercel.app/assets/js/index-B7YYf5Hu.js:487:92912)
    at async S (https://performile-platform-main.vercel.app/assets/js/index-B7YYf5Hu.js:497:18903)
    at async https://performile-platform-main.vercel.app/assets/js/index-B7YYf5Hu.js:494:52580

=== Network Summary ===
Total requests: 15
API requests: 1
Failed requests: 1

=== Failed Requests ===
[401] POST https://performile-platform-main.vercel.app/api/auth

=== API Calls Summary ===
Total API calls: 1
Failed calls: 1
Slow calls (>1s): 0
Average response time: 301.00ms

=== Calls by Endpoint ===
/api/auth: 1 calls

=== Failed API Calls ===
[401] POST /api/auth
  Error: Invalid credentials
================================================================================


API logs exported to: api-logs/1.5---Invalid-Credentials.json
]]>
</system-out>
</testcase>
<testcase name="COMPREHENSIVE E2E TESTS - ALL USERS › 2. Admin Dashboard Tests › 2.1 - Admin Dashboard Loads" classname="all-users-comprehensive.spec.js" time="5.706">
<system-out>
<![CDATA[
🧪 Test 2.1: Admin Dashboard
Console errors: 0
Failed API calls: 0
✅ Admin dashboard loaded

================================================================================

=== Console Summary ===
Total logs: 18
Errors: 0
Warnings: 2

=== Network Summary ===
Total requests: 14
API requests: 6
Failed requests: 0

=== API Calls Summary ===
Total API calls: 3
Failed calls: 0
Slow calls (>1s): 2
Average response time: 1184.33ms

=== Calls by Endpoint ===
/api/auth: 1 calls
/api/notifications: 1 calls
/api/trustscore/dashboard: 1 calls

=== Slow API Calls (>1s) ===
[1100ms] POST /api/auth
[1540ms] GET /api/trustscore/dashboard
================================================================================


API logs exported to: api-logs/2.1---Admin-Dashboard-Loads.json
]]>
</system-out>
</testcase>
<testcase name="COMPREHENSIVE E2E TESTS - ALL USERS › 2. Admin Dashboard Tests › 2.2 - Admin Can View Users" classname="all-users-comprehensive.spec.js" time="6.766">
<system-out>
<![CDATA[
🧪 Test 2.2: Admin View Users
Users section visible: true
✅ Users section checked

================================================================================

=== Console Summary ===
Total logs: 18
Errors: 0
Warnings: 2

=== Network Summary ===
Total requests: 14
API requests: 6
Failed requests: 0

=== API Calls Summary ===
Total API calls: 6
Failed calls: 0
Slow calls (>1s): 1
Average response time: 702.50ms

=== Calls by Endpoint ===
/api/auth: 1 calls
/api/trustscore/dashboard: 1 calls
/api/notifications: 1 calls
/api/dashboard/trends: 1 calls
/api/dashboard/recent-activity: 1 calls
/api/tracking/summary: 1 calls

=== Slow API Calls (>1s) ===
[1304ms] POST /api/auth
================================================================================


API logs exported to: api-logs/2.2---Admin-Can-View-Users.json
]]>
</system-out>
</testcase>
<testcase name="COMPREHENSIVE E2E TESTS - ALL USERS › 3. Merchant Dashboard Tests - BUG DETECTION › 3.1 - Merchant Dashboard Bug Investigation" classname="all-users-comprehensive.spec.js" time="5.585">
<system-out>
<![CDATA[
🔍 Test 3.1: MERCHANT DASHBOARD BUG INVESTIGATION
Page title: Performile - Logistics Performance Platform
Current URL: https://performile-platform-main.vercel.app/#/dashboard
Headings: []

⚠️ CONSOLE ERRORS: 0

⚠️ FAILED API CALLS: 0

📊 TOTAL API CALLS: 3
  POST /api/auth - 200 (1090ms)
  GET /api/notifications - 200 (856ms)
  GET /api/trustscore/dashboard - 200 (1385ms)

✅ Merchant dashboard investigation complete - CHECK LOGS

================================================================================

=== Console Summary ===
Total logs: 16
Errors: 0
Warnings: 2

=== Network Summary ===
Total requests: 12
API requests: 4
Failed requests: 0

=== API Calls Summary ===
Total API calls: 3
Failed calls: 0
Slow calls (>1s): 2
Average response time: 1110.33ms

=== Calls by Endpoint ===
/api/auth: 1 calls
/api/notifications: 1 calls
/api/trustscore/dashboard: 1 calls

=== Slow API Calls (>1s) ===
[1090ms] POST /api/auth
[1385ms] GET /api/trustscore/dashboard
================================================================================


API logs exported to: api-logs/3.1---Merchant-Dashboard-Bug-Investigation.json
]]>
</system-out>
</testcase>
<testcase name="COMPREHENSIVE E2E TESTS - ALL USERS › 3. Merchant Dashboard Tests - BUG DETECTION › 3.2 - Merchant Orders Section" classname="all-users-comprehensive.spec.js" time="8.348">
<system-out>
<![CDATA[
🧪 Test 3.2: Merchant Orders
Orders section visible: true
✅ Orders section checked

================================================================================

=== Console Summary ===
Total logs: 19
Errors: 0
Warnings: 2

=== Network Summary ===
Total requests: 15
API requests: 7
Failed requests: 0

=== API Calls Summary ===
Total API calls: 4
Failed calls: 0
Slow calls (>1s): 3
Average response time: 1155.25ms

=== Calls by Endpoint ===
/api/auth: 1 calls
/api/notifications: 1 calls
/api/trustscore/dashboard: 1 calls
/api/tracking/summary: 1 calls

=== Slow API Calls (>1s) ===
[1067ms] POST /api/auth
[1353ms] GET /api/trustscore/dashboard
[1345ms] GET /api/tracking/summary
================================================================================


API logs exported to: api-logs/3.2---Merchant-Orders-Section.json
]]>
</system-out>
</testcase>
<testcase name="COMPREHENSIVE E2E TESTS - ALL USERS › 3. Merchant Dashboard Tests - BUG DETECTION › 3.3 - Merchant Dashboard Performance" classname="all-users-comprehensive.spec.js" time="5.559">
<system-out>
<![CDATA[
🧪 Test 3.3: Merchant Performance
Average API response: 1128.67ms
Slow calls (>1s): 2
  ⚠️ POST /api/auth - 1110ms
  ⚠️ GET /api/trustscore/dashboard - 1334ms
✅ Performance check complete

================================================================================

=== Console Summary ===
Total logs: 16
Errors: 0
Warnings: 2

=== Network Summary ===
Total requests: 12
API requests: 4
Failed requests: 0

=== API Calls Summary ===
Total API calls: 3
Failed calls: 0
Slow calls (>1s): 2
Average response time: 1128.67ms

=== Calls by Endpoint ===
/api/auth: 1 calls
/api/notifications: 1 calls
/api/trustscore/dashboard: 1 calls

=== Slow API Calls (>1s) ===
[1110ms] POST /api/auth
[1334ms] GET /api/trustscore/dashboard
================================================================================


API logs exported to: api-logs/3.3---Merchant-Dashboard-Performance.json
]]>
</system-out>
</testcase>
<testcase name="COMPREHENSIVE E2E TESTS - ALL USERS › 4. Courier Dashboard Tests › 4.1 - Courier Dashboard Loads" classname="all-users-comprehensive.spec.js" time="4.852">
<system-out>
<![CDATA[
🧪 Test 4.1: Courier Dashboard
Console errors: 0
Failed API calls: 0
✅ Courier dashboard loaded

================================================================================

=== Console Summary ===
Total logs: 15
Errors: 0
Warnings: 2

=== Network Summary ===
Total requests: 11
API requests: 3
Failed requests: 0

=== API Calls Summary ===
Total API calls: 3
Failed calls: 0
Slow calls (>1s): 0
Average response time: 441.00ms

=== Calls by Endpoint ===
/api/auth: 1 calls
/api/notifications: 1 calls
/api/trustscore/dashboard: 1 calls
================================================================================


API logs exported to: api-logs/4.1---Courier-Dashboard-Loads.json
]]>
</system-out>
</testcase>
<testcase name="COMPREHENSIVE E2E TESTS - ALL USERS › 4. Courier Dashboard Tests › 4.2 - Courier Deliveries Section" classname="all-users-comprehensive.spec.js" time="4.541">
<system-out>
<![CDATA[
🧪 Test 4.2: Courier Deliveries
Deliveries section visible: false
✅ Deliveries section checked

================================================================================

=== Console Summary ===
Total logs: 15
Errors: 0
Warnings: 2

=== Network Summary ===
Total requests: 11
API requests: 3
Failed requests: 0

=== API Calls Summary ===
Total API calls: 3
Failed calls: 0
Slow calls (>1s): 0
Average response time: 465.00ms

=== Calls by Endpoint ===
/api/auth: 1 calls
/api/notifications: 1 calls
/api/trustscore/dashboard: 1 calls
================================================================================


API logs exported to: api-logs/4.2---Courier-Deliveries-Section.json
]]>
</system-out>
</testcase>
<testcase name="COMPREHENSIVE E2E TESTS - ALL USERS › 5. Consumer Tests › 5.1 - Consumer Page Loads" classname="all-users-comprehensive.spec.js" time="4.196">
<system-out>
<![CDATA[
🧪 Test 5.1: Consumer Page
Console errors: 0
Failed API calls: 0
✅ Consumer page loaded

================================================================================

=== Console Summary ===
Total logs: 15
Errors: 0
Warnings: 2

=== Network Summary ===
Total requests: 11
API requests: 3
Failed requests: 0

=== API Calls Summary ===
Total API calls: 3
Failed calls: 0
Slow calls (>1s): 0
Average response time: 445.00ms

=== Calls by Endpoint ===
/api/auth: 1 calls
/api/notifications: 1 calls
/api/trustscore/dashboard: 1 calls
================================================================================


API logs exported to: api-logs/5.1---Consumer-Page-Loads.json
]]>
</system-out>
</testcase>
<testcase name="COMPREHENSIVE E2E TESTS - ALL USERS › 5. Consumer Tests › 5.2 - Consumer Tracking Available" classname="all-users-comprehensive.spec.js" time="4.27">
<system-out>
<![CDATA[
🧪 Test 5.2: Consumer Tracking
Tracking section visible: true
✅ Tracking section checked

================================================================================

=== Console Summary ===
Total logs: 15
Errors: 0
Warnings: 2

=== Network Summary ===
Total requests: 11
API requests: 3
Failed requests: 0

=== API Calls Summary ===
Total API calls: 3
Failed calls: 0
Slow calls (>1s): 0
Average response time: 468.33ms

=== Calls by Endpoint ===
/api/auth: 1 calls
/api/notifications: 1 calls
/api/trustscore/dashboard: 1 calls
================================================================================


API logs exported to: api-logs/5.2---Consumer-Tracking-Available.json
]]>
</system-out>
</testcase>
<testcase name="COMPREHENSIVE E2E TESTS - ALL USERS › 6. Cross-Cutting Tests › 6.1 - Logout Functionality" classname="all-users-comprehensive.spec.js" time="5.418">
<system-out>
<![CDATA[
🧪 Test 6.1: Logout
Logout button not found in expected locations
Token after logout: Cleared
✅ Logout test complete

================================================================================

=== Console Summary ===
Total logs: 18
Errors: 0
Warnings: 2

=== Network Summary ===
Total requests: 14
API requests: 6
Failed requests: 0

=== API Calls Summary ===
Total API calls: 4
Failed calls: 0
Slow calls (>1s): 1
Average response time: 663.00ms

=== Calls by Endpoint ===
/api/auth: 1 calls
/api/notifications: 1 calls
/api/trustscore/dashboard: 1 calls
/api/dashboard/trends: 1 calls

=== Slow API Calls (>1s) ===
[1008ms] GET /api/dashboard/trends
================================================================================


API logs exported to: api-logs/6.1---Logout-Functionality.json
]]>
</system-out>
</testcase>
<testcase name="COMPREHENSIVE E2E TESTS - ALL USERS › 6. Cross-Cutting Tests › 6.2 - API Performance Overall" classname="all-users-comprehensive.spec.js" time="5.459">
<system-out>
<![CDATA[
🧪 Test 6.2: Overall API Performance
Average API response: 1105.33ms
Slow calls (>1s): 2
Failed calls: 0
✅ Performance analysis complete

================================================================================

=== Console Summary ===
Total logs: 18
Errors: 0
Warnings: 2

=== Network Summary ===
Total requests: 14
API requests: 6
Failed requests: 0

=== API Calls Summary ===
Total API calls: 3
Failed calls: 0
Slow calls (>1s): 2
Average response time: 1105.33ms

=== Calls by Endpoint ===
/api/auth: 1 calls
/api/notifications: 1 calls
/api/trustscore/dashboard: 1 calls

=== Slow API Calls (>1s) ===
[1107ms] POST /api/auth
[1344ms] GET /api/trustscore/dashboard
================================================================================


API logs exported to: api-logs/6.2---API-Performance-Overall.json
]]>
</system-out>
</testcase>
</testsuite>
</testsuites>